#
# A fatal error has been detected by the Java Runtime Environment:
#
#  EXCEPTION_ACCESS_VIOLATION (0xc0000005) at pc=0x00007ffaada16407, pid=10596, tid=12548
#
# JRE version: OpenJDK Runtime Environment (17.0.2+8) (build 17.0.2+8-86)
# Java VM: OpenJDK 64-Bit Server VM (17.0.2+8-86, mixed mode, sharing, tiered, compressed oops, compressed class ptrs, g1 gc, windows-amd64)
# Problematic frame:
# C  [glass.dll+0x26407]
#
# No core dump will be written. Minidumps are not enabled by default on client versions of Windows
#
# If you would like to submit a bug report, please visit:
#   https://bugreport.java.com/bugreport/crash.jsp
#

---------------  S U M M A R Y ------------

Command Line: -javaagent:C:\Program Files\JetBrains\IntelliJ IDEA Community Edition 2021.3.2\lib\idea_rt.jar=56931:C:\Program Files\JetBrains\IntelliJ IDEA Community Edition 2021.3.2\bin -Dfile.encoding=UTF-8 --module-path=C:\Users\artem\.m2\repository\org\openjfx\javafx-fxml\19.0.2.1\javafx-fxml-19.0.2.1-win.jar;C:\Users\artem\IdeaProjects\LibraryProject\target\classes;C:\Users\artem\.m2\repository\org\openjfx\javafx-graphics\19.0.2.1\javafx-graphics-19.0.2.1-win.jar;C:\Users\artem\.m2\repository\org\openjfx\javafx-base\19.0.2.1\javafx-base-19.0.2.1-win.jar;C:\Users\artem\.m2\repository\org\openjfx\javafx-controls\19.0.2.1\javafx-controls-19.0.2.1-win.jar -Djdk.module.main=com.example.libraryproject com.example.libraryproject/com.example.libraryproject.HelloApplication

Host: AMD Ryzen 5 3500U with Radeon Vega Mobile Gfx  , 8 cores, 5G,  Windows 10 , 64 bit Build 19041 (10.0.19041.1889)
Time: Tue Dec 12 01:45:35 2023 RTZ 2 (s 10 , 64 bit Build 19041 (10.0.19041.1889) elapsed time: 122.925016 seconds (0d 0h 2m 2s)

---------------  T H R E A D  ---------------

Current thread (0x000001218ddbdc20):  VMThread "VM Thread" [stack: 0x00000004b8400000,0x00000004b8500000] [id=12548]

Stack: [0x00000004b8400000,0x00000004b8500000],  sp=0x00000004b84ff290,  free space=1020k
Native frames: (J=compiled Java code, j=interpreted, Vv=VM code, C=native code)
C  [glass.dll+0x26407]


siginfo: EXCEPTION_ACCESS_VIOLATION (0xc0000005), reading address 0x0000000000000000


Register to memory mapping:

RIP=0x00007ffaada16407 glass.dll
RAX=0x0 is NULL
RBX=0x00000121aaab2d20 is a global jni handle
RCX=0x000001218ddbdc20 points into unknown readable memory: 0x00007ffa387fe880 | 80 e8 7f 38 fa 7f 00 00
RDX=0x00000004b84ff290 points into unknown readable memory: 0x0000000000000000 | 00 00 00 00 00 00 00 00
RSP=0x00000004b84ff290 points into unknown readable memory: 0x0000000000000000 | 00 00 00 00 00 00 00 00
RBP=0x00000121abff4a18 points into unknown readable memory: 0x0000716d46daf185 | 85 f1 da 46 6d 71 00 00
RSI=0x00000121abff49f0 points into unknown readable memory: 0x000f8e38f2fdfa85 | 85 fa fd f2 38 8e 0f 00
RDI=0x0000716d46daf185 is an unknown value
R8 =0x0000000000010002 is an unknown value
R9 =0x0000716d46daf185 is an unknown value
R10=0x0000000000008000 is an unknown value
R11=0x00000004b84ff220 points into unknown readable memory: 0x00000121abff49f0 | f0 49 ff ab 21 01 00 00
R12=0x00007ffaada13d40 glass.dll
R13=0x00007ffa389a49d0 jvm.dll
R14=0x00000004b84ff388 points into unknown readable memory: 0x00000004b84ff370 | 70 f3 4f b8 04 00 00 00
R15=0x00000121abff49f0 points into unknown readable memory: 0x000f8e38f2fdfa85 | 85 fa fd f2 38 8e 0f 00


Registers:
RAX=0x0000000000000000, RBX=0x00000121aaab2d20, RCX=0x000001218ddbdc20, RDX=0x00000004b84ff290
RSP=0x00000004b84ff290, RBP=0x00000121abff4a18, RSI=0x00000121abff49f0, RDI=0x0000716d46daf185
R8 =0x0000000000010002, R9 =0x0000716d46daf185, R10=0x0000000000008000, R11=0x00000004b84ff220
R12=0x00007ffaada13d40, R13=0x00007ffa389a49d0, R14=0x00000004b84ff388, R15=0x00000121abff49f0
RIP=0x00007ffaada16407, EFLAGS=0x0000000000010206

Top of Stack: (sp=0x00000004b84ff290)
0x00000004b84ff290:   0000000000000000 00000121abff49f0
0x00000004b84ff2a0:   00007ffa389a49d0 00007ffaada13d40
0x00000004b84ff2b0:   00000121abff49f8 00007ffac75442d6
0x00000004b84ff2c0:   0000716d46daf185 0000012100000000
0x00000004b84ff2d0:   00000121abff4a18 00000121abff49f0
0x00000004b84ff2e0:   fffffffffffffffe 0000000000000000
0x00000004b84ff2f0:   0000000000000001 00007ffaad9f0000
0x00000004b84ff300:   00000004b84ff378 00007ffac75441fb
0x00000004b84ff310:   0000000000000000 00000004b84ff388
0x00000004b84ff320:   00000004b84ff650 00007ffac7620e40
0x00000004b84ff330:   0000000000000001 00007ffac75441b4
0x00000004b84ff340:   0000000000000000 0000000000000001
0x00000004b84ff350:   0000000000000000 00000004b84ff378
0x00000004b84ff360:   0000000000000001 00007ffaada13bcd
0x00000004b84ff370:   00007ffaada29f88 00007ffa00000002
0x00000004b84ff380:   0000000000000002 00000004b84ff370 

Instructions: (pc=0x00007ffaada16407)
0x00007ffaada16307:   8b 4d 58 e8 7d cf ff ff 48 8b 4d 60 e8 74 cf ff
0x00007ffaada16317:   ff 48 8b 95 80 00 00 00 48 8b 8d 18 01 00 00 e8
0x00007ffaada16327:   66 c4 ff ff 33 d2 33 c9 e8 bc e1 ff ff 90 48 89
0x00007ffaada16337:   54 24 10 55 48 83 ec 20 48 8b ea 48 b8 00 00 00
0x00007ffaada16347:   00 00 00 00 00 48 83 c4 20 5d c3 cc 40 55 48 8b
0x00007ffaada16357:   ea 48 8b 01 33 c9 81 38 05 00 00 c0 0f 94 c1 8b
0x00007ffaada16367:   c1 5d c3 cc 40 55 48 83 ec 20 48 8b ea 8a 4d 40
0x00007ffaada16377:   48 83 c4 20 5d e9 63 d3 ff ff cc 40 55 48 83 ec
0x00007ffaada16387:   20 48 8b ea 8a 4d 20 e8 51 d3 ff ff 90 48 83 c4
0x00007ffaada16397:   20 5d c3 cc 40 55 48 83 ec 20 48 8b ea 48 83 c4
0x00007ffaada163a7:   20 5d e9 b2 d1 ff ff cc 40 55 48 83 ec 30 48 8b
0x00007ffaada163b7:   ea 48 8b 01 8b 10 48 89 4c 24 28 89 54 24 20 4c
0x00007ffaada163c7:   8d 0d 53 d6 ff ff 4c 8b 45 70 8b 55 68 48 8b 4d
0x00007ffaada163d7:   60 e8 f3 d0 ff ff 90 48 83 c4 30 5d c3 cc cc cc
0x00007ffaada163e7:   cc cc cc cc cc cc cc cc cc 40 53 48 83 ec 20 48
0x00007ffaada163f7:   8b 1d 8b 35 01 00 48 85 db 74 16 e8 79 8b ff ff
0x00007ffaada16407:   4c 8b 00 48 8b d3 48 8b c8 41 ff 90 b0 00 00 00
0x00007ffaada16417:   90 48 83 c4 20 5b c3 cc cc 40 53 48 83 ec 20 48
0x00007ffaada16427:   8b 1d fb 36 01 00 48 85 db 74 57 b8 ff ff ff ff
0x00007ffaada16437:   f0 0f c1 43 10 83 f8 01 75 3d 48 85 db 74 38 48
0x00007ffaada16447:   8b 0b 48 85 c9 74 0d ff 15 54 0e 00 00 48 c7 03
0x00007ffaada16457:   00 00 00 00 48 8b 4b 08 48 85 c9 74 0d e8 23 ce
0x00007ffaada16467:   ff ff 48 c7 43 08 00 00 00 00 ba 18 00 00 00 48
0x00007ffaada16477:   8b cb e8 0e ce ff ff 48 c7 05 9f 36 01 00 00 00
0x00007ffaada16487:   00 00 48 83 c4 20 5b c3 cc 40 53 48 83 ec 20 48
0x00007ffaada16497:   8b 1d 6b 36 01 00 48 85 db 74 57 b8 ff ff ff ff
0x00007ffaada164a7:   f0 0f c1 43 10 83 f8 01 75 3d 48 85 db 74 38 48
0x00007ffaada164b7:   8b 0b 48 85 c9 74 0d ff 15 e4 0d 00 00 48 c7 03
0x00007ffaada164c7:   00 00 00 00 48 8b 4b 08 48 85 c9 74 0d e8 b3 cd
0x00007ffaada164d7:   ff ff 48 c7 43 08 00 00 00 00 ba 18 00 00 00 48
0x00007ffaada164e7:   8b cb e8 9e cd ff ff 48 c7 05 0f 36 01 00 00 00
0x00007ffaada164f7:   00 00 48 83 c4 20 5b c3 cc 40 53 48 83 ec 20 48 


Stack slot to memory mapping:
stack at sp + 0 slots: 0x0 is NULL
stack at sp + 1 slots: 0x00000121abff49f0 points into unknown readable memory: 0x000f8e38f2fdfa85 | 85 fa fd f2 38 8e 0f 00
stack at sp + 2 slots: 0x00007ffa389a49d0 jvm.dll
stack at sp + 3 slots: 0x00007ffaada13d40 glass.dll
stack at sp + 4 slots: 0x00000121abff49f8 points into unknown readable memory: 0x0000716d46daf185 | 85 f1 da 46 6d 71 00 00
stack at sp + 5 slots: 0x00007ffac75442d6 ucrtbase.dll
stack at sp + 6 slots: 0x0000716d46daf185 is an unknown value
stack at sp + 7 slots: 0x0000012100000000 is an unknown value

VM_Operation (0x00000004b7bff4c0): Exit, mode: safepoint, requested by thread 0x00000121abffaba0


---------------  P R O C E S S  ---------------

Threads class SMR info:
_java_thread_list=0x00000121ab77a8e0, length=21, elements={
0x000001218dcdcad0, 0x00000121aaaa1f40, 0x00000121aaaa3360, 0x00000121aaabbcb0,
0x00000121aaabf690, 0x00000121aaac06f0, 0x00000121aaac1750, 0x00000121aaac6090,
0x00000121aaac71e0, 0x00000121aaad66c0, 0x00000121ab52a920, 0x00000121ab75ba30,
0x00000121abb064d0, 0x00000121abbe9710, 0x00000121abff9390, 0x00000121abff89f0,
0x00000121abffba10, 0x00000121abffbee0, 0x00000121abffb540, 0x00000121abffc3b0,
0x00000121abffaba0
}

Java Threads: ( => current thread )
  0x000001218dcdcad0 JavaThread "main" [_thread_blocked, id=14940, stack(0x00000004b7e00000,0x00000004b7f00000)]
  0x00000121aaaa1f40 JavaThread "Reference Handler" daemon [_thread_blocked, id=13648, stack(0x00000004b8500000,0x00000004b8600000)]
  0x00000121aaaa3360 JavaThread "Finalizer" daemon [_thread_blocked, id=16348, stack(0x00000004b8600000,0x00000004b8700000)]
  0x00000121aaabbcb0 JavaThread "Signal Dispatcher" daemon [_thread_blocked, id=13848, stack(0x00000004b8700000,0x00000004b8800000)]
  0x00000121aaabf690 JavaThread "Attach Listener" daemon [_thread_blocked, id=8608, stack(0x00000004b8800000,0x00000004b8900000)]
  0x00000121aaac06f0 JavaThread "Service Thread" daemon [_thread_blocked, id=9196, stack(0x00000004b8900000,0x00000004b8a00000)]
  0x00000121aaac1750 JavaThread "Monitor Deflation Thread" daemon [_thread_blocked, id=15788, stack(0x00000004b8a00000,0x00000004b8b00000)]
  0x00000121aaac6090 JavaThread "C2 CompilerThread0" daemon [_thread_blocked, id=10072, stack(0x00000004b8b00000,0x00000004b8c00000)]
  0x00000121aaac71e0 JavaThread "C1 CompilerThread0" daemon [_thread_blocked, id=10980, stack(0x00000004b8c00000,0x00000004b8d00000)]
  0x00000121aaad66c0 JavaThread "Sweeper thread" daemon [_thread_blocked, id=10200, stack(0x00000004b8d00000,0x00000004b8e00000)]
  0x00000121ab52a920 JavaThread "Common-Cleaner" daemon [_thread_blocked, id=16056, stack(0x00000004b8e00000,0x00000004b8f00000)]
  0x00000121ab75ba30 JavaThread "Monitor Ctrl-Break" daemon [_thread_in_native, id=15820, stack(0x00000004b9100000,0x00000004b9200000)]
  0x00000121abb064d0 JavaThread "Notification Thread" daemon [_thread_blocked, id=7280, stack(0x00000004b9200000,0x00000004b9300000)]
  0x00000121abbe9710 JavaThread "QuantumRenderer-0" daemon [_thread_blocked, id=7020, stack(0x00000004b9400000,0x00000004b9500000)]
  0x00000121abff9390 JavaThread "InvokeLaterDispatcher" daemon [_thread_blocked, id=15588, stack(0x00000004b9700000,0x00000004b9800000)]
  0x00000121abff89f0 JavaThread "JavaFX Application Thread" [_thread_in_native, id=8020, stack(0x00000004b9800000,0x00000004b9900000)]
  0x00000121abffba10 JavaThread "Thread-1" daemon [_thread_in_native, id=1272, stack(0x00000004b9f00000,0x00000004ba000000)]
  0x00000121abffbee0 JavaThread "JavaFX-Launcher" [_thread_blocked, id=15216, stack(0x00000004ba000000,0x00000004ba100000)]
  0x00000121abffb540 JavaThread "Prism Font Disposer" daemon [_thread_blocked, id=16140, stack(0x00000004ba700000,0x00000004ba800000)]
  0x00000121abffc3b0 JavaThread "Cleaner-0" daemon [_thread_blocked, id=16360, stack(0x00000004ba800000,0x00000004ba900000)]
  0x00000121abffaba0 JavaThread "SIGINT handler" daemon [_thread_blocked, id=10120, stack(0x00000004b7b00000,0x00000004b7c00000)]

Other Threads:
=>0x000001218ddbdc20 VMThread "VM Thread" [stack: 0x00000004b8400000,0x00000004b8500000] [id=12548]
  0x000001218dd12e30 GCTaskThread "GC Thread#0" [stack: 0x00000004b7f00000,0x00000004b8000000] [id=13480]
  0x00000121b0d9a050 GCTaskThread "GC Thread#1" [stack: 0x00000004ba100000,0x00000004ba200000] [id=15612]
  0x00000121b0d9a300 GCTaskThread "GC Thread#2" [stack: 0x00000004ba200000,0x00000004ba300000] [id=3984]
  0x00000121b0d9adc0 GCTaskThread "GC Thread#3" [stack: 0x00000004ba300000,0x00000004ba400000] [id=3276]
  0x00000121b0db1030 GCTaskThread "GC Thread#4" [stack: 0x00000004ba400000,0x00000004ba500000] [id=13680]
  0x00000121b0db5700 GCTaskThread "GC Thread#5" [stack: 0x00000004ba500000,0x00000004ba600000] [id=14152]
  0x00000121b0f8e860 GCTaskThread "GC Thread#6" [stack: 0x00000004ba900000,0x00000004baa00000] [id=1148]
  0x00000121b0f8eb10 GCTaskThread "GC Thread#7" [stack: 0x00000004baa00000,0x00000004bab00000] [id=4560]
  0x000001218dd21f20 ConcurrentGCThread "G1 Main Marker" terminated
  0x000001218dd22fe0 ConcurrentGCThread "G1 Conc#0" [stack: 0x00000004b8100000,0x00000004b8200000] [id=13060]
  0x000001218dd9b460 ConcurrentGCThread "G1 Refine#0" terminated
  0x000001218dd9bd90 ConcurrentGCThread "G1 Service" terminated

Threads with active compile tasks:

VM state: at safepoint (shutting down)

VM Mutex/Monitor currently owned by a thread:  ([mutex/lock_event])
[0x000001218dcd9690] Threads_lock - owner thread: 0x000001218ddbdc20
[0x000001218dcd87f0] Heap_lock - owner thread: 0x00000121abffaba0

Heap address: 0x00000000a0c00000, size: 1524 MB, Compressed Oops mode: 32-bit

CDS archive(s) mapped at: [0x0000000800000000-0x0000000800bc0000-0x0000000800bc0000), size 12320768, SharedBaseAddress: 0x0000000800000000, ArchiveRelocationMode: 0.
Compressed class space mapped at: 0x0000000800c00000-0x0000000840c00000, reserved size: 1073741824
Narrow klass base: 0x0000000800000000, Narrow klass shift: 0, Narrow klass range: 0x100000000

GC Precious Log:
 CPUs: 8 total, 8 available
 Memory: 6091M
 Large Page Support: Disabled
 NUMA Support: Disabled
 Compressed Oops: Enabled (32-bit)
 Heap Region Size: 1M
 Heap Min Capacity: 8M
 Heap Initial Capacity: 96M
 Heap Max Capacity: 1524M
 Pre-touch: Disabled
 Parallel Workers: 8
 Concurrent Workers: 2
 Concurrent Refinement Workers: 8
 Periodic GC: Disabled

Heap:
 garbage-first heap   total 98304K, used 24062K [0x00000000a0c00000, 0x0000000100000000)
  region size 1024K, 20 young (20480K), 5 survivors (5120K)
 Metaspace       used 16406K, committed 16640K, reserved 1064960K
  class space    used 2336K, committed 2496K, reserved 1048576K

Heap Regions: E=young(eden), S=young(survivor), O=old, HS=humongous(starts), HC=humongous(continues), CS=collection set, F=free, OA=open archive, CA=closed archive, TAMS=top-at-mark-start (previous, next)
|   0|0x00000000a0c00000, 0x00000000a0d00000, 0x00000000a0d00000|100%| O|  |TAMS 0x00000000a0c00000, 0x00000000a0c00000| Untracked 
|   1|0x00000000a0d00000, 0x00000000a0e00000, 0x00000000a0e00000|100%| O|  |TAMS 0x00000000a0d00000, 0x00000000a0d00000| Untracked 
|   2|0x00000000a0e00000, 0x00000000a0f00000, 0x00000000a0f00000|100%| O|  |TAMS 0x00000000a0e00000, 0x00000000a0e00000| Untracked 
|   3|0x00000000a0f00000, 0x00000000a0f0e800, 0x00000000a1000000|  5%| O|  |TAMS 0x00000000a0f00000, 0x00000000a0f00000| Untracked 
|   4|0x00000000a1000000, 0x00000000a1100000, 0x00000000a1100000|100%|HS|  |TAMS 0x00000000a1000000, 0x00000000a1000000| Complete 
|   5|0x00000000a1100000, 0x00000000a1200000, 0x00000000a1200000|100%|HC|  |TAMS 0x00000000a1100000, 0x00000000a1100000| Complete 
|   6|0x00000000a1200000, 0x00000000a1200000, 0x00000000a1300000|  0%| F|  |TAMS 0x00000000a1200000, 0x00000000a1200000| Untracked 
|   7|0x00000000a1300000, 0x00000000a1300000, 0x00000000a1400000|  0%| F|  |TAMS 0x00000000a1300000, 0x00000000a1300000| Untracked 
|   8|0x00000000a1400000, 0x00000000a1400000, 0x00000000a1500000|  0%| F|  |TAMS 0x00000000a1400000, 0x00000000a1400000| Untracked 
|   9|0x00000000a1500000, 0x00000000a1500000, 0x00000000a1600000|  0%| F|  |TAMS 0x00000000a1500000, 0x00000000a1500000| Untracked 
|  10|0x00000000a1600000, 0x00000000a1600000, 0x00000000a1700000|  0%| F|  |TAMS 0x00000000a1600000, 0x00000000a1600000| Untracked 
|  11|0x00000000a1700000, 0x00000000a1700000, 0x00000000a1800000|  0%| F|  |TAMS 0x00000000a1700000, 0x00000000a1700000| Untracked 
|  12|0x00000000a1800000, 0x00000000a1800000, 0x00000000a1900000|  0%| F|  |TAMS 0x00000000a1800000, 0x00000000a1800000| Untracked 
|  13|0x00000000a1900000, 0x00000000a1900000, 0x00000000a1a00000|  0%| F|  |TAMS 0x00000000a1900000, 0x00000000a1900000| Untracked 
|  14|0x00000000a1a00000, 0x00000000a1a00000, 0x00000000a1b00000|  0%| F|  |TAMS 0x00000000a1a00000, 0x00000000a1a00000| Untracked 
|  15|0x00000000a1b00000, 0x00000000a1b00000, 0x00000000a1c00000|  0%| F|  |TAMS 0x00000000a1b00000, 0x00000000a1b00000| Untracked 
|  16|0x00000000a1c00000, 0x00000000a1c00000, 0x00000000a1d00000|  0%| F|  |TAMS 0x00000000a1c00000, 0x00000000a1c00000| Untracked 
|  17|0x00000000a1d00000, 0x00000000a1d00000, 0x00000000a1e00000|  0%| F|  |TAMS 0x00000000a1d00000, 0x00000000a1d00000| Untracked 
|  18|0x00000000a1e00000, 0x00000000a1e00000, 0x00000000a1f00000|  0%| F|  |TAMS 0x00000000a1e00000, 0x00000000a1e00000| Untracked 
|  19|0x00000000a1f00000, 0x00000000a1f00000, 0x00000000a2000000|  0%| F|  |TAMS 0x00000000a1f00000, 0x00000000a1f00000| Untracked 
|  20|0x00000000a2000000, 0x00000000a2000000, 0x00000000a2100000|  0%| F|  |TAMS 0x00000000a2000000, 0x00000000a2000000| Untracked 
|  21|0x00000000a2100000, 0x00000000a2100000, 0x00000000a2200000|  0%| F|  |TAMS 0x00000000a2100000, 0x00000000a2100000| Untracked 
|  22|0x00000000a2200000, 0x00000000a2200000, 0x00000000a2300000|  0%| F|  |TAMS 0x00000000a2200000, 0x00000000a2200000| Untracked 
|  23|0x00000000a2300000, 0x00000000a2300000, 0x00000000a2400000|  0%| F|  |TAMS 0x00000000a2300000, 0x00000000a2300000| Untracked 
|  24|0x00000000a2400000, 0x00000000a2400000, 0x00000000a2500000|  0%| F|  |TAMS 0x00000000a2400000, 0x00000000a2400000| Untracked 
|  25|0x00000000a2500000, 0x00000000a2500000, 0x00000000a2600000|  0%| F|  |TAMS 0x00000000a2500000, 0x00000000a2500000| Untracked 
|  26|0x00000000a2600000, 0x00000000a2600000, 0x00000000a2700000|  0%| F|  |TAMS 0x00000000a2600000, 0x00000000a2600000| Untracked 
|  27|0x00000000a2700000, 0x00000000a2700000, 0x00000000a2800000|  0%| F|  |TAMS 0x00000000a2700000, 0x00000000a2700000| Untracked 
|  28|0x00000000a2800000, 0x00000000a2800000, 0x00000000a2900000|  0%| F|  |TAMS 0x00000000a2800000, 0x00000000a2800000| Untracked 
|  29|0x00000000a2900000, 0x00000000a2900000, 0x00000000a2a00000|  0%| F|  |TAMS 0x00000000a2900000, 0x00000000a2900000| Untracked 
|  30|0x00000000a2a00000, 0x00000000a2a00000, 0x00000000a2b00000|  0%| F|  |TAMS 0x00000000a2a00000, 0x00000000a2a00000| Untracked 
|  31|0x00000000a2b00000, 0x00000000a2b00000, 0x00000000a2c00000|  0%| F|  |TAMS 0x00000000a2b00000, 0x00000000a2b00000| Untracked 
|  32|0x00000000a2c00000, 0x00000000a2c00000, 0x00000000a2d00000|  0%| F|  |TAMS 0x00000000a2c00000, 0x00000000a2c00000| Untracked 
|  33|0x00000000a2d00000, 0x00000000a2d00000, 0x00000000a2e00000|  0%| F|  |TAMS 0x00000000a2d00000, 0x00000000a2d00000| Untracked 
|  34|0x00000000a2e00000, 0x00000000a2e00000, 0x00000000a2f00000|  0%| F|  |TAMS 0x00000000a2e00000, 0x00000000a2e00000| Untracked 
|  35|0x00000000a2f00000, 0x00000000a2f00000, 0x00000000a3000000|  0%| F|  |TAMS 0x00000000a2f00000, 0x00000000a2f00000| Untracked 
|  36|0x00000000a3000000, 0x00000000a3000000, 0x00000000a3100000|  0%| F|  |TAMS 0x00000000a3000000, 0x00000000a3000000| Untracked 
|  37|0x00000000a3100000, 0x00000000a3100000, 0x00000000a3200000|  0%| F|  |TAMS 0x00000000a3100000, 0x00000000a3100000| Untracked 
|  38|0x00000000a3200000, 0x00000000a3200000, 0x00000000a3300000|  0%| F|  |TAMS 0x00000000a3200000, 0x00000000a3200000| Untracked 
|  39|0x00000000a3300000, 0x00000000a3300000, 0x00000000a3400000|  0%| F|  |TAMS 0x00000000a3300000, 0x00000000a3300000| Untracked 
|  40|0x00000000a3400000, 0x00000000a3400000, 0x00000000a3500000|  0%| F|  |TAMS 0x00000000a3400000, 0x00000000a3400000| Untracked 
|  41|0x00000000a3500000, 0x00000000a3500000, 0x00000000a3600000|  0%| F|  |TAMS 0x00000000a3500000, 0x00000000a3500000| Untracked 
|  42|0x00000000a3600000, 0x00000000a3600000, 0x00000000a3700000|  0%| F|  |TAMS 0x00000000a3600000, 0x00000000a3600000| Untracked 
|  43|0x00000000a3700000, 0x00000000a3700000, 0x00000000a3800000|  0%| F|  |TAMS 0x00000000a3700000, 0x00000000a3700000| Untracked 
|  44|0x00000000a3800000, 0x00000000a3800000, 0x00000000a3900000|  0%| F|  |TAMS 0x00000000a3800000, 0x00000000a3800000| Untracked 
|  45|0x00000000a3900000, 0x00000000a3900000, 0x00000000a3a00000|  0%| F|  |TAMS 0x00000000a3900000, 0x00000000a3900000| Untracked 
|  46|0x00000000a3a00000, 0x00000000a3a00000, 0x00000000a3b00000|  0%| F|  |TAMS 0x00000000a3a00000, 0x00000000a3a00000| Untracked 
|  47|0x00000000a3b00000, 0x00000000a3b00000, 0x00000000a3c00000|  0%| F|  |TAMS 0x00000000a3b00000, 0x00000000a3b00000| Untracked 
|  48|0x00000000a3c00000, 0x00000000a3c00000, 0x00000000a3d00000|  0%| F|  |TAMS 0x00000000a3c00000, 0x00000000a3c00000| Untracked 
|  49|0x00000000a3d00000, 0x00000000a3d00000, 0x00000000a3e00000|  0%| F|  |TAMS 0x00000000a3d00000, 0x00000000a3d00000| Untracked 
|  50|0x00000000a3e00000, 0x00000000a3e00000, 0x00000000a3f00000|  0%| F|  |TAMS 0x00000000a3e00000, 0x00000000a3e00000| Untracked 
|  51|0x00000000a3f00000, 0x00000000a3f00000, 0x00000000a4000000|  0%| F|  |TAMS 0x00000000a3f00000, 0x00000000a3f00000| Untracked 
|  52|0x00000000a4000000, 0x00000000a4000000, 0x00000000a4100000|  0%| F|  |TAMS 0x00000000a4000000, 0x00000000a4000000| Untracked 
|  53|0x00000000a4100000, 0x00000000a4100000, 0x00000000a4200000|  0%| F|  |TAMS 0x00000000a4100000, 0x00000000a4100000| Untracked 
|  54|0x00000000a4200000, 0x00000000a4200000, 0x00000000a4300000|  0%| F|  |TAMS 0x00000000a4200000, 0x00000000a4200000| Untracked 
|  55|0x00000000a4300000, 0x00000000a4300000, 0x00000000a4400000|  0%| F|  |TAMS 0x00000000a4300000, 0x00000000a4300000| Untracked 
|  56|0x00000000a4400000, 0x00000000a4400000, 0x00000000a4500000|  0%| F|  |TAMS 0x00000000a4400000, 0x00000000a4400000| Untracked 
|  57|0x00000000a4500000, 0x00000000a4571200, 0x00000000a4600000| 44%| S|CS|TAMS 0x00000000a4500000, 0x00000000a4500000| Complete 
|  58|0x00000000a4600000, 0x00000000a4700000, 0x00000000a4700000|100%| S|CS|TAMS 0x00000000a4600000, 0x00000000a4600000| Complete 
|  59|0x00000000a4700000, 0x00000000a4800000, 0x00000000a4800000|100%| S|CS|TAMS 0x00000000a4700000, 0x00000000a4700000| Complete 
|  60|0x00000000a4800000, 0x00000000a4900000, 0x00000000a4900000|100%| S|CS|TAMS 0x00000000a4800000, 0x00000000a4800000| Complete 
|  61|0x00000000a4900000, 0x00000000a4a00000, 0x00000000a4a00000|100%| S|CS|TAMS 0x00000000a4900000, 0x00000000a4900000| Complete 
|  62|0x00000000a4a00000, 0x00000000a4a00000, 0x00000000a4b00000|  0%| F|  |TAMS 0x00000000a4a00000, 0x00000000a4a00000| Untracked 
|  63|0x00000000a4b00000, 0x00000000a4b00000, 0x00000000a4c00000|  0%| F|  |TAMS 0x00000000a4b00000, 0x00000000a4b00000| Untracked 
|  64|0x00000000a4c00000, 0x00000000a4c00000, 0x00000000a4d00000|  0%| F|  |TAMS 0x00000000a4c00000, 0x00000000a4c00000| Untracked 
|  65|0x00000000a4d00000, 0x00000000a4d00000, 0x00000000a4e00000|  0%| F|  |TAMS 0x00000000a4d00000, 0x00000000a4d00000| Untracked 
|  66|0x00000000a4e00000, 0x00000000a4e00000, 0x00000000a4f00000|  0%| F|  |TAMS 0x00000000a4e00000, 0x00000000a4e00000| Untracked 
|  67|0x00000000a4f00000, 0x00000000a4f00000, 0x00000000a5000000|  0%| F|  |TAMS 0x00000000a4f00000, 0x00000000a4f00000| Untracked 
|  68|0x00000000a5000000, 0x00000000a5000000, 0x00000000a5100000|  0%| F|  |TAMS 0x00000000a5000000, 0x00000000a5000000| Untracked 
|  69|0x00000000a5100000, 0x00000000a5100000, 0x00000000a5200000|  0%| F|  |TAMS 0x00000000a5100000, 0x00000000a5100000| Untracked 
|  70|0x00000000a5200000, 0x00000000a5200000, 0x00000000a5300000|  0%| F|  |TAMS 0x00000000a5200000, 0x00000000a5200000| Untracked 
|  71|0x00000000a5300000, 0x00000000a5300000, 0x00000000a5400000|  0%| F|  |TAMS 0x00000000a5300000, 0x00000000a5300000| Untracked 
|  72|0x00000000a5400000, 0x00000000a5400000, 0x00000000a5500000|  0%| F|  |TAMS 0x00000000a5400000, 0x00000000a5400000| Untracked 
|  73|0x00000000a5500000, 0x00000000a5500000, 0x00000000a5600000|  0%| F|  |TAMS 0x00000000a5500000, 0x00000000a5500000| Untracked 
|  74|0x00000000a5600000, 0x00000000a5600000, 0x00000000a5700000|  0%| F|  |TAMS 0x00000000a5600000, 0x00000000a5600000| Untracked 
|  75|0x00000000a5700000, 0x00000000a5700000, 0x00000000a5800000|  0%| F|  |TAMS 0x00000000a5700000, 0x00000000a5700000| Untracked 
|  76|0x00000000a5800000, 0x00000000a5800000, 0x00000000a5900000|  0%| F|  |TAMS 0x00000000a5800000, 0x00000000a5800000| Untracked 
|  77|0x00000000a5900000, 0x00000000a5900000, 0x00000000a5a00000|  0%| F|  |TAMS 0x00000000a5900000, 0x00000000a5900000| Untracked 
|  78|0x00000000a5a00000, 0x00000000a5a00000, 0x00000000a5b00000|  0%| F|  |TAMS 0x00000000a5a00000, 0x00000000a5a00000| Untracked 
|  79|0x00000000a5b00000, 0x00000000a5b00000, 0x00000000a5c00000|  0%| F|  |TAMS 0x00000000a5b00000, 0x00000000a5b00000| Untracked 
|  80|0x00000000a5c00000, 0x00000000a5c00000, 0x00000000a5d00000|  0%| F|  |TAMS 0x00000000a5c00000, 0x00000000a5c00000| Untracked 
|  81|0x00000000a5d00000, 0x00000000a5e00000, 0x00000000a5e00000|100%| E|  |TAMS 0x00000000a5d00000, 0x00000000a5d00000| Complete 
|  82|0x00000000a5e00000, 0x00000000a5f00000, 0x00000000a5f00000|100%| E|CS|TAMS 0x00000000a5e00000, 0x00000000a5e00000| Complete 
|  83|0x00000000a5f00000, 0x00000000a6000000, 0x00000000a6000000|100%| E|CS|TAMS 0x00000000a5f00000, 0x00000000a5f00000| Complete 
|  84|0x00000000a6000000, 0x00000000a6100000, 0x00000000a6100000|100%| E|CS|TAMS 0x00000000a6000000, 0x00000000a6000000| Complete 
|  85|0x00000000a6100000, 0x00000000a6200000, 0x00000000a6200000|100%| E|CS|TAMS 0x00000000a6100000, 0x00000000a6100000| Complete 
|  86|0x00000000a6200000, 0x00000000a6300000, 0x00000000a6300000|100%| E|CS|TAMS 0x00000000a6200000, 0x00000000a6200000| Complete 
|  87|0x00000000a6300000, 0x00000000a6400000, 0x00000000a6400000|100%| E|CS|TAMS 0x00000000a6300000, 0x00000000a6300000| Complete 
|  88|0x00000000a6400000, 0x00000000a6500000, 0x00000000a6500000|100%| E|CS|TAMS 0x00000000a6400000, 0x00000000a6400000| Complete 
|  89|0x00000000a6500000, 0x00000000a6600000, 0x00000000a6600000|100%| E|CS|TAMS 0x00000000a6500000, 0x00000000a6500000| Complete 
|  90|0x00000000a6600000, 0x00000000a6700000, 0x00000000a6700000|100%| E|CS|TAMS 0x00000000a6600000, 0x00000000a6600000| Complete 
|  91|0x00000000a6700000, 0x00000000a6800000, 0x00000000a6800000|100%| E|CS|TAMS 0x00000000a6700000, 0x00000000a6700000| Complete 
|  92|0x00000000a6800000, 0x00000000a6900000, 0x00000000a6900000|100%| E|CS|TAMS 0x00000000a6800000, 0x00000000a6800000| Complete 
|  93|0x00000000a6900000, 0x00000000a6a00000, 0x00000000a6a00000|100%| E|CS|TAMS 0x00000000a6900000, 0x00000000a6900000| Complete 
|  94|0x00000000a6a00000, 0x00000000a6b00000, 0x00000000a6b00000|100%| E|CS|TAMS 0x00000000a6a00000, 0x00000000a6a00000| Complete 
|  95|0x00000000a6b00000, 0x00000000a6c00000, 0x00000000a6c00000|100%| E|CS|TAMS 0x00000000a6b00000, 0x00000000a6b00000| Complete 

Card table byte_map: [0x00000121a4b60000,0x00000121a4e60000] _byte_map_base: 0x00000121a465a000

Marking Bits (Prev, Next): (CMBitMap*) 0x000001218dd15770, (CMBitMap*) 0x000001218dd157b0
 Prev Bits: [0x00000121a5160000, 0x00000121a6930000)
 Next Bits: [0x00000121a6930000, 0x00000121a8100000)

Polling page: 0x000001218bc30000

Metaspace:

Usage:
  Non-class:     13.74 MB used.
      Class:      2.28 MB used.
       Both:     16.02 MB used.

Virtual space:
  Non-class space:       16.00 MB reserved,      13.81 MB ( 86%) committed,  2 nodes.
      Class space:        1.00 GB reserved,       2.44 MB ( <1%) committed,  1 nodes.
             Both:        1.02 GB reserved,      16.25 MB (  2%) committed. 

Chunk freelists:
   Non-Class:  2.01 MB
       Class:  1.60 MB
        Both:  3.61 MB

MaxMetaspaceSize: unlimited
CompressedClassSpaceSize: 1.00 GB
Initial GC threshold: 21.00 MB
Current GC threshold: 21.00 MB
CDS: on
MetaspaceReclaimPolicy: balanced
 - commit_granule_bytes: 65536.
 - commit_granule_words: 8192.
 - virtual_space_node_default_size: 1048576.
 - enlarge_chunks_in_place: 1.
 - new_chunks_are_fully_committed: 0.
 - uncommit_free_chunks: 1.
 - use_allocation_guard: 0.
 - handle_deallocations: 1.


Internal statistics:

num_allocs_failed_limit: 0.
num_arena_births: 220.
num_arena_deaths: 0.
num_vsnodes_births: 3.
num_vsnodes_deaths: 0.
num_space_committed: 260.
num_space_uncommitted: 0.
num_chunks_returned_to_freelist: 0.
num_chunks_taken_from_freelist: 738.
num_chunk_merges: 0.
num_chunk_splits: 508.
num_chunks_enlarged: 395.
num_purges: 0.
num_inconsistent_stats: 0.

CodeHeap 'non-profiled nmethods': size=120000Kb used=1334Kb max_used=1334Kb free=118665Kb
 bounds [0x000001219d000000, 0x000001219d270000, 0x00000121a4530000]
CodeHeap 'profiled nmethods': size=120000Kb used=6514Kb max_used=6514Kb free=113485Kb
 bounds [0x0000012195ad0000, 0x0000012196130000, 0x000001219d000000]
CodeHeap 'non-nmethods': size=5760Kb used=1437Kb max_used=1480Kb free=4322Kb
 bounds [0x0000012195530000, 0x00000121957a0000, 0x0000012195ad0000]
 total_blobs=4168 nmethods=3370 adapters=710
 compilation: enabled
              stopped_count=0, restarted_count=0
 full_count=0

Compilation events (20 events):
Event: 112.742 Thread 0x00000121aaac71e0 3357       3       java.util.ArrayDeque::removeFirst (19 bytes)
Event: 112.743 Thread 0x00000121aaac71e0 nmethod 3357 0x000001219612b310 code [0x000001219612b4c0, 0x000001219612b718]
Event: 115.038 Thread 0x00000121aaac6090 3358       4       com.sun.javafx.event.CompositeEventDispatcher::dispatchCapturingEvent (35 bytes)
Event: 115.040 Thread 0x00000121aaac6090 nmethod 3358 0x000001219d13d410 code [0x000001219d13d5a0, 0x000001219d13d6b8]
Event: 118.134 Thread 0x00000121aaac6090 3359       4       com.sun.javafx.collections.VetoableListDecorator$VetoableIteratorDecorator::hasNext (14 bytes)
Event: 118.136 Thread 0x00000121aaac6090 nmethod 3359 0x000001219d13d810 code [0x000001219d13d9a0, 0x000001219d13dad8]
Event: 118.158 Thread 0x00000121aaac6090 3360       4       com.sun.javafx.scene.layout.RegionHelper::pickNodeLocalImpl (12 bytes)
Event: 118.196 Thread 0x00000121aaac6090 nmethod 3360 0x000001219d13dc90 code [0x000001219d13df60, 0x000001219d13f510]
Event: 118.782 Thread 0x00000121aaac71e0 3361       3       sun.invoke.util.Wrapper::isSubwordOrInt (20 bytes)
Event: 118.782 Thread 0x00000121aaac6090 3364       4       java.lang.invoke.MethodType::makeImpl (109 bytes)
Event: 118.782 Thread 0x00000121aaac71e0 nmethod 3361 0x000001219612b810 code [0x000001219612b9c0, 0x000001219612bdd8]
Event: 118.782 Thread 0x00000121aaac71e0 3362       3       sun.invoke.util.Wrapper::isIntegral (23 bytes)
Event: 118.783 Thread 0x00000121aaac71e0 nmethod 3362 0x000001219612bf10 code [0x000001219612c0c0, 0x000001219612c318]
Event: 118.783 Thread 0x00000121aaac71e0 3363       3       sun.invoke.util.Wrapper::isNumeric (16 bytes)
Event: 118.783 Thread 0x00000121aaac71e0 nmethod 3363 0x000001219612c410 code [0x000001219612c5a0, 0x000001219612c718]
Event: 118.783 Thread 0x00000121aaac71e0 3367       3       sun.invoke.util.Wrapper::isSingleWord (15 bytes)
Event: 118.783 Thread 0x00000121aaac71e0 nmethod 3367 0x000001219612c790 code [0x000001219612c920, 0x000001219612ca98]
Event: 119.028 Thread 0x00000121aaac6090 nmethod 3364 0x000001219d141b10 code [0x000001219d1421a0, 0x000001219d149598]
Event: 119.029 Thread 0x00000121aaac6090 3365       4       java.lang.invoke.MethodType$ConcurrentWeakInternSet::get (47 bytes)
Event: 119.043 Thread 0x00000121aaac6090 nmethod 3365 0x000001219d14c410 code [0x000001219d14c600, 0x000001219d14d4e8]

GC Heap History (4 events):
Event: 0.954 GC heap before
{Heap before GC invocations=0 (full 0):
 garbage-first heap   total 98304K, used 22528K [0x00000000a0c00000, 0x0000000100000000)
  region size 1024K, 23 young (23552K), 0 survivors (0K)
 Metaspace       used 6453K, committed 6592K, reserved 1056768K
  class space    used 798K, committed 832K, reserved 1048576K
}
Event: 0.958 GC heap after
{Heap after GC invocations=1 (full 0):
 garbage-first heap   total 98304K, used 3093K [0x00000000a0c00000, 0x0000000100000000)
  region size 1024K, 3 young (3072K), 3 survivors (3072K)
 Metaspace       used 6453K, committed 6592K, reserved 1056768K
  class space    used 798K, committed 832K, reserved 1048576K
}
Event: 1.979 GC heap before
{Heap before GC invocations=1 (full 0):
 garbage-first heap   total 98304K, used 34837K [0x00000000a0c00000, 0x0000000100000000)
  region size 1024K, 34 young (34816K), 3 survivors (3072K)
 Metaspace       used 14404K, committed 14656K, reserved 1064960K
  class space    used 2219K, committed 2304K, reserved 1048576K
}
Event: 1.987 GC heap after
{Heap after GC invocations=2 (full 0):
 garbage-first heap   total 98304K, used 7678K [0x00000000a0c00000, 0x0000000100000000)
  region size 1024K, 5 young (5120K), 5 survivors (5120K)
 Metaspace       used 14404K, committed 14656K, reserved 1064960K
  class space    used 2219K, committed 2304K, reserved 1048576K
}

Deoptimization events (20 events):
Event: 10.380 Thread 0x00000121abff89f0 Uncommon trap: trap_request=0xffffff45 fr.pc=0x000001219d05d2f8 relative=0x0000000000000458
Event: 10.380 Thread 0x00000121abff89f0 Uncommon trap: reason=unstable_if action=reinterpret pc=0x000001219d05d2f8 method=java.lang.String.substring(II)Ljava/lang/String; @ 31 c2
Event: 10.380 Thread 0x00000121abff89f0 DEOPT PACKING pc=0x000001219d05d2f8 sp=0x00000004b98fa620
Event: 10.380 Thread 0x00000121abff89f0 DEOPT UNPACKING pc=0x00000121955823a3 sp=0x00000004b98fa5f0 mode 2
Event: 10.449 Thread 0x00000121abff89f0 Uncommon trap: trap_request=0xffffff45 fr.pc=0x000001219d09f8a0 relative=0x0000000000000100
Event: 10.449 Thread 0x00000121abff89f0 Uncommon trap: reason=unstable_if action=reinterpret pc=0x000001219d09f8a0 method=java.lang.StringConcatHelper.prepend(J[BLjava/lang/String;)J @ 13 c2
Event: 10.450 Thread 0x00000121abff89f0 DEOPT PACKING pc=0x000001219d09f8a0 sp=0x00000004b98fa560
Event: 10.450 Thread 0x00000121abff89f0 DEOPT UNPACKING pc=0x00000121955823a3 sp=0x00000004b98fa510 mode 2
Event: 10.709 Thread 0x00000121abbe9710 Uncommon trap: trap_request=0xffffff45 fr.pc=0x000001219d1149b8 relative=0x00000000000000b8
Event: 10.709 Thread 0x00000121abbe9710 Uncommon trap: reason=unstable_if action=reinterpret pc=0x000001219d1149b8 method=com.sun.marlin.FloatMath.ceil_int(D)I @ 7 c2
Event: 10.709 Thread 0x00000121abbe9710 DEOPT PACKING pc=0x000001219d1149b8 sp=0x00000004b94fd7d0
Event: 10.709 Thread 0x00000121abbe9710 DEOPT UNPACKING pc=0x00000121955823a3 sp=0x00000004b94fd768 mode 2
Event: 100.188 Thread 0x00000121abff89f0 Uncommon trap: trap_request=0xffffff45 fr.pc=0x000001219d12e174 relative=0x0000000000000874
Event: 100.188 Thread 0x00000121abff89f0 Uncommon trap: reason=unstable_if action=reinterpret pc=0x000001219d12e174 method=javafx.scene.Parent.getOrderedChildren()Ljava/util/List; @ 7 c2
Event: 100.188 Thread 0x00000121abff89f0 DEOPT PACKING pc=0x000001219d12e174 sp=0x00000004b98f4cb0
Event: 100.188 Thread 0x00000121abff89f0 DEOPT UNPACKING pc=0x00000121955823a3 sp=0x00000004b98f4a00 mode 2
Event: 122.579 Thread 0x00000121abffba10 Uncommon trap: trap_request=0xffffff45 fr.pc=0x000001219d132cc4 relative=0x0000000000000164
Event: 122.579 Thread 0x00000121abffba10 Uncommon trap: reason=unstable_if action=reinterpret pc=0x000001219d132cc4 method=com.sun.javafx.tk.quantum.QuantumToolkit.postPulse()V @ 7 c2
Event: 122.579 Thread 0x00000121abffba10 DEOPT PACKING pc=0x000001219d132cc4 sp=0x00000004b9ffef90
Event: 122.579 Thread 0x00000121abffba10 DEOPT UNPACKING pc=0x00000121955823a3 sp=0x00000004b9ffee68 mode 2

Classes unloaded (0 events):
No events

Classes redefined (0 events):
No events

Internal exceptions (20 events):
Event: 1.145 Thread 0x00000121abff89f0 Exception <a 'java/lang/ClassNotFoundException'{0x00000000a659fa20}: com/sun/glass/ui/win/themes> (0x00000000a659fa20) 
thrown [t:\workspace\open\src\hotspot\share\prims\jni.cpp, line 535]
Event: 1.146 Thread 0x00000121abff89f0 Exception <a 'java/lang/ClassNotFoundException'{0x00000000a65a7cb8}: com/sun/glass/ui/win/themes_ru> (0x00000000a65a7cb8) 
thrown [t:\workspace\open\src\hotspot\share\prims\jni.cpp, line 535]
Event: 1.146 Thread 0x00000121abff89f0 Exception <a 'java/lang/ClassNotFoundException'{0x00000000a65a8a80}: com/sun/glass/ui/win/themes_ru_RU> (0x00000000a65a8a80) 
thrown [t:\workspace\open\src\hotspot\share\prims\jni.cpp, line 535]
Event: 1.281 Thread 0x00000121abff89f0 Exception <a 'java/lang/NoSuchMethodError'{0x00000000a60b1098}: 'void java.lang.invoke.DirectMethodHandle$Holder.invokeStaticInit(java.lang.Object, java.lang.Object)'> (0x00000000a60b1098) 
thrown [t:\workspace\open\src\hotspot\share\interpreter\linkResolver.cpp, line 766]
Event: 1.286 Thread 0x00000121abff89f0 Exception <a 'java/lang/NoSuchMethodError'{0x00000000a5f22400}: 'void java.lang.invoke.DirectMethodHandle$Holder.invokeSpecial(java.lang.Object, java.lang.Object, java.lang.Object, java.lang.Object, java.lang.Object)'> (0x00000000a5f22400) 
thrown [t:\workspace\open\src\hotspot\share\interpreter\linkResolver.cpp, line 766]
Event: 1.446 Thread 0x00000121abff89f0 Implicit null exception at 0x000001219d06e7af to 0x000001219d06ef10
Event: 1.628 Thread 0x00000121abff89f0 Exception <a 'java/lang/NoSuchMethodError'{0x00000000a5779710}: 'java.lang.Object java.lang.invoke.DirectMethodHandle$Holder.invokeInterface(java.lang.Object, java.lang.Object, java.lang.Object)'> (0x00000000a5779710) 
thrown [t:\workspace\open\src\hotspot\share\interpreter\linkResolver.cpp, line 766]
Event: 1.629 Thread 0x00000121abff89f0 Exception <a 'java/lang/IncompatibleClassChangeError'{0x00000000a577d098}: Found class java.lang.Object, but interface was expected> (0x00000000a577d098) 
thrown [t:\workspace\open\src\hotspot\share\interpreter\linkResolver.cpp, line 833]
Event: 1.694 Thread 0x00000121abff89f0 Exception <a 'java/lang/ClassNotFoundException'{0x00000000a5577638}: com/sun/javafx/scene/control/skin/resources/controls> (0x00000000a5577638) 
thrown [t:\workspace\open\src\hotspot\share\prims\jni.cpp, line 535]
Event: 1.695 Thread 0x00000121abff89f0 Exception <a 'java/lang/ClassNotFoundException'{0x00000000a55855d8}: com/sun/javafx/scene/control/skin/resources/controls_ru> (0x00000000a55855d8) 
thrown [t:\workspace\open\src\hotspot\share\prims\jni.cpp, line 535]
Event: 1.695 Thread 0x00000121abff89f0 Exception <a 'java/lang/ClassNotFoundException'{0x00000000a5586570}: com/sun/javafx/scene/control/skin/resources/controls_ru_RU> (0x00000000a5586570) 
thrown [t:\workspace\open\src\hotspot\share\prims\jni.cpp, line 535]
Event: 1.762 Thread 0x00000121abff89f0 Exception <a 'java/lang/NoSuchMethodError'{0x00000000a50431c8}: 'void java.lang.invoke.DirectMethodHandle$Holder.invokeSpecial(java.lang.Object, java.lang.Object, java.lang.Object, java.lang.Object, java.lang.Object, java.lang.Object)'> (0x00000000a50431c8) 
thrown [t:\workspace\open\src\hotspot\share\interpreter\linkResolver.cpp, line 766]
Event: 1.875 Thread 0x00000121abff89f0 Exception <a 'java/lang/NoSuchMethodError'{0x00000000a4ddf0c8}: 'java.lang.Object java.lang.invoke.DirectMethodHandle$Holder.newInvokeSpecial(java.lang.Object, java.lang.Object, int)'> (0x00000000a4ddf0c8) 
thrown [t:\workspace\open\src\hotspot\share\interpreter\linkResolver.cpp, line 766]
Event: 1.910 Thread 0x00000121abbe9710 Exception <a 'java/lang/NoSuchMethodError'{0x00000000a4ccdb78}: 'int java.lang.invoke.DirectMethodHandle$Holder.invokeStaticInit(java.lang.Object, java.lang.Object)'> (0x00000000a4ccdb78) 
thrown [t:\workspace\open\src\hotspot\share\interpreter\linkResolver.cpp, line 766]
Event: 1.912 Thread 0x00000121abff89f0 Exception <a 'java/lang/NoSuchMethodError'{0x00000000a4c83f88}: 'long java.lang.invoke.DirectMethodHandle$Holder.invokeStatic(java.lang.Object, java.lang.Object, java.lang.Object)'> (0x00000000a4c83f88) 
thrown [t:\workspace\open\src\hotspot\share\interpreter\linkResolver.cpp, line 766]
Event: 1.913 Thread 0x00000121abff89f0 Exception <a 'java/lang/NoSuchMethodError'{0x00000000a4c87730}: 'long java.lang.invoke.DirectMethodHandle$Holder.invokeStaticInit(java.lang.Object, java.lang.Object, java.lang.Object)'> (0x00000000a4c87730) 
thrown [t:\workspace\open\src\hotspot\share\interpreter\linkResolver.cpp, line 766]
Event: 1.918 Thread 0x00000121abff89f0 Exception <a 'java/lang/NoSuchMethodError'{0x00000000a4c9f338}: 'java.lang.Object java.lang.invoke.DirectMethodHandle$Holder.newInvokeSpecial(java.lang.Object, java.lang.Object, long)'> (0x00000000a4c9f338) 
thrown [t:\workspace\open\src\hotspot\share\interpreter\linkResolver.cpp, line 766]
Event: 1.918 Thread 0x00000121abff89f0 Exception <a 'java/lang/NoSuchMethodError'{0x00000000a4ca2ea8}: 'java.lang.Object java.lang.invoke.Invokers$Holder.linkToTargetMethod(java.lang.Object, long, java.lang.Object)'> (0x00000000a4ca2ea8) 
thrown [t:\workspace\open\src\hotspot\share\interpreter\linkResolver.cpp, line 766]
Event: 7.728 Thread 0x00000121abff89f0 Exception <a 'sun/nio/fs/WindowsException'{0x00000000a68be080}> (0x00000000a68be080) 
thrown [t:\workspace\open\src\hotspot\share\prims\jni.cpp, line 516]
Event: 118.783 Thread 0x00000121abff89f0 Exception <a 'java/lang/NoSuchMethodError'{0x00000000a5e752b0}: 'java.lang.Object java.lang.invoke.DirectMethodHandle$Holder.newInvokeSpecial(java.lang.Object, java.lang.Object, java.lang.Object, double, double, double, double, int, int, int, int, int, int, int, int, int)'> (0x00000000a5e752b0) 
thrown [t:\workspace\open\src\hotspot\share\interpreter\linkResolver.cpp, line 766]

VM Operations (20 events):
Event: 29.966 Executing VM operation: Cleanup done
Event: 30.967 Executing VM operation: Cleanup
Event: 30.967 Executing VM operation: Cleanup done
Event: 98.005 Executing VM operation: Cleanup
Event: 98.006 Executing VM operation: Cleanup done
Event: 100.007 Executing VM operation: Cleanup
Event: 100.007 Executing VM operation: Cleanup done
Event: 102.008 Executing VM operation: Cleanup
Event: 102.008 Executing VM operation: Cleanup done
Event: 108.012 Executing VM operation: Cleanup
Event: 108.012 Executing VM operation: Cleanup done
Event: 112.014 Executing VM operation: Cleanup
Event: 112.014 Executing VM operation: Cleanup done
Event: 116.017 Executing VM operation: Cleanup
Event: 116.017 Executing VM operation: Cleanup done
Event: 119.019 Executing VM operation: Cleanup
Event: 119.019 Executing VM operation: Cleanup done
Event: 122.020 Executing VM operation: Cleanup
Event: 122.020 Executing VM operation: Cleanup done
Event: 122.580 Executing VM operation: Exit

Events (20 events):
Event: 5.940 loading class sun/text/RuleBasedBreakIterator done
Event: 5.941 loading class sun/text/CompactByteArray
Event: 5.941 loading class sun/text/CompactByteArray done
Event: 5.941 loading class sun/text/SupplementaryCharacterData
Event: 5.941 loading class sun/text/SupplementaryCharacterData done
Event: 5.941 loading class java/text/BreakIterator$BreakIteratorCache
Event: 5.941 loading class java/text/BreakIterator$BreakIteratorCache done
Event: 7.836 loading class java/io/CharArrayReader
Event: 7.837 loading class java/io/CharArrayReader done
Event: 7.842 Thread 0x00000121b167c740 Thread added: 0x00000121b167c740
Event: 8.436 Thread 0x00000121b167c740 Thread exited: 0x00000121b167c740
Event: 16.863 Thread 0x00000121ac06b9a0 Thread added: 0x00000121ac06b9a0
Event: 17.131 Thread 0x00000121ac06b9a0 Thread exited: 0x00000121ac06b9a0
Event: 122.577 loading class jdk/internal/misc/Signal$1
Event: 122.577 loading class jdk/internal/misc/Signal$1 done
Event: 122.577 Thread 0x00000121abffaba0 Thread added: 0x00000121abffaba0
Event: 122.578 Thread 0x00000121abffa6d0 Thread added: 0x00000121abffa6d0
Event: 122.578 Thread 0x00000121abff8ec0 Thread added: 0x00000121abff8ec0
Event: 122.579 Thread 0x00000121abff8ec0 Thread exited: 0x00000121abff8ec0
Event: 122.580 Thread 0x00000121abffa6d0 Thread exited: 0x00000121abffa6d0


Dynamic libraries:
0x00007ff766770000 - 0x00007ff76677e000 	C:\Users\artem\.jdks\openjdk-17.0.2\bin\java.exe
0x00007ffac9cd0000 - 0x00007ffac9ec8000 	C:\Windows\SYSTEM32\ntdll.dll
0x00007ffac8ba0000 - 0x00007ffac8c5d000 	C:\Windows\System32\KERNEL32.DLL
0x00007ffac7710000 - 0x00007ffac79de000 	C:\Windows\System32\KERNELBASE.dll
0x00007ffac7530000 - 0x00007ffac7630000 	C:\Windows\System32\ucrtbase.dll
0x00007ffab6d10000 - 0x00007ffab6d28000 	C:\Users\artem\.jdks\openjdk-17.0.2\bin\jli.dll
0x00007ffab6d50000 - 0x00007ffab6d6a000 	C:\Users\artem\.jdks\openjdk-17.0.2\bin\VCRUNTIME140.dll
0x00007ffac94e0000 - 0x00007ffac9680000 	C:\Windows\System32\USER32.dll
0x00007ffab65f0000 - 0x00007ffab688a000 	C:\Windows\WinSxS\amd64_microsoft.windows.common-controls_6595b64144ccf1df_6.0.19041.1110_none_60b5254171f9507e\COMCTL32.dll
0x00007ffac7bb0000 - 0x00007ffac7bd2000 	C:\Windows\System32\win32u.dll
0x00007ffac9230000 - 0x00007ffac92ce000 	C:\Windows\System32\msvcrt.dll
0x00007ffac8c60000 - 0x00007ffac8c8a000 	C:\Windows\System32\GDI32.dll
0x00007ffac73f0000 - 0x00007ffac74fb000 	C:\Windows\System32\gdi32full.dll
0x00007ffac7c90000 - 0x00007ffac7d2d000 	C:\Windows\System32\msvcp_win.dll
0x00007ffac7e60000 - 0x00007ffac7e90000 	C:\Windows\System32\IMM32.DLL
0x00007ffac2ed0000 - 0x00007ffac2edc000 	C:\Users\artem\.jdks\openjdk-17.0.2\bin\vcruntime140_1.dll
0x00007ffaad8d0000 - 0x00007ffaad95d000 	C:\Users\artem\.jdks\openjdk-17.0.2\bin\msvcp140.dll
0x00007ffa37e80000 - 0x00007ffa38a41000 	C:\Users\artem\.jdks\openjdk-17.0.2\bin\server\jvm.dll
0x00007ffac8270000 - 0x00007ffac831e000 	C:\Windows\System32\ADVAPI32.dll
0x00007ffac9820000 - 0x00007ffac98bc000 	C:\Windows\System32\sechost.dll
0x00007ffac8320000 - 0x00007ffac8445000 	C:\Windows\System32\RPCRT4.dll
0x00007ffac9810000 - 0x00007ffac9818000 	C:\Windows\System32\PSAPI.DLL
0x00007ffaaf610000 - 0x00007ffaaf619000 	C:\Windows\SYSTEM32\WSOCK32.dll
0x00007ffabd2c0000 - 0x00007ffabd2ca000 	C:\Windows\SYSTEM32\VERSION.dll
0x00007ffabd290000 - 0x00007ffabd2b7000 	C:\Windows\SYSTEM32\WINMM.dll
0x00007ffac9100000 - 0x00007ffac916b000 	C:\Windows\System32\WS2_32.dll
0x00007ffac52b0000 - 0x00007ffac52c2000 	C:\Windows\SYSTEM32\kernel.appcore.dll
0x00007ffac2e60000 - 0x00007ffac2e6a000 	C:\Users\artem\.jdks\openjdk-17.0.2\bin\jimage.dll
0x00007ffab2fa0000 - 0x00007ffab3184000 	C:\Windows\SYSTEM32\DBGHELP.DLL
0x00007ffab2eb0000 - 0x00007ffab2edc000 	C:\Windows\SYSTEM32\dbgcore.DLL
0x00007ffac7630000 - 0x00007ffac76b2000 	C:\Windows\System32\bcryptPrimitives.dll
0x00007ffac2e90000 - 0x00007ffac2e9e000 	C:\Users\artem\.jdks\openjdk-17.0.2\bin\instrument.dll
0x00007ffab2c10000 - 0x00007ffab2c35000 	C:\Users\artem\.jdks\openjdk-17.0.2\bin\java.dll
0x00007ffaa9e10000 - 0x00007ffaa9ee6000 	C:\Users\artem\.jdks\openjdk-17.0.2\bin\jsvml.dll
0x00007ffac8450000 - 0x00007ffac8b94000 	C:\Windows\System32\SHELL32.dll
0x00007ffac54b0000 - 0x00007ffac5c44000 	C:\Windows\SYSTEM32\windows.storage.dll
0x00007ffac7e90000 - 0x00007ffac81e4000 	C:\Windows\System32\combase.dll
0x00007ffac6ca0000 - 0x00007ffac6cd0000 	C:\Windows\SYSTEM32\Wldp.dll
0x00007ffac9b60000 - 0x00007ffac9c0d000 	C:\Windows\System32\SHCORE.dll
0x00007ffac7e00000 - 0x00007ffac7e55000 	C:\Windows\System32\shlwapi.dll
0x00007ffac7330000 - 0x00007ffac734f000 	C:\Windows\SYSTEM32\profapi.dll
0x00007ffab5a10000 - 0x00007ffab5a29000 	C:\Users\artem\.jdks\openjdk-17.0.2\bin\net.dll
0x00007ffabd8c0000 - 0x00007ffabd9ca000 	C:\Windows\SYSTEM32\WINHTTP.dll
0x00007ffac6a80000 - 0x00007ffac6aea000 	C:\Windows\system32\mswsock.dll
0x00007ffab55d0000 - 0x00007ffab55e6000 	C:\Users\artem\.jdks\openjdk-17.0.2\bin\nio.dll
0x00007ffab4dc0000 - 0x00007ffab4dd8000 	C:\Users\artem\.jdks\openjdk-17.0.2\bin\zip.dll
0x00007ffab4df0000 - 0x00007ffab4e0a000 	C:\Program Files\JetBrains\IntelliJ IDEA Community Edition 2021.3.2\bin\breakgen64.dll
0x000001218dc10000 - 0x000001218dc13000 	C:\Users\artem\.openjfx\cache\19.0.2.1+1\amd64\api-ms-win-core-console-l1-1-0.dll
0x000001218dc20000 - 0x000001218dc23000 	C:\Users\artem\.openjfx\cache\19.0.2.1+1\amd64\api-ms-win-core-console-l1-2-0.dll
0x000001218dc30000 - 0x000001218dc33000 	C:\Users\artem\.openjfx\cache\19.0.2.1+1\amd64\api-ms-win-core-datetime-l1-1-0.dll
0x000001218dc40000 - 0x000001218dc43000 	C:\Users\artem\.openjfx\cache\19.0.2.1+1\amd64\api-ms-win-core-debug-l1-1-0.dll
0x000001218dc50000 - 0x000001218dc53000 	C:\Users\artem\.openjfx\cache\19.0.2.1+1\amd64\api-ms-win-core-errorhandling-l1-1-0.dll
0x000001218dc60000 - 0x000001218dc64000 	C:\Users\artem\.openjfx\cache\19.0.2.1+1\amd64\api-ms-win-core-file-l1-1-0.dll
0x000001218dc70000 - 0x000001218dc73000 	C:\Users\artem\.openjfx\cache\19.0.2.1+1\amd64\api-ms-win-core-file-l1-2-0.dll
0x000001218dc80000 - 0x000001218dc83000 	C:\Users\artem\.openjfx\cache\19.0.2.1+1\amd64\api-ms-win-core-file-l2-1-0.dll
0x000001218dc90000 - 0x000001218dc93000 	C:\Users\artem\.openjfx\cache\19.0.2.1+1\amd64\api-ms-win-core-handle-l1-1-0.dll
0x000001218dca0000 - 0x000001218dca3000 	C:\Users\artem\.openjfx\cache\19.0.2.1+1\amd64\api-ms-win-core-heap-l1-1-0.dll
0x000001218dcb0000 - 0x000001218dcb3000 	C:\Users\artem\.openjfx\cache\19.0.2.1+1\amd64\api-ms-win-core-interlocked-l1-1-0.dll
0x00000121aab80000 - 0x00000121aab83000 	C:\Users\artem\.openjfx\cache\19.0.2.1+1\amd64\api-ms-win-core-libraryloader-l1-1-0.dll
0x00000121aab90000 - 0x00000121aab93000 	C:\Users\artem\.openjfx\cache\19.0.2.1+1\amd64\api-ms-win-core-localization-l1-2-0.dll
0x00000121aaba0000 - 0x00000121aaba3000 	C:\Users\artem\.openjfx\cache\19.0.2.1+1\amd64\api-ms-win-core-memory-l1-1-0.dll
0x00000121aabb0000 - 0x00000121aabb3000 	C:\Users\artem\.openjfx\cache\19.0.2.1+1\amd64\api-ms-win-core-namedpipe-l1-1-0.dll
0x00000121aabc0000 - 0x00000121aabc3000 	C:\Users\artem\.openjfx\cache\19.0.2.1+1\amd64\api-ms-win-core-processenvironment-l1-1-0.dll
0x00000121aabd0000 - 0x00000121aabd3000 	C:\Users\artem\.openjfx\cache\19.0.2.1+1\amd64\api-ms-win-core-processthreads-l1-1-0.dll
0x00000121aabe0000 - 0x00000121aabe3000 	C:\Users\artem\.openjfx\cache\19.0.2.1+1\amd64\api-ms-win-core-processthreads-l1-1-1.dll
0x00000121aabf0000 - 0x00000121aabf3000 	C:\Users\artem\.openjfx\cache\19.0.2.1+1\amd64\api-ms-win-core-profile-l1-1-0.dll
0x00000121ac110000 - 0x00000121ac113000 	C:\Users\artem\.openjfx\cache\19.0.2.1+1\amd64\api-ms-win-core-rtlsupport-l1-1-0.dll
0x00000121ac120000 - 0x00000121ac123000 	C:\Users\artem\.openjfx\cache\19.0.2.1+1\amd64\api-ms-win-core-string-l1-1-0.dll
0x00000121ac130000 - 0x00000121ac133000 	C:\Users\artem\.openjfx\cache\19.0.2.1+1\amd64\api-ms-win-core-synch-l1-1-0.dll
0x00000121ac140000 - 0x00000121ac143000 	C:\Users\artem\.openjfx\cache\19.0.2.1+1\amd64\api-ms-win-core-synch-l1-2-0.dll
0x00000121ac150000 - 0x00000121ac153000 	C:\Users\artem\.openjfx\cache\19.0.2.1+1\amd64\api-ms-win-core-sysinfo-l1-1-0.dll
0x00000121ac160000 - 0x00000121ac163000 	C:\Users\artem\.openjfx\cache\19.0.2.1+1\amd64\api-ms-win-core-timezone-l1-1-0.dll
0x00000121ac170000 - 0x00000121ac173000 	C:\Users\artem\.openjfx\cache\19.0.2.1+1\amd64\api-ms-win-core-util-l1-1-0.dll
0x00000121ac180000 - 0x00000121ac183000 	C:\Users\artem\.openjfx\cache\19.0.2.1+1\amd64\api-ms-win-crt-conio-l1-1-0.dll
0x00000121ac190000 - 0x00000121ac194000 	C:\Users\artem\.openjfx\cache\19.0.2.1+1\amd64\api-ms-win-crt-convert-l1-1-0.dll
0x00000121ac1a0000 - 0x00000121ac1a3000 	C:\Users\artem\.openjfx\cache\19.0.2.1+1\amd64\api-ms-win-crt-environment-l1-1-0.dll
0x00000121ac1b0000 - 0x00000121ac1b3000 	C:\Users\artem\.openjfx\cache\19.0.2.1+1\amd64\api-ms-win-crt-filesystem-l1-1-0.dll
0x00000121ac1c0000 - 0x00000121ac1c3000 	C:\Users\artem\.openjfx\cache\19.0.2.1+1\amd64\api-ms-win-crt-heap-l1-1-0.dll
0x00000121ac1d0000 - 0x00000121ac1d3000 	C:\Users\artem\.openjfx\cache\19.0.2.1+1\amd64\api-ms-win-crt-locale-l1-1-0.dll
0x00000121ac1e0000 - 0x00000121ac1e5000 	C:\Users\artem\.openjfx\cache\19.0.2.1+1\amd64\api-ms-win-crt-math-l1-1-0.dll
0x00000121ac1f0000 - 0x00000121ac1f5000 	C:\Users\artem\.openjfx\cache\19.0.2.1+1\amd64\api-ms-win-crt-multibyte-l1-1-0.dll
0x00000121ac200000 - 0x00000121ac210000 	C:\Users\artem\.openjfx\cache\19.0.2.1+1\amd64\api-ms-win-crt-private-l1-1-0.dll
0x00000121ac210000 - 0x00000121ac213000 	C:\Users\artem\.openjfx\cache\19.0.2.1+1\amd64\api-ms-win-crt-process-l1-1-0.dll
0x00000121ac220000 - 0x00000121ac224000 	C:\Users\artem\.openjfx\cache\19.0.2.1+1\amd64\api-ms-win-crt-runtime-l1-1-0.dll
0x00000121ac230000 - 0x00000121ac234000 	C:\Users\artem\.openjfx\cache\19.0.2.1+1\amd64\api-ms-win-crt-stdio-l1-1-0.dll
0x00000121ac240000 - 0x00000121ac244000 	C:\Users\artem\.openjfx\cache\19.0.2.1+1\amd64\api-ms-win-crt-string-l1-1-0.dll
0x00000121ac250000 - 0x00000121ac253000 	C:\Users\artem\.openjfx\cache\19.0.2.1+1\amd64\api-ms-win-crt-time-l1-1-0.dll
0x00000121ac260000 - 0x00000121ac263000 	C:\Users\artem\.openjfx\cache\19.0.2.1+1\amd64\api-ms-win-crt-utility-l1-1-0.dll
0x00007ffaa5a50000 - 0x00007ffaa5b4c000 	C:\Users\artem\.openjfx\cache\19.0.2.1+1\amd64\ucrtbase.dll
0x00007ffab08f0000 - 0x00007ffab090b000 	C:\Users\artem\.openjfx\cache\19.0.2.1+1\amd64\vcruntime140.dll
0x00007ffab0950000 - 0x00007ffab095c000 	C:\Users\artem\.openjfx\cache\19.0.2.1+1\amd64\vcruntime140_1.dll
0x00007ffaae260000 - 0x00007ffaae2ee000 	C:\Users\artem\.openjfx\cache\19.0.2.1+1\amd64\msvcp140.dll
0x00007ffab08e0000 - 0x00007ffab08e9000 	C:\Users\artem\.openjfx\cache\19.0.2.1+1\amd64\msvcp140_1.dll
0x00007ffaadc70000 - 0x00007ffaadca0000 	C:\Users\artem\.openjfx\cache\19.0.2.1+1\amd64\msvcp140_2.dll
0x00007ffaada40000 - 0x00007ffaada6c000 	C:\Users\artem\.openjfx\cache\19.0.2.1+1\amd64\prism_d3d.dll
0x00007ffa7adf0000 - 0x00007ffa7afbf000 	C:\Windows\system32\d3d9.dll
0x00007ffac4fc0000 - 0x00007ffac4fef000 	C:\Windows\SYSTEM32\dwmapi.dll
0x00007ffac4dd0000 - 0x00007ffac4e6e000 	C:\Windows\system32\uxtheme.dll
0x00007ffabd2d0000 - 0x00007ffabd4ab000 	C:\Windows\System32\DriverStore\FileRepository\u0361313.inf_amd64_07132764fbaf152d\B361334\aticfx64.dll
0x00007ffab0910000 - 0x00007ffab0943000 	C:\Windows\System32\DriverStore\FileRepository\u0361313.inf_amd64_07132764fbaf152d\B361334\atiu9p64.dll
0x00007ffa38a50000 - 0x00007ffa396e6000 	C:\Windows\System32\DriverStore\FileRepository\u0361313.inf_amd64_07132764fbaf152d\B361334\atiumd64.dll
0x00007ffac96e0000 - 0x00007ffac980a000 	C:\Windows\System32\ole32.dll
0x0000000076490000 - 0x0000000077309000 	C:\Windows\System32\DriverStore\FileRepository\u0361313.inf_amd64_07132764fbaf152d\B361334\atiumd6a.dll
0x00007ffac7260000 - 0x00007ffac72ab000 	C:\Windows\SYSTEM32\POWRPROF.dll
0x00007ffac7240000 - 0x00007ffac7252000 	C:\Windows\SYSTEM32\UMPDC.dll
0x00007ffabb150000 - 0x00007ffabb17f000 	C:\Windows\SYSTEM32\amdihk64.dll
0x00007ffaad9f0000 - 0x00007ffaada32000 	C:\Users\artem\.openjfx\cache\19.0.2.1+1\amd64\glass.dll
0x00007ffac9960000 - 0x00007ffac9a3a000 	C:\Windows\System32\COMDLG32.dll
0x00007ffac7d30000 - 0x00007ffac7dfd000 	C:\Windows\System32\OLEAUT32.dll
0x00007ffac9a40000 - 0x00007ffac9b55000 	C:\Windows\System32\MSCTF.dll
0x00007ffabe620000 - 0x00007ffabe65b000 	C:\Windows\SYSTEM32\dxcore.dll
0x00007ffac76c0000 - 0x00007ffac770e000 	C:\Windows\System32\cfgmgr32.dll
0x00007ffaae650000 - 0x00007ffaae664000 	C:\Users\artem\.openjfx\cache\19.0.2.1+1\amd64\javafx_font.dll
0x00007ffab8430000 - 0x00007ffab86af000 	C:\Windows\SYSTEM32\dwrite.dll
0x00007ffac9170000 - 0x00007ffac9219000 	C:\Windows\System32\clbcatq.dll
0x00007ffac1bf0000 - 0x00007ffac1da4000 	C:\Windows\SYSTEM32\WindowsCodecs.dll
0x00007ffac7500000 - 0x00007ffac7527000 	C:\Windows\System32\bcrypt.dll
0x00007ffaaac80000 - 0x00007ffaaacbe000 	C:\Windows\system32\dataexchange.dll
0x00007ffac30e0000 - 0x00007ffac3343000 	C:\Windows\system32\d3d11.dll
0x00007ffac4010000 - 0x00007ffac41f4000 	C:\Windows\system32\dcomp.dll
0x00007ffac5cb0000 - 0x00007ffac5da3000 	C:\Windows\system32\dxgi.dll
0x00007ffac1e00000 - 0x00007ffac2000000 	C:\Windows\system32\twinapi.appcore.dll
0x00007ffaae560000 - 0x00007ffaae594000 	C:\Program Files\Common Files\Microsoft Shared\Ink\rtscom.dll
0x00007ffaba0f0000 - 0x00007ffaba1e9000 	C:\Windows\SYSTEM32\textinputframework.dll
0x00007ffac4580000 - 0x00007ffac48de000 	C:\Windows\System32\CoreUIComponents.dll
0x00007ffac49c0000 - 0x00007ffac4ab2000 	C:\Windows\System32\CoreMessaging.dll
0x00007ffac60b0000 - 0x00007ffac60e3000 	C:\Windows\SYSTEM32\ntmarta.dll
0x00007ffac3eb0000 - 0x00007ffac4004000 	C:\Windows\SYSTEM32\wintypes.dll

dbghelp: loaded successfully - version: 4.0.5 - missing functions: none
symbol engine: initialized successfully - sym options: 0x614 - pdb path: .;C:\Users\artem\.jdks\openjdk-17.0.2\bin;C:\Windows\SYSTEM32;C:\Windows\WinSxS\amd64_microsoft.windows.common-controls_6595b64144ccf1df_6.0.19041.1110_none_60b5254171f9507e;C:\Users\artem\.jdks\openjdk-17.0.2\bin\server;C:\Program Files\JetBrains\IntelliJ IDEA Community Edition 2021.3.2\bin;C:\Users\artem\.openjfx\cache\19.0.2.1+1\amd64;C:\Windows\System32\DriverStore\FileRepository\u0361313.inf_amd64_07132764fbaf152d\B361334;C:\Program Files\Common Files\Microsoft Shared\Ink

VM Arguments:
jvm_args: -javaagent:C:\Program Files\JetBrains\IntelliJ IDEA Community Edition 2021.3.2\lib\idea_rt.jar=56931:C:\Program Files\JetBrains\IntelliJ IDEA Community Edition 2021.3.2\bin -Dfile.encoding=UTF-8 --module-path=C:\Users\artem\.m2\repository\org\openjfx\javafx-fxml\19.0.2.1\javafx-fxml-19.0.2.1-win.jar;C:\Users\artem\IdeaProjects\LibraryProject\target\classes;C:\Users\artem\.m2\repository\org\openjfx\javafx-graphics\19.0.2.1\javafx-graphics-19.0.2.1-win.jar;C:\Users\artem\.m2\repository\org\openjfx\javafx-base\19.0.2.1\javafx-base-19.0.2.1-win.jar;C:\Users\artem\.m2\repository\org\openjfx\javafx-controls\19.0.2.1\javafx-controls-19.0.2.1-win.jar -Djdk.module.main=com.example.libraryproject 
java_command: com.example.libraryproject/com.example.libraryproject.HelloApplication
java_class_path (initial): C:\Users\artem\.m2\repository\org\openjfx\javafx-controls\19.0.2.1\javafx-controls-19.0.2.1.jar;C:\Users\artem\.m2\repository\org\openjfx\javafx-graphics\19.0.2.1\javafx-graphics-19.0.2.1.jar;C:\Users\artem\.m2\repository\org\openjfx\javafx-base\19.0.2.1\javafx-base-19.0.2.1.jar;C:\Users\artem\.m2\repository\org\openjfx\javafx-fxml\19.0.2.1\javafx-fxml-19.0.2.1.jar
Launcher Type: SUN_STANDARD

[Global flags]
     intx CICompilerCount                          = 4                                         {product} {ergonomic}
     uint ConcGCThreads                            = 2                                         {product} {ergonomic}
     uint G1ConcRefinementThreads                  = 8                                         {product} {ergonomic}
   size_t G1HeapRegionSize                         = 1048576                                   {product} {ergonomic}
    uintx GCDrainStackTargetSize                   = 64                                        {product} {ergonomic}
   size_t InitialHeapSize                          = 100663296                                 {product} {ergonomic}
   size_t MarkStackSize                            = 4194304                                   {product} {ergonomic}
   size_t MaxHeapSize                              = 1598029824                                {product} {ergonomic}
   size_t MaxNewSize                               = 958398464                                 {product} {ergonomic}
   size_t MinHeapDeltaBytes                        = 1048576                                   {product} {ergonomic}
   size_t MinHeapSize                              = 8388608                                   {product} {ergonomic}
    uintx NonNMethodCodeHeapSize                   = 5839372                                {pd product} {ergonomic}
    uintx NonProfiledCodeHeapSize                  = 122909434                              {pd product} {ergonomic}
    uintx ProfiledCodeHeapSize                     = 122909434                              {pd product} {ergonomic}
    uintx ReservedCodeCacheSize                    = 251658240                              {pd product} {ergonomic}
     bool SegmentedCodeCache                       = true                                      {product} {ergonomic}
   size_t SoftMaxHeapSize                          = 1598029824                             {manageable} {ergonomic}
     bool UseCompressedClassPointers               = true                           {product lp64_product} {ergonomic}
     bool UseCompressedOops                        = true                           {product lp64_product} {ergonomic}
     bool UseG1GC                                  = true                                      {product} {ergonomic}
     bool UseLargePagesIndividualAllocation        = false                                  {pd product} {ergonomic}

Logging:
Log output configuration:
 #0: stdout all=off uptime,level,tags
 #1: stderr all=off uptime,level,tags

Environment Variables:
PATH=C:\Windows\system32;C:\Windows;C:\Windows\System32\Wbem;C:\Windows\System32\WindowsPowerShell\v1.0\;C:\Windows\System32\OpenSSH\;C:\Program Files\Git\cmd;C:\Program Files (x86)\dotnet\;C:\Program Files\Docker\Docker\resources\bin;D:\PostgreSQL\15\bin;C:\Program Files\dotnet\;C:\python;C:\python\Scripts;C:\Users\artem\AppData\Local\Programs\Python\Launcher\;C:\Users\artem\AppData\Local\Microsoft\WindowsApps;C:\Program Files\JetBrains\IntelliJ IDEA Community Edition 2021.3.2\bin;;C:\Users\artem\.jdks\openjdk-17.0.2\bin;
USERNAME=artem
OS=Windows_NT
PROCESSOR_IDENTIFIER=AMD64 Family 23 Model 24 Stepping 1, AuthenticAMD



---------------  S Y S T E M  ---------------

OS:
 Windows 10 , 64 bit Build 19041 (10.0.19041.1889)
OS uptime: 0 days 8:25 hours
Hyper-V role detected

CPU: total 8 (initial active 8) (8 cores per cpu, 2 threads per core) family 23 model 24 stepping 1 microcode 0x0, cx8, cmov, fxsr, ht, mmx, 3dnowpref, sse, sse2, sse3, ssse3, sse4a, sse4.1, sse4.2, popcnt, lzcnt, tsc, tscinvbit, avx, avx2, aes, clmul, bmi1, bmi2, adx, sha, fma, vzeroupper, clflush, clflushopt, hv

Memory: 4k page, system-wide physical 6091M (731M free)
TotalPageFile size 13254M (AvailPageFile size 1758M)
current process WorkingSet (physical memory assigned to process): 132M, peak: 151M
current process commit charge ("private bytes"): 241M, peak: 262M

vm_info: OpenJDK 64-Bit Server VM (17.0.2+8-86) for windows-amd64 JRE (17.0.2+8-86), built on Dec  7 2021 21:49:10 by "mach5one" with MS VC++ 16.8 / 16.9 (VS2019)

END.
