#
# A fatal error has been detected by the Java Runtime Environment:
#
#  EXCEPTION_ACCESS_VIOLATION (0xc0000005) at pc=0x00007ffaab7d6407, pid=16368, tid=6664
#
# JRE version: OpenJDK Runtime Environment (17.0.2+8) (build 17.0.2+8-86)
# Java VM: OpenJDK 64-Bit Server VM (17.0.2+8-86, mixed mode, sharing, tiered, compressed oops, compressed class ptrs, g1 gc, windows-amd64)
# Problematic frame:
# C  [glass.dll+0x26407]
#
# No core dump will be written. Minidumps are not enabled by default on client versions of Windows
#
# If you would like to submit a bug report, please visit:
#   https://bugreport.java.com/bugreport/crash.jsp
#

---------------  S U M M A R Y ------------

Command Line: -javaagent:C:\Program Files\JetBrains\IntelliJ IDEA Community Edition 2021.3.2\lib\idea_rt.jar=56889:C:\Program Files\JetBrains\IntelliJ IDEA Community Edition 2021.3.2\bin -Dfile.encoding=UTF-8 --module-path=C:\Users\artem\.m2\repository\org\openjfx\javafx-fxml\19.0.2.1\javafx-fxml-19.0.2.1-win.jar;C:\Users\artem\IdeaProjects\LibraryProject\target\classes;C:\Users\artem\.m2\repository\org\openjfx\javafx-graphics\19.0.2.1\javafx-graphics-19.0.2.1-win.jar;C:\Users\artem\.m2\repository\org\openjfx\javafx-base\19.0.2.1\javafx-base-19.0.2.1-win.jar;C:\Users\artem\.m2\repository\org\openjfx\javafx-controls\19.0.2.1\javafx-controls-19.0.2.1-win.jar -Djdk.module.main=com.example.libraryproject com.example.libraryproject/com.example.libraryproject.HelloApplication

Host: AMD Ryzen 5 3500U with Radeon Vega Mobile Gfx  , 8 cores, 5G,  Windows 10 , 64 bit Build 19041 (10.0.19041.1889)
Time: Tue Dec 12 01:40:40 2023 RTZ 2 (s 10 , 64 bit Build 19041 (10.0.19041.1889) elapsed time: 14.753921 seconds (0d 0h 0m 14s)

---------------  T H R E A D  ---------------

Current thread (0x000001d1232e38d0):  VMThread "VM Thread" [stack: 0x00000027fad00000,0x00000027fae00000] [id=6664]

Stack: [0x00000027fad00000,0x00000027fae00000],  sp=0x00000027fadff280,  free space=1020k
Native frames: (J=compiled Java code, j=interpreted, Vv=VM code, C=native code)
C  [glass.dll+0x26407]


siginfo: EXCEPTION_ACCESS_VIOLATION (0xc0000005), reading address 0x0000000000000000


Register to memory mapping:

RIP=0x00007ffaab7d6407 glass.dll
RAX=0x0 is NULL
RBX=0x000001d1232f05e0 is a global jni handle
RCX=0x000001d1232e38d0 points into unknown readable memory: 0x00007ffa387fe880 | 80 e8 7f 38 fa 7f 00 00
RDX=0x00000027fadff280 points into unknown readable memory: 0x0000000000000000 | 00 00 00 00 00 00 00 00
RSP=0x00000027fadff280 points into unknown readable memory: 0x0000000000000000 | 00 00 00 00 00 00 00 00
RBP=0x000001d1248f8a48 points into unknown readable memory: 0x00004f9bb22e6275 | 75 62 2e b2 9b 4f 00 00
RSI=0x000001d1248f8a20 points into unknown readable memory: 0x0b004f944d7b0dd2 | d2 0d 7b 4d 94 4f 00 0b
RDI=0x00004f9bb22e6275 is an unknown value
R8 =0x0000000000010002 is an unknown value
R9 =0x00004f9bb22e6275 is an unknown value
R10=0x0000000000008000 is an unknown value
R11=0x00000027fadff210 points into unknown readable memory: 0x000001d1248f8a20 | 20 8a 8f 24 d1 01 00 00
R12=0x00007ffaab7d3d40 glass.dll
R13=0x00007ffa389a49d0 jvm.dll
R14=0x00000027fadff378 points into unknown readable memory: 0x00000027fadff360 | 60 f3 df fa 27 00 00 00
R15=0x000001d1248f8a20 points into unknown readable memory: 0x0b004f944d7b0dd2 | d2 0d 7b 4d 94 4f 00 0b


Registers:
RAX=0x0000000000000000, RBX=0x000001d1232f05e0, RCX=0x000001d1232e38d0, RDX=0x00000027fadff280
RSP=0x00000027fadff280, RBP=0x000001d1248f8a48, RSI=0x000001d1248f8a20, RDI=0x00004f9bb22e6275
R8 =0x0000000000010002, R9 =0x00004f9bb22e6275, R10=0x0000000000008000, R11=0x00000027fadff210
R12=0x00007ffaab7d3d40, R13=0x00007ffa389a49d0, R14=0x00000027fadff378, R15=0x000001d1248f8a20
RIP=0x00007ffaab7d6407, EFLAGS=0x0000000000010206

Top of Stack: (sp=0x00000027fadff280)
0x00000027fadff280:   0000000000000000 000001d1248f8a20
0x00000027fadff290:   00007ffa389a49d0 00007ffaab7d3d40
0x00000027fadff2a0:   000001d1248f8a28 00007ffac75442d6
0x00000027fadff2b0:   00004f9bb22e6275 000001d100000000
0x00000027fadff2c0:   000001d1248f8a48 000001d1248f8a20
0x00000027fadff2d0:   fffffffffffffffe 0000000000000000
0x00000027fadff2e0:   0000000000000001 00007ffaab7b0000
0x00000027fadff2f0:   00000027fadff368 00007ffac75441fb
0x00000027fadff300:   0000000000000000 00000027fadff378
0x00000027fadff310:   00000027fadff640 00007ffac7620e40
0x00000027fadff320:   0000000000000001 00007ffac75441b4
0x00000027fadff330:   0000000000000000 0000000000000001
0x00000027fadff340:   0000000000000000 00000027fadff368
0x00000027fadff350:   0000000000000001 00007ffaab7d3bcd
0x00000027fadff360:   00007ffaab7e9f88 00007ffa00000002
0x00000027fadff370:   0000000000000002 00000027fadff360 

Instructions: (pc=0x00007ffaab7d6407)
0x00007ffaab7d6307:   8b 4d 58 e8 7d cf ff ff 48 8b 4d 60 e8 74 cf ff
0x00007ffaab7d6317:   ff 48 8b 95 80 00 00 00 48 8b 8d 18 01 00 00 e8
0x00007ffaab7d6327:   66 c4 ff ff 33 d2 33 c9 e8 bc e1 ff ff 90 48 89
0x00007ffaab7d6337:   54 24 10 55 48 83 ec 20 48 8b ea 48 b8 00 00 00
0x00007ffaab7d6347:   00 00 00 00 00 48 83 c4 20 5d c3 cc 40 55 48 8b
0x00007ffaab7d6357:   ea 48 8b 01 33 c9 81 38 05 00 00 c0 0f 94 c1 8b
0x00007ffaab7d6367:   c1 5d c3 cc 40 55 48 83 ec 20 48 8b ea 8a 4d 40
0x00007ffaab7d6377:   48 83 c4 20 5d e9 63 d3 ff ff cc 40 55 48 83 ec
0x00007ffaab7d6387:   20 48 8b ea 8a 4d 20 e8 51 d3 ff ff 90 48 83 c4
0x00007ffaab7d6397:   20 5d c3 cc 40 55 48 83 ec 20 48 8b ea 48 83 c4
0x00007ffaab7d63a7:   20 5d e9 b2 d1 ff ff cc 40 55 48 83 ec 30 48 8b
0x00007ffaab7d63b7:   ea 48 8b 01 8b 10 48 89 4c 24 28 89 54 24 20 4c
0x00007ffaab7d63c7:   8d 0d 53 d6 ff ff 4c 8b 45 70 8b 55 68 48 8b 4d
0x00007ffaab7d63d7:   60 e8 f3 d0 ff ff 90 48 83 c4 30 5d c3 cc cc cc
0x00007ffaab7d63e7:   cc cc cc cc cc cc cc cc cc 40 53 48 83 ec 20 48
0x00007ffaab7d63f7:   8b 1d 8b 35 01 00 48 85 db 74 16 e8 79 8b ff ff
0x00007ffaab7d6407:   4c 8b 00 48 8b d3 48 8b c8 41 ff 90 b0 00 00 00
0x00007ffaab7d6417:   90 48 83 c4 20 5b c3 cc cc 40 53 48 83 ec 20 48
0x00007ffaab7d6427:   8b 1d fb 36 01 00 48 85 db 74 57 b8 ff ff ff ff
0x00007ffaab7d6437:   f0 0f c1 43 10 83 f8 01 75 3d 48 85 db 74 38 48
0x00007ffaab7d6447:   8b 0b 48 85 c9 74 0d ff 15 54 0e 00 00 48 c7 03
0x00007ffaab7d6457:   00 00 00 00 48 8b 4b 08 48 85 c9 74 0d e8 23 ce
0x00007ffaab7d6467:   ff ff 48 c7 43 08 00 00 00 00 ba 18 00 00 00 48
0x00007ffaab7d6477:   8b cb e8 0e ce ff ff 48 c7 05 9f 36 01 00 00 00
0x00007ffaab7d6487:   00 00 48 83 c4 20 5b c3 cc 40 53 48 83 ec 20 48
0x00007ffaab7d6497:   8b 1d 6b 36 01 00 48 85 db 74 57 b8 ff ff ff ff
0x00007ffaab7d64a7:   f0 0f c1 43 10 83 f8 01 75 3d 48 85 db 74 38 48
0x00007ffaab7d64b7:   8b 0b 48 85 c9 74 0d ff 15 e4 0d 00 00 48 c7 03
0x00007ffaab7d64c7:   00 00 00 00 48 8b 4b 08 48 85 c9 74 0d e8 b3 cd
0x00007ffaab7d64d7:   ff ff 48 c7 43 08 00 00 00 00 ba 18 00 00 00 48
0x00007ffaab7d64e7:   8b cb e8 9e cd ff ff 48 c7 05 0f 36 01 00 00 00
0x00007ffaab7d64f7:   00 00 48 83 c4 20 5b c3 cc 40 53 48 83 ec 20 48 


Stack slot to memory mapping:
stack at sp + 0 slots: 0x0 is NULL
stack at sp + 1 slots: 0x000001d1248f8a20 points into unknown readable memory: 0x0b004f944d7b0dd2 | d2 0d 7b 4d 94 4f 00 0b
stack at sp + 2 slots: 0x00007ffa389a49d0 jvm.dll
stack at sp + 3 slots: 0x00007ffaab7d3d40 glass.dll
stack at sp + 4 slots: 0x000001d1248f8a28 points into unknown readable memory: 0x00004f9bb22e6275 | 75 62 2e b2 9b 4f 00 00
stack at sp + 5 slots: 0x00007ffac75442d6 ucrtbase.dll
stack at sp + 6 slots: 0x00004f9bb22e6275 is an unknown value
stack at sp + 7 slots: 0x000001d100000000 is an unknown value

VM_Operation (0x00000027fd4ff090): Exit, mode: safepoint, requested by thread 0x000001d12417bd00


---------------  P R O C E S S  ---------------

Threads class SMR info:
_java_thread_list=0x000001d1255677f0, length=21, elements={
0x000001d10459d9f0, 0x000001d1232e82f0, 0x000001d1232e9070, 0x000001d1232ff840,
0x000001d123303620, 0x000001d123303ee0, 0x000001d1233047a0, 0x000001d123305390,
0x000001d123307710, 0x000001d123308010, 0x000001d104673250, 0x000001d123fe6000,
0x000001d123fe64d0, 0x000001d12470af90, 0x000001d12417d9e0, 0x000001d12417c1d0,
0x000001d12417cb70, 0x000001d12417ae90, 0x000001d12417b830, 0x000001d12417d040,
0x000001d12417bd00
}

Java Threads: ( => current thread )
  0x000001d10459d9f0 JavaThread "main" [_thread_blocked, id=5372, stack(0x00000027fa700000,0x00000027fa800000)]
  0x000001d1232e82f0 JavaThread "Reference Handler" daemon [_thread_blocked, id=3416, stack(0x00000027fae00000,0x00000027faf00000)]
  0x000001d1232e9070 JavaThread "Finalizer" daemon [_thread_blocked, id=13388, stack(0x00000027faf00000,0x00000027fb000000)]
  0x000001d1232ff840 JavaThread "Signal Dispatcher" daemon [_thread_blocked, id=14164, stack(0x00000027fb000000,0x00000027fb100000)]
  0x000001d123303620 JavaThread "Attach Listener" daemon [_thread_blocked, id=13892, stack(0x00000027fb100000,0x00000027fb200000)]
  0x000001d123303ee0 JavaThread "Service Thread" daemon [_thread_blocked, id=12696, stack(0x00000027fb200000,0x00000027fb300000)]
  0x000001d1233047a0 JavaThread "Monitor Deflation Thread" daemon [_thread_blocked, id=1912, stack(0x00000027fb300000,0x00000027fb400000)]
  0x000001d123305390 JavaThread "C2 CompilerThread0" daemon [_thread_blocked, id=4868, stack(0x00000027fb400000,0x00000027fb500000)]
  0x000001d123307710 JavaThread "C1 CompilerThread0" daemon [_thread_blocked, id=11204, stack(0x00000027fb500000,0x00000027fb600000)]
  0x000001d123308010 JavaThread "Sweeper thread" daemon [_thread_blocked, id=14704, stack(0x00000027fb600000,0x00000027fb700000)]
  0x000001d104673250 JavaThread "Common-Cleaner" daemon [_thread_blocked, id=4380, stack(0x00000027fb700000,0x00000027fb800000)]
  0x000001d123fe6000 JavaThread "Monitor Ctrl-Break" daemon [_thread_in_native, id=13536, stack(0x00000027fba00000,0x00000027fbb00000)]
  0x000001d123fe64d0 JavaThread "Notification Thread" daemon [_thread_blocked, id=9804, stack(0x00000027fbb00000,0x00000027fbc00000)]
  0x000001d12470af90 JavaThread "QuantumRenderer-0" daemon [_thread_blocked, id=1672, stack(0x00000027fbd00000,0x00000027fbe00000)]
  0x000001d12417d9e0 JavaThread "InvokeLaterDispatcher" daemon [_thread_blocked, id=6380, stack(0x00000027fc000000,0x00000027fc100000)]
  0x000001d12417c1d0 JavaThread "JavaFX Application Thread" [_thread_in_native, id=14028, stack(0x00000027fc100000,0x00000027fc200000)]
  0x000001d12417cb70 JavaThread "Thread-1" daemon [_thread_in_native, id=16268, stack(0x00000027fc800000,0x00000027fc900000)]
  0x000001d12417ae90 JavaThread "JavaFX-Launcher" [_thread_blocked, id=15484, stack(0x00000027fc900000,0x00000027fca00000)]
  0x000001d12417b830 JavaThread "Prism Font Disposer" daemon [_thread_blocked, id=2488, stack(0x00000027fcf00000,0x00000027fd000000)]
  0x000001d12417d040 JavaThread "Cleaner-0" daemon [_thread_blocked, id=12036, stack(0x00000027fd000000,0x00000027fd100000)]
  0x000001d12417bd00 JavaThread "SIGINT handler" daemon [_thread_blocked, id=11072, stack(0x00000027fd400000,0x00000027fd500000)]

Other Threads:
=>0x000001d1232e38d0 VMThread "VM Thread" [stack: 0x00000027fad00000,0x00000027fae00000] [id=6664]
  0x000001d1045d4030 GCTaskThread "GC Thread#0" [stack: 0x00000027fa800000,0x00000027fa900000] [id=8028]
  0x000001d12462b8d0 GCTaskThread "GC Thread#1" [stack: 0x00000027fb900000,0x00000027fba00000] [id=7748]
  0x000001d124e24020 GCTaskThread "GC Thread#2" [stack: 0x00000027fca00000,0x00000027fcb00000] [id=16176]
  0x000001d124622630 GCTaskThread "GC Thread#3" [stack: 0x00000027fcb00000,0x00000027fcc00000] [id=15476]
  0x000001d124625dd0 GCTaskThread "GC Thread#4" [stack: 0x00000027fcc00000,0x00000027fcd00000] [id=8772]
  0x000001d124a28cd0 GCTaskThread "GC Thread#5" [stack: 0x00000027fcd00000,0x00000027fce00000] [id=15980]
  0x000001d12b9ba990 GCTaskThread "GC Thread#6" [stack: 0x00000027fd100000,0x00000027fd200000] [id=6932]
  0x000001d1258deb00 GCTaskThread "GC Thread#7" [stack: 0x00000027fd200000,0x00000027fd300000] [id=14052]
  0x000001d1045e2d20 ConcurrentGCThread "G1 Main Marker" terminated
  0x000001d1045e3de0 ConcurrentGCThread "G1 Conc#0" [stack: 0x00000027faa00000,0x00000027fab00000] [id=14636]
  0x000001d10465b900 ConcurrentGCThread "G1 Refine#0" terminated
  0x000001d10465c230 ConcurrentGCThread "G1 Service" terminated

Threads with active compile tasks:

VM state: at safepoint (shutting down)

VM Mutex/Monitor currently owned by a thread:  ([mutex/lock_event])
[0x000001d10459af50] Threads_lock - owner thread: 0x000001d1232e38d0
[0x000001d104599ba0] Heap_lock - owner thread: 0x000001d12417bd00

Heap address: 0x00000000a0c00000, size: 1524 MB, Compressed Oops mode: 32-bit

CDS archive(s) mapped at: [0x0000000800000000-0x0000000800bc0000-0x0000000800bc0000), size 12320768, SharedBaseAddress: 0x0000000800000000, ArchiveRelocationMode: 0.
Compressed class space mapped at: 0x0000000800c00000-0x0000000840c00000, reserved size: 1073741824
Narrow klass base: 0x0000000800000000, Narrow klass shift: 0, Narrow klass range: 0x100000000

GC Precious Log:
 CPUs: 8 total, 8 available
 Memory: 6091M
 Large Page Support: Disabled
 NUMA Support: Disabled
 Compressed Oops: Enabled (32-bit)
 Heap Region Size: 1M
 Heap Min Capacity: 8M
 Heap Initial Capacity: 96M
 Heap Max Capacity: 1524M
 Pre-touch: Disabled
 Parallel Workers: 8
 Concurrent Workers: 2
 Concurrent Refinement Workers: 8
 Periodic GC: Disabled

Heap:
 garbage-first heap   total 98304K, used 20789K [0x00000000a0c00000, 0x0000000100000000)
  region size 1024K, 17 young (17408K), 5 survivors (5120K)
 Metaspace       used 15920K, committed 16128K, reserved 1064960K
  class space    used 2320K, committed 2432K, reserved 1048576K

Heap Regions: E=young(eden), S=young(survivor), O=old, HS=humongous(starts), HC=humongous(continues), CS=collection set, F=free, OA=open archive, CA=closed archive, TAMS=top-at-mark-start (previous, next)
|   0|0x00000000a0c00000, 0x00000000a0d00000, 0x00000000a0d00000|100%|HS|  |TAMS 0x00000000a0c00000, 0x00000000a0c00000| Complete 
|   1|0x00000000a0d00000, 0x00000000a0e00000, 0x00000000a0e00000|100%|HC|  |TAMS 0x00000000a0d00000, 0x00000000a0d00000| Complete 
|   2|0x00000000a0e00000, 0x00000000a0f00000, 0x00000000a0f00000|100%| O|  |TAMS 0x00000000a0e00000, 0x00000000a0e00000| Untracked 
|   3|0x00000000a0f00000, 0x00000000a1000000, 0x00000000a1000000|100%| O|  |TAMS 0x00000000a0f00000, 0x00000000a0f00000| Untracked 
|   4|0x00000000a1000000, 0x00000000a10cc400, 0x00000000a1100000| 79%| O|  |TAMS 0x00000000a1000000, 0x00000000a1000000| Untracked 
|   5|0x00000000a1100000, 0x00000000a1100000, 0x00000000a1200000|  0%| F|  |TAMS 0x00000000a1100000, 0x00000000a1100000| Untracked 
|   6|0x00000000a1200000, 0x00000000a1200000, 0x00000000a1300000|  0%| F|  |TAMS 0x00000000a1200000, 0x00000000a1200000| Untracked 
|   7|0x00000000a1300000, 0x00000000a1300000, 0x00000000a1400000|  0%| F|  |TAMS 0x00000000a1300000, 0x00000000a1300000| Untracked 
|   8|0x00000000a1400000, 0x00000000a1400000, 0x00000000a1500000|  0%| F|  |TAMS 0x00000000a1400000, 0x00000000a1400000| Untracked 
|   9|0x00000000a1500000, 0x00000000a1500000, 0x00000000a1600000|  0%| F|  |TAMS 0x00000000a1500000, 0x00000000a1500000| Untracked 
|  10|0x00000000a1600000, 0x00000000a1600000, 0x00000000a1700000|  0%| F|  |TAMS 0x00000000a1600000, 0x00000000a1600000| Untracked 
|  11|0x00000000a1700000, 0x00000000a1700000, 0x00000000a1800000|  0%| F|  |TAMS 0x00000000a1700000, 0x00000000a1700000| Untracked 
|  12|0x00000000a1800000, 0x00000000a1800000, 0x00000000a1900000|  0%| F|  |TAMS 0x00000000a1800000, 0x00000000a1800000| Untracked 
|  13|0x00000000a1900000, 0x00000000a1900000, 0x00000000a1a00000|  0%| F|  |TAMS 0x00000000a1900000, 0x00000000a1900000| Untracked 
|  14|0x00000000a1a00000, 0x00000000a1a00000, 0x00000000a1b00000|  0%| F|  |TAMS 0x00000000a1a00000, 0x00000000a1a00000| Untracked 
|  15|0x00000000a1b00000, 0x00000000a1b00000, 0x00000000a1c00000|  0%| F|  |TAMS 0x00000000a1b00000, 0x00000000a1b00000| Untracked 
|  16|0x00000000a1c00000, 0x00000000a1c00000, 0x00000000a1d00000|  0%| F|  |TAMS 0x00000000a1c00000, 0x00000000a1c00000| Untracked 
|  17|0x00000000a1d00000, 0x00000000a1d00000, 0x00000000a1e00000|  0%| F|  |TAMS 0x00000000a1d00000, 0x00000000a1d00000| Untracked 
|  18|0x00000000a1e00000, 0x00000000a1e00000, 0x00000000a1f00000|  0%| F|  |TAMS 0x00000000a1e00000, 0x00000000a1e00000| Untracked 
|  19|0x00000000a1f00000, 0x00000000a1f00000, 0x00000000a2000000|  0%| F|  |TAMS 0x00000000a1f00000, 0x00000000a1f00000| Untracked 
|  20|0x00000000a2000000, 0x00000000a2000000, 0x00000000a2100000|  0%| F|  |TAMS 0x00000000a2000000, 0x00000000a2000000| Untracked 
|  21|0x00000000a2100000, 0x00000000a2100000, 0x00000000a2200000|  0%| F|  |TAMS 0x00000000a2100000, 0x00000000a2100000| Untracked 
|  22|0x00000000a2200000, 0x00000000a2200000, 0x00000000a2300000|  0%| F|  |TAMS 0x00000000a2200000, 0x00000000a2200000| Untracked 
|  23|0x00000000a2300000, 0x00000000a2300000, 0x00000000a2400000|  0%| F|  |TAMS 0x00000000a2300000, 0x00000000a2300000| Untracked 
|  24|0x00000000a2400000, 0x00000000a2400000, 0x00000000a2500000|  0%| F|  |TAMS 0x00000000a2400000, 0x00000000a2400000| Untracked 
|  25|0x00000000a2500000, 0x00000000a2500000, 0x00000000a2600000|  0%| F|  |TAMS 0x00000000a2500000, 0x00000000a2500000| Untracked 
|  26|0x00000000a2600000, 0x00000000a2600000, 0x00000000a2700000|  0%| F|  |TAMS 0x00000000a2600000, 0x00000000a2600000| Untracked 
|  27|0x00000000a2700000, 0x00000000a2700000, 0x00000000a2800000|  0%| F|  |TAMS 0x00000000a2700000, 0x00000000a2700000| Untracked 
|  28|0x00000000a2800000, 0x00000000a2800000, 0x00000000a2900000|  0%| F|  |TAMS 0x00000000a2800000, 0x00000000a2800000| Untracked 
|  29|0x00000000a2900000, 0x00000000a2900000, 0x00000000a2a00000|  0%| F|  |TAMS 0x00000000a2900000, 0x00000000a2900000| Untracked 
|  30|0x00000000a2a00000, 0x00000000a2a00000, 0x00000000a2b00000|  0%| F|  |TAMS 0x00000000a2a00000, 0x00000000a2a00000| Untracked 
|  31|0x00000000a2b00000, 0x00000000a2b00000, 0x00000000a2c00000|  0%| F|  |TAMS 0x00000000a2b00000, 0x00000000a2b00000| Untracked 
|  32|0x00000000a2c00000, 0x00000000a2c00000, 0x00000000a2d00000|  0%| F|  |TAMS 0x00000000a2c00000, 0x00000000a2c00000| Untracked 
|  33|0x00000000a2d00000, 0x00000000a2d00000, 0x00000000a2e00000|  0%| F|  |TAMS 0x00000000a2d00000, 0x00000000a2d00000| Untracked 
|  34|0x00000000a2e00000, 0x00000000a2e00000, 0x00000000a2f00000|  0%| F|  |TAMS 0x00000000a2e00000, 0x00000000a2e00000| Untracked 
|  35|0x00000000a2f00000, 0x00000000a2f00000, 0x00000000a3000000|  0%| F|  |TAMS 0x00000000a2f00000, 0x00000000a2f00000| Untracked 
|  36|0x00000000a3000000, 0x00000000a3000000, 0x00000000a3100000|  0%| F|  |TAMS 0x00000000a3000000, 0x00000000a3000000| Untracked 
|  37|0x00000000a3100000, 0x00000000a3100000, 0x00000000a3200000|  0%| F|  |TAMS 0x00000000a3100000, 0x00000000a3100000| Untracked 
|  38|0x00000000a3200000, 0x00000000a3200000, 0x00000000a3300000|  0%| F|  |TAMS 0x00000000a3200000, 0x00000000a3200000| Untracked 
|  39|0x00000000a3300000, 0x00000000a3300000, 0x00000000a3400000|  0%| F|  |TAMS 0x00000000a3300000, 0x00000000a3300000| Untracked 
|  40|0x00000000a3400000, 0x00000000a3400000, 0x00000000a3500000|  0%| F|  |TAMS 0x00000000a3400000, 0x00000000a3400000| Untracked 
|  41|0x00000000a3500000, 0x00000000a3500000, 0x00000000a3600000|  0%| F|  |TAMS 0x00000000a3500000, 0x00000000a3500000| Untracked 
|  42|0x00000000a3600000, 0x00000000a3600000, 0x00000000a3700000|  0%| F|  |TAMS 0x00000000a3600000, 0x00000000a3600000| Untracked 
|  43|0x00000000a3700000, 0x00000000a3700000, 0x00000000a3800000|  0%| F|  |TAMS 0x00000000a3700000, 0x00000000a3700000| Untracked 
|  44|0x00000000a3800000, 0x00000000a3800000, 0x00000000a3900000|  0%| F|  |TAMS 0x00000000a3800000, 0x00000000a3800000| Untracked 
|  45|0x00000000a3900000, 0x00000000a3900000, 0x00000000a3a00000|  0%| F|  |TAMS 0x00000000a3900000, 0x00000000a3900000| Untracked 
|  46|0x00000000a3a00000, 0x00000000a3a00000, 0x00000000a3b00000|  0%| F|  |TAMS 0x00000000a3a00000, 0x00000000a3a00000| Untracked 
|  47|0x00000000a3b00000, 0x00000000a3b00000, 0x00000000a3c00000|  0%| F|  |TAMS 0x00000000a3b00000, 0x00000000a3b00000| Untracked 
|  48|0x00000000a3c00000, 0x00000000a3c00000, 0x00000000a3d00000|  0%| F|  |TAMS 0x00000000a3c00000, 0x00000000a3c00000| Untracked 
|  49|0x00000000a3d00000, 0x00000000a3d00000, 0x00000000a3e00000|  0%| F|  |TAMS 0x00000000a3d00000, 0x00000000a3d00000| Untracked 
|  50|0x00000000a3e00000, 0x00000000a3e00000, 0x00000000a3f00000|  0%| F|  |TAMS 0x00000000a3e00000, 0x00000000a3e00000| Untracked 
|  51|0x00000000a3f00000, 0x00000000a3f00000, 0x00000000a4000000|  0%| F|  |TAMS 0x00000000a3f00000, 0x00000000a3f00000| Untracked 
|  52|0x00000000a4000000, 0x00000000a4000000, 0x00000000a4100000|  0%| F|  |TAMS 0x00000000a4000000, 0x00000000a4000000| Untracked 
|  53|0x00000000a4100000, 0x00000000a4100000, 0x00000000a4200000|  0%| F|  |TAMS 0x00000000a4100000, 0x00000000a4100000| Untracked 
|  54|0x00000000a4200000, 0x00000000a4200000, 0x00000000a4300000|  0%| F|  |TAMS 0x00000000a4200000, 0x00000000a4200000| Untracked 
|  55|0x00000000a4300000, 0x00000000a4300000, 0x00000000a4400000|  0%| F|  |TAMS 0x00000000a4300000, 0x00000000a4300000| Untracked 
|  56|0x00000000a4400000, 0x00000000a44813c0, 0x00000000a4500000| 50%| S|CS|TAMS 0x00000000a4400000, 0x00000000a4400000| Complete 
|  57|0x00000000a4500000, 0x00000000a4600000, 0x00000000a4600000|100%| S|CS|TAMS 0x00000000a4500000, 0x00000000a4500000| Complete 
|  58|0x00000000a4600000, 0x00000000a4700000, 0x00000000a4700000|100%| S|CS|TAMS 0x00000000a4600000, 0x00000000a4600000| Complete 
|  59|0x00000000a4700000, 0x00000000a4800000, 0x00000000a4800000|100%| S|CS|TAMS 0x00000000a4700000, 0x00000000a4700000| Complete 
|  60|0x00000000a4800000, 0x00000000a4900000, 0x00000000a4900000|100%| S|CS|TAMS 0x00000000a4800000, 0x00000000a4800000| Complete 
|  61|0x00000000a4900000, 0x00000000a4900000, 0x00000000a4a00000|  0%| F|  |TAMS 0x00000000a4900000, 0x00000000a4900000| Untracked 
|  62|0x00000000a4a00000, 0x00000000a4a00000, 0x00000000a4b00000|  0%| F|  |TAMS 0x00000000a4a00000, 0x00000000a4a00000| Untracked 
|  63|0x00000000a4b00000, 0x00000000a4b00000, 0x00000000a4c00000|  0%| F|  |TAMS 0x00000000a4b00000, 0x00000000a4b00000| Untracked 
|  64|0x00000000a4c00000, 0x00000000a4c00000, 0x00000000a4d00000|  0%| F|  |TAMS 0x00000000a4c00000, 0x00000000a4c00000| Untracked 
|  65|0x00000000a4d00000, 0x00000000a4d00000, 0x00000000a4e00000|  0%| F|  |TAMS 0x00000000a4d00000, 0x00000000a4d00000| Untracked 
|  66|0x00000000a4e00000, 0x00000000a4e00000, 0x00000000a4f00000|  0%| F|  |TAMS 0x00000000a4e00000, 0x00000000a4e00000| Untracked 
|  67|0x00000000a4f00000, 0x00000000a4f00000, 0x00000000a5000000|  0%| F|  |TAMS 0x00000000a4f00000, 0x00000000a4f00000| Untracked 
|  68|0x00000000a5000000, 0x00000000a5000000, 0x00000000a5100000|  0%| F|  |TAMS 0x00000000a5000000, 0x00000000a5000000| Untracked 
|  69|0x00000000a5100000, 0x00000000a5100000, 0x00000000a5200000|  0%| F|  |TAMS 0x00000000a5100000, 0x00000000a5100000| Untracked 
|  70|0x00000000a5200000, 0x00000000a5200000, 0x00000000a5300000|  0%| F|  |TAMS 0x00000000a5200000, 0x00000000a5200000| Untracked 
|  71|0x00000000a5300000, 0x00000000a5300000, 0x00000000a5400000|  0%| F|  |TAMS 0x00000000a5300000, 0x00000000a5300000| Untracked 
|  72|0x00000000a5400000, 0x00000000a5400000, 0x00000000a5500000|  0%| F|  |TAMS 0x00000000a5400000, 0x00000000a5400000| Untracked 
|  73|0x00000000a5500000, 0x00000000a5500000, 0x00000000a5600000|  0%| F|  |TAMS 0x00000000a5500000, 0x00000000a5500000| Untracked 
|  74|0x00000000a5600000, 0x00000000a5600000, 0x00000000a5700000|  0%| F|  |TAMS 0x00000000a5600000, 0x00000000a5600000| Untracked 
|  75|0x00000000a5700000, 0x00000000a5700000, 0x00000000a5800000|  0%| F|  |TAMS 0x00000000a5700000, 0x00000000a5700000| Untracked 
|  76|0x00000000a5800000, 0x00000000a5800000, 0x00000000a5900000|  0%| F|  |TAMS 0x00000000a5800000, 0x00000000a5800000| Untracked 
|  77|0x00000000a5900000, 0x00000000a5900000, 0x00000000a5a00000|  0%| F|  |TAMS 0x00000000a5900000, 0x00000000a5900000| Untracked 
|  78|0x00000000a5a00000, 0x00000000a5a00000, 0x00000000a5b00000|  0%| F|  |TAMS 0x00000000a5a00000, 0x00000000a5a00000| Untracked 
|  79|0x00000000a5b00000, 0x00000000a5b00000, 0x00000000a5c00000|  0%| F|  |TAMS 0x00000000a5b00000, 0x00000000a5b00000| Untracked 
|  80|0x00000000a5c00000, 0x00000000a5c00000, 0x00000000a5d00000|  0%| F|  |TAMS 0x00000000a5c00000, 0x00000000a5c00000| Untracked 
|  81|0x00000000a5d00000, 0x00000000a5d00000, 0x00000000a5e00000|  0%| F|  |TAMS 0x00000000a5d00000, 0x00000000a5d00000| Untracked 
|  82|0x00000000a5e00000, 0x00000000a5e00000, 0x00000000a5f00000|  0%| F|  |TAMS 0x00000000a5e00000, 0x00000000a5e00000| Untracked 
|  83|0x00000000a5f00000, 0x00000000a5f00000, 0x00000000a6000000|  0%| F|  |TAMS 0x00000000a5f00000, 0x00000000a5f00000| Untracked 
|  84|0x00000000a6000000, 0x00000000a6085a48, 0x00000000a6100000| 52%| E|  |TAMS 0x00000000a6000000, 0x00000000a6000000| Complete 
|  85|0x00000000a6100000, 0x00000000a6200000, 0x00000000a6200000|100%| E|CS|TAMS 0x00000000a6100000, 0x00000000a6100000| Complete 
|  86|0x00000000a6200000, 0x00000000a6300000, 0x00000000a6300000|100%| E|CS|TAMS 0x00000000a6200000, 0x00000000a6200000| Complete 
|  87|0x00000000a6300000, 0x00000000a6400000, 0x00000000a6400000|100%| E|CS|TAMS 0x00000000a6300000, 0x00000000a6300000| Complete 
|  88|0x00000000a6400000, 0x00000000a6500000, 0x00000000a6500000|100%| E|CS|TAMS 0x00000000a6400000, 0x00000000a6400000| Complete 
|  89|0x00000000a6500000, 0x00000000a6600000, 0x00000000a6600000|100%| E|CS|TAMS 0x00000000a6500000, 0x00000000a6500000| Complete 
|  90|0x00000000a6600000, 0x00000000a6700000, 0x00000000a6700000|100%| E|CS|TAMS 0x00000000a6600000, 0x00000000a6600000| Complete 
|  91|0x00000000a6700000, 0x00000000a6800000, 0x00000000a6800000|100%| E|CS|TAMS 0x00000000a6700000, 0x00000000a6700000| Complete 
|  92|0x00000000a6800000, 0x00000000a6900000, 0x00000000a6900000|100%| E|CS|TAMS 0x00000000a6800000, 0x00000000a6800000| Complete 
|  93|0x00000000a6900000, 0x00000000a6a00000, 0x00000000a6a00000|100%| E|CS|TAMS 0x00000000a6900000, 0x00000000a6900000| Complete 
|  94|0x00000000a6a00000, 0x00000000a6b00000, 0x00000000a6b00000|100%| E|CS|TAMS 0x00000000a6a00000, 0x00000000a6a00000| Complete 
|  95|0x00000000a6b00000, 0x00000000a6c00000, 0x00000000a6c00000|100%| E|CS|TAMS 0x00000000a6b00000, 0x00000000a6b00000| Complete 

Card table byte_map: [0x000001d11d330000,0x000001d11d630000] _byte_map_base: 0x000001d11ce2a000

Marking Bits (Prev, Next): (CMBitMap*) 0x000001d1045d6570, (CMBitMap*) 0x000001d1045d65b0
 Prev Bits: [0x000001d11d930000, 0x000001d11f100000)
 Next Bits: [0x000001d11f100000, 0x000001d1208d0000)

Polling page: 0x000001d104680000

Metaspace:

Usage:
  Non-class:     13.28 MB used.
      Class:      2.27 MB used.
       Both:     15.55 MB used.

Virtual space:
  Non-class space:       16.00 MB reserved,      13.38 MB ( 84%) committed,  2 nodes.
      Class space:        1.00 GB reserved,       2.38 MB ( <1%) committed,  1 nodes.
             Both:        1.02 GB reserved,      15.75 MB (  2%) committed. 

Chunk freelists:
   Non-Class:  2.62 MB
       Class:  1.60 MB
        Both:  4.23 MB

MaxMetaspaceSize: unlimited
CompressedClassSpaceSize: 1.00 GB
Initial GC threshold: 21.00 MB
Current GC threshold: 21.00 MB
CDS: on
MetaspaceReclaimPolicy: balanced
 - commit_granule_bytes: 65536.
 - commit_granule_words: 8192.
 - virtual_space_node_default_size: 1048576.
 - enlarge_chunks_in_place: 1.
 - new_chunks_are_fully_committed: 0.
 - uncommit_free_chunks: 1.
 - use_allocation_guard: 0.
 - handle_deallocations: 1.


Internal statistics:

num_allocs_failed_limit: 0.
num_arena_births: 210.
num_arena_deaths: 0.
num_vsnodes_births: 3.
num_vsnodes_deaths: 0.
num_space_committed: 252.
num_space_uncommitted: 0.
num_chunks_returned_to_freelist: 0.
num_chunks_taken_from_freelist: 709.
num_chunk_merges: 0.
num_chunk_splits: 484.
num_chunks_enlarged: 376.
num_purges: 0.
num_inconsistent_stats: 0.

CodeHeap 'non-profiled nmethods': size=120000Kb used=1100Kb max_used=1100Kb free=118899Kb
 bounds [0x000001d1150a0000, 0x000001d115310000, 0x000001d11c5d0000]
CodeHeap 'profiled nmethods': size=120000Kb used=5572Kb max_used=5572Kb free=114427Kb
 bounds [0x000001d10db70000, 0x000001d10e0f0000, 0x000001d1150a0000]
CodeHeap 'non-nmethods': size=5760Kb used=1425Kb max_used=1473Kb free=4334Kb
 bounds [0x000001d10d5d0000, 0x000001d10d840000, 0x000001d10db70000]
 total_blobs=3700 nmethods=2913 adapters=698
 compilation: enabled
              stopped_count=0, restarted_count=0
 full_count=0

Compilation events (20 events):
Event: 10.178 Thread 0x000001d123305390 2906   !   4       java.util.AbstractList$Itr::next (46 bytes)
Event: 10.179 Thread 0x000001d123305390 nmethod 2906 0x000001d1151ae190 code [0x000001d1151ae320, 0x000001d1151ae448]
Event: 10.362 Thread 0x000001d123307710 2907       3       com.sun.javafx.scene.input.PickResultChooser::processOffer (146 bytes)
Event: 10.363 Thread 0x000001d123307710 nmethod 2907 0x000001d10e0dea90 code [0x000001d10e0dece0, 0x000001d10e0df9c8]
Event: 10.458 Thread 0x000001d123305390 2908       4       java.util.AbstractList$Itr::hasNext (20 bytes)
Event: 10.458 Thread 0x000001d123305390 nmethod 2908 0x000001d1151ae590 code [0x000001d1151ae700, 0x000001d1151ae7b8]
Event: 10.634 Thread 0x000001d123305390 2909       4       javafx.scene.Node::getGeomBounds (141 bytes)
Event: 10.639 Thread 0x000001d123305390 nmethod 2909 0x000001d1151ae890 code [0x000001d1151aea80, 0x000001d1151aee98]
Event: 10.658 Thread 0x000001d123305390 2910       4       javafx.scene.Node::getLocalBounds (162 bytes)
Event: 10.666 Thread 0x000001d123305390 nmethod 2910 0x000001d1151af190 code [0x000001d1151af3e0, 0x000001d1151afb90]
Event: 11.722 Thread 0x000001d123305390 2911       4       com.sun.javafx.geom.PickRay::setOrigin (12 bytes)
Event: 11.722 Thread 0x000001d123305390 nmethod 2911 0x000001d1151b0190 code [0x000001d1151b0300, 0x000001d1151b03b8]
Event: 11.754 Thread 0x000001d123305390 2912   !   4       javafx.scene.Node::intersectsBounds (1005 bytes)
Event: 11.773 Thread 0x000001d123305390 nmethod 2912 0x000001d1151b0490 code [0x000001d1151b0740, 0x000001d1151b1880]
Event: 11.786 Thread 0x000001d123305390 2913       4       java.util.EnumMap$EnumMapIterator::hasNext (64 bytes)
Event: 11.788 Thread 0x000001d123305390 nmethod 2913 0x000001d1151b2d90 code [0x000001d1151b2f20, 0x000001d1151b3078]
Event: 11.818 Thread 0x000001d123307710 2914       3       javafx.scene.input.PickResult::<init> (50 bytes)
Event: 11.818 Thread 0x000001d123307710 nmethod 2914 0x000001d10e0dfe10 code [0x000001d10e0dffc0, 0x000001d10e0e02b8]
Event: 11.818 Thread 0x000001d123307710 2915   !   3       com.sun.javafx.event.EventQueue::fire (66 bytes)
Event: 11.819 Thread 0x000001d123307710 nmethod 2915 0x000001d10e0e0390 code [0x000001d10e0e05c0, 0x000001d10e0e0e08]

GC Heap History (4 events):
Event: 1.085 GC heap before
{Heap before GC invocations=0 (full 0):
 garbage-first heap   total 98304K, used 22528K [0x00000000a0c00000, 0x0000000100000000)
  region size 1024K, 23 young (23552K), 0 survivors (0K)
 Metaspace       used 6450K, committed 6592K, reserved 1056768K
  class space    used 796K, committed 832K, reserved 1048576K
}
Event: 1.089 GC heap after
{Heap after GC invocations=1 (full 0):
 garbage-first heap   total 98304K, used 3020K [0x00000000a0c00000, 0x0000000100000000)
  region size 1024K, 3 young (3072K), 3 survivors (3072K)
 Metaspace       used 6450K, committed 6592K, reserved 1056768K
  class space    used 796K, committed 832K, reserved 1048576K
}
Event: 2.289 GC heap before
{Heap before GC invocations=1 (full 0):
 garbage-first heap   total 98304K, used 37836K [0x00000000a0c00000, 0x0000000100000000)
  region size 1024K, 35 young (35840K), 3 survivors (3072K)
 Metaspace       used 14510K, committed 14720K, reserved 1064960K
  class space    used 2231K, committed 2304K, reserved 1048576K
}
Event: 2.298 GC heap after
{Heap after GC invocations=2 (full 0):
 garbage-first heap   total 98304K, used 9525K [0x00000000a0c00000, 0x0000000100000000)
  region size 1024K, 5 young (5120K), 5 survivors (5120K)
 Metaspace       used 14510K, committed 14720K, reserved 1064960K
  class space    used 2231K, committed 2304K, reserved 1048576K
}

Deoptimization events (20 events):
Event: 5.034 Thread 0x000001d12417c1d0 Uncommon trap: trap_request=0xffffff45 fr.pc=0x000001d1150ac32c relative=0x00000000000001ac
Event: 5.034 Thread 0x000001d12417c1d0 Uncommon trap: reason=unstable_if action=reinterpret pc=0x000001d1150ac32c method=java.lang.String.isLatin1()Z @ 10 c2
Event: 5.034 Thread 0x000001d12417c1d0 DEOPT PACKING pc=0x000001d1150ac32c sp=0x00000027fc1fad80
Event: 5.034 Thread 0x000001d12417c1d0 DEOPT UNPACKING pc=0x000001d10d6223a3 sp=0x00000027fc1facb0 mode 2
Event: 5.050 Thread 0x000001d12417c1d0 Uncommon trap: trap_request=0xffffff45 fr.pc=0x000001d11512a10c relative=0x000000000000018c
Event: 5.050 Thread 0x000001d12417c1d0 Uncommon trap: reason=unstable_if action=reinterpret pc=0x000001d11512a10c method=java.lang.String.equals(Ljava/lang/Object;)Z @ 33 c2
Event: 5.050 Thread 0x000001d12417c1d0 DEOPT PACKING pc=0x000001d11512a10c sp=0x00000027fc1fbc10
Event: 5.050 Thread 0x000001d12417c1d0 DEOPT UNPACKING pc=0x000001d10d6223a3 sp=0x00000027fc1fbbb0 mode 2
Event: 5.333 Thread 0x000001d12470af90 DEOPT PACKING pc=0x000001d10de7611a sp=0x00000027fbdfdfa0
Event: 5.333 Thread 0x000001d12470af90 DEOPT UNPACKING pc=0x000001d10d622b43 sp=0x00000027fbdfd3f8 mode 0
Event: 5.342 Thread 0x000001d12470af90 DEOPT PACKING pc=0x000001d10de7611a sp=0x00000027fbdfdfa0
Event: 5.342 Thread 0x000001d12470af90 DEOPT UNPACKING pc=0x000001d10d622b43 sp=0x00000027fbdfd3f8 mode 0
Event: 5.354 Thread 0x000001d12470af90 DEOPT PACKING pc=0x000001d10de7611a sp=0x00000027fbdfdfa0
Event: 5.354 Thread 0x000001d12470af90 DEOPT UNPACKING pc=0x000001d10d622b43 sp=0x00000027fbdfd3f8 mode 0
Event: 5.357 Thread 0x000001d12470af90 DEOPT PACKING pc=0x000001d10de7611a sp=0x00000027fbdfdfa0
Event: 5.357 Thread 0x000001d12470af90 DEOPT UNPACKING pc=0x000001d10d622b43 sp=0x00000027fbdfd3f8 mode 0
Event: 6.186 Thread 0x000001d12470af90 DEOPT PACKING pc=0x000001d10de7c530 sp=0x00000027fbdfdfb0
Event: 6.186 Thread 0x000001d12470af90 DEOPT UNPACKING pc=0x000001d10d622b43 sp=0x00000027fbdfd368 mode 0
Event: 6.892 Thread 0x000001d12470af90 DEOPT PACKING pc=0x000001d10dec42f7 sp=0x00000027fbdfe300
Event: 6.892 Thread 0x000001d12470af90 DEOPT UNPACKING pc=0x000001d10d622b43 sp=0x00000027fbdfd720 mode 0

Classes unloaded (0 events):
No events

Classes redefined (0 events):
No events

Internal exceptions (20 events):
Event: 1.192 Thread 0x000001d12417c1d0 Exception <a 'java/lang/ClassNotFoundException'{0x00000000a677c918}: sun/util/logging/resources/spi/loggingProvider> (0x00000000a677c918) 
thrown [t:\workspace\open\src\hotspot\share\classfile\systemDictionary.cpp, line 256]
Event: 1.266 Thread 0x000001d12417c1d0 Exception <a 'java/lang/ClassNotFoundException'{0x00000000a65ea628}: com/sun/glass/ui/win/themes> (0x00000000a65ea628) 
thrown [t:\workspace\open\src\hotspot\share\prims\jni.cpp, line 535]
Event: 1.268 Thread 0x000001d12417c1d0 Exception <a 'java/lang/ClassNotFoundException'{0x00000000a65f28c0}: com/sun/glass/ui/win/themes_ru> (0x00000000a65f28c0) 
thrown [t:\workspace\open\src\hotspot\share\prims\jni.cpp, line 535]
Event: 1.268 Thread 0x000001d12417c1d0 Exception <a 'java/lang/ClassNotFoundException'{0x00000000a65f3688}: com/sun/glass/ui/win/themes_ru_RU> (0x00000000a65f3688) 
thrown [t:\workspace\open\src\hotspot\share\prims\jni.cpp, line 535]
Event: 1.527 Thread 0x000001d12417c1d0 Exception <a 'java/lang/NoSuchMethodError'{0x00000000a60fb018}: 'void java.lang.invoke.DirectMethodHandle$Holder.invokeStaticInit(java.lang.Object, java.lang.Object)'> (0x00000000a60fb018) 
thrown [t:\workspace\open\src\hotspot\share\interpreter\linkResolver.cpp, line 766]
Event: 1.532 Thread 0x000001d12417c1d0 Exception <a 'java/lang/NoSuchMethodError'{0x00000000a5f30948}: 'void java.lang.invoke.DirectMethodHandle$Holder.invokeSpecial(java.lang.Object, java.lang.Object, java.lang.Object, java.lang.Object, java.lang.Object)'> (0x00000000a5f30948) 
thrown [t:\workspace\open\src\hotspot\share\interpreter\linkResolver.cpp, line 766]
Event: 1.682 Thread 0x000001d12417c1d0 Implicit null exception at 0x000001d115110e0a to 0x000001d1151113c8
Event: 1.861 Thread 0x000001d12417c1d0 Exception <a 'java/lang/NoSuchMethodError'{0x00000000a57addf8}: 'java.lang.Object java.lang.invoke.DirectMethodHandle$Holder.invokeInterface(java.lang.Object, java.lang.Object, java.lang.Object)'> (0x00000000a57addf8) 
thrown [t:\workspace\open\src\hotspot\share\interpreter\linkResolver.cpp, line 766]
Event: 1.862 Thread 0x000001d12417c1d0 Exception <a 'java/lang/IncompatibleClassChangeError'{0x00000000a57b1780}: Found class java.lang.Object, but interface was expected> (0x00000000a57b1780) 
thrown [t:\workspace\open\src\hotspot\share\interpreter\linkResolver.cpp, line 833]
Event: 1.924 Thread 0x000001d12417c1d0 Exception <a 'java/lang/ClassNotFoundException'{0x00000000a55ab548}: com/sun/javafx/scene/control/skin/resources/controls> (0x00000000a55ab548) 
thrown [t:\workspace\open\src\hotspot\share\prims\jni.cpp, line 535]
Event: 1.926 Thread 0x000001d12417c1d0 Exception <a 'java/lang/ClassNotFoundException'{0x00000000a55b94e8}: com/sun/javafx/scene/control/skin/resources/controls_ru> (0x00000000a55b94e8) 
thrown [t:\workspace\open\src\hotspot\share\prims\jni.cpp, line 535]
Event: 1.926 Thread 0x000001d12417c1d0 Exception <a 'java/lang/ClassNotFoundException'{0x00000000a55ba480}: com/sun/javafx/scene/control/skin/resources/controls_ru_RU> (0x00000000a55ba480) 
thrown [t:\workspace\open\src\hotspot\share\prims\jni.cpp, line 535]
Event: 1.999 Thread 0x000001d12417c1d0 Exception <a 'java/lang/NoSuchMethodError'{0x00000000a5078578}: 'void java.lang.invoke.DirectMethodHandle$Holder.invokeSpecial(java.lang.Object, java.lang.Object, java.lang.Object, java.lang.Object, java.lang.Object, java.lang.Object)'> (0x00000000a5078578) 
thrown [t:\workspace\open\src\hotspot\share\interpreter\linkResolver.cpp, line 766]
Event: 2.157 Thread 0x000001d12417c1d0 Exception <a 'java/lang/NoSuchMethodError'{0x00000000a4c137d0}: 'java.lang.Object java.lang.invoke.DirectMethodHandle$Holder.newInvokeSpecial(java.lang.Object, java.lang.Object, int)'> (0x00000000a4c137d0) 
thrown [t:\workspace\open\src\hotspot\share\interpreter\linkResolver.cpp, line 766]
Event: 2.193 Thread 0x000001d12470af90 Exception <a 'java/lang/NoSuchMethodError'{0x00000000a4b1a8a8}: 'int java.lang.invoke.DirectMethodHandle$Holder.invokeStaticInit(java.lang.Object, java.lang.Object)'> (0x00000000a4b1a8a8) 
thrown [t:\workspace\open\src\hotspot\share\interpreter\linkResolver.cpp, line 766]
Event: 2.205 Thread 0x000001d12417c1d0 Exception <a 'java/lang/NoSuchMethodError'{0x00000000a4bb6308}: 'long java.lang.invoke.DirectMethodHandle$Holder.invokeStatic(java.lang.Object, java.lang.Object, java.lang.Object)'> (0x00000000a4bb6308) 
thrown [t:\workspace\open\src\hotspot\share\interpreter\linkResolver.cpp, line 766]
Event: 2.205 Thread 0x000001d12417c1d0 Exception <a 'java/lang/NoSuchMethodError'{0x00000000a4bb9ab0}: 'long java.lang.invoke.DirectMethodHandle$Holder.invokeStaticInit(java.lang.Object, java.lang.Object, java.lang.Object)'> (0x00000000a4bb9ab0) 
thrown [t:\workspace\open\src\hotspot\share\interpreter\linkResolver.cpp, line 766]
Event: 2.211 Thread 0x000001d12417c1d0 Exception <a 'java/lang/NoSuchMethodError'{0x00000000a4bd16b8}: 'java.lang.Object java.lang.invoke.DirectMethodHandle$Holder.newInvokeSpecial(java.lang.Object, java.lang.Object, long)'> (0x00000000a4bd16b8) 
thrown [t:\workspace\open\src\hotspot\share\interpreter\linkResolver.cpp, line 766]
Event: 2.211 Thread 0x000001d12417c1d0 Exception <a 'java/lang/NoSuchMethodError'{0x00000000a4bd5228}: 'java.lang.Object java.lang.invoke.Invokers$Holder.linkToTargetMethod(java.lang.Object, long, java.lang.Object)'> (0x00000000a4bd5228) 
thrown [t:\workspace\open\src\hotspot\share\interpreter\linkResolver.cpp, line 766]
Event: 5.031 Thread 0x000001d12417c1d0 Exception <a 'sun/nio/fs/WindowsException'{0x00000000a697d438}> (0x00000000a697d438) 
thrown [t:\workspace\open\src\hotspot\share\prims\jni.cpp, line 516]

VM Operations (20 events):
Event: 2.298 Executing VM operation: G1CollectForAllocation done
Event: 4.297 Executing VM operation: Cleanup
Event: 4.297 Executing VM operation: Cleanup done
Event: 5.286 Executing VM operation: ICBufferFull
Event: 5.286 Executing VM operation: ICBufferFull done
Event: 6.287 Executing VM operation: Cleanup
Event: 6.287 Executing VM operation: Cleanup done
Event: 7.287 Executing VM operation: Cleanup
Event: 7.287 Executing VM operation: Cleanup done
Event: 8.288 Executing VM operation: Cleanup
Event: 8.288 Executing VM operation: Cleanup done
Event: 9.288 Executing VM operation: Cleanup
Event: 9.288 Executing VM operation: Cleanup done
Event: 10.289 Executing VM operation: Cleanup
Event: 10.289 Executing VM operation: Cleanup done
Event: 11.290 Executing VM operation: Cleanup
Event: 11.290 Executing VM operation: Cleanup done
Event: 12.291 Executing VM operation: Cleanup
Event: 12.291 Executing VM operation: Cleanup done
Event: 14.410 Executing VM operation: Exit

Events (20 events):
Event: 2.828 loading class java/util/EnumMap$Values done
Event: 2.829 loading class java/util/EnumMap$ValueIterator
Event: 2.829 loading class java/util/EnumMap$EnumMapIterator
Event: 2.829 loading class java/util/EnumMap$EnumMapIterator done
Event: 2.829 loading class java/util/EnumMap$ValueIterator done
Event: 4.899 loading class java/io/UnsupportedEncodingException
Event: 4.899 loading class java/io/UnsupportedEncodingException done
Event: 5.218 loading class java/io/CharArrayReader
Event: 5.218 loading class java/io/CharArrayReader done
Event: 7.395 Thread 0x000001d1254f59a0 Thread added: 0x000001d1254f59a0
Event: 7.634 Thread 0x000001d1254f59a0 Thread exited: 0x000001d1254f59a0
Event: 9.262 Thread 0x000001d123e39190 Thread added: 0x000001d123e39190
Event: 9.658 Thread 0x000001d123e39190 Thread exited: 0x000001d123e39190
Event: 14.406 loading class jdk/internal/misc/Signal$1
Event: 14.406 loading class jdk/internal/misc/Signal$1 done
Event: 14.407 Thread 0x000001d12417bd00 Thread added: 0x000001d12417bd00
Event: 14.407 Thread 0x000001d12417d510 Thread added: 0x000001d12417d510
Event: 14.408 Thread 0x000001d12417c6a0 Thread added: 0x000001d12417c6a0
Event: 14.408 Thread 0x000001d12417d510 Thread exited: 0x000001d12417d510
Event: 14.409 Thread 0x000001d12417c6a0 Thread exited: 0x000001d12417c6a0


Dynamic libraries:
0x00007ff766770000 - 0x00007ff76677e000 	C:\Users\artem\.jdks\openjdk-17.0.2\bin\java.exe
0x00007ffac9cd0000 - 0x00007ffac9ec8000 	C:\Windows\SYSTEM32\ntdll.dll
0x00007ffac8ba0000 - 0x00007ffac8c5d000 	C:\Windows\System32\KERNEL32.DLL
0x00007ffac7710000 - 0x00007ffac79de000 	C:\Windows\System32\KERNELBASE.dll
0x00007ffac7530000 - 0x00007ffac7630000 	C:\Windows\System32\ucrtbase.dll
0x00007ffab6d50000 - 0x00007ffab6d6a000 	C:\Users\artem\.jdks\openjdk-17.0.2\bin\VCRUNTIME140.dll
0x00007ffab6d10000 - 0x00007ffab6d28000 	C:\Users\artem\.jdks\openjdk-17.0.2\bin\jli.dll
0x00007ffac94e0000 - 0x00007ffac9680000 	C:\Windows\System32\USER32.dll
0x00007ffac7bb0000 - 0x00007ffac7bd2000 	C:\Windows\System32\win32u.dll
0x00007ffac8c60000 - 0x00007ffac8c8a000 	C:\Windows\System32\GDI32.dll
0x00007ffab65f0000 - 0x00007ffab688a000 	C:\Windows\WinSxS\amd64_microsoft.windows.common-controls_6595b64144ccf1df_6.0.19041.1110_none_60b5254171f9507e\COMCTL32.dll
0x00007ffac73f0000 - 0x00007ffac74fb000 	C:\Windows\System32\gdi32full.dll
0x00007ffac9230000 - 0x00007ffac92ce000 	C:\Windows\System32\msvcrt.dll
0x00007ffac7c90000 - 0x00007ffac7d2d000 	C:\Windows\System32\msvcp_win.dll
0x00007ffac7e60000 - 0x00007ffac7e90000 	C:\Windows\System32\IMM32.DLL
0x00007ffac2ed0000 - 0x00007ffac2edc000 	C:\Users\artem\.jdks\openjdk-17.0.2\bin\vcruntime140_1.dll
0x00007ffaad8d0000 - 0x00007ffaad95d000 	C:\Users\artem\.jdks\openjdk-17.0.2\bin\msvcp140.dll
0x00007ffa37e80000 - 0x00007ffa38a41000 	C:\Users\artem\.jdks\openjdk-17.0.2\bin\server\jvm.dll
0x00007ffac8270000 - 0x00007ffac831e000 	C:\Windows\System32\ADVAPI32.dll
0x00007ffac9820000 - 0x00007ffac98bc000 	C:\Windows\System32\sechost.dll
0x00007ffac8320000 - 0x00007ffac8445000 	C:\Windows\System32\RPCRT4.dll
0x00007ffac9810000 - 0x00007ffac9818000 	C:\Windows\System32\PSAPI.DLL
0x00007ffaaf610000 - 0x00007ffaaf619000 	C:\Windows\SYSTEM32\WSOCK32.dll
0x00007ffabd290000 - 0x00007ffabd2b7000 	C:\Windows\SYSTEM32\WINMM.dll
0x00007ffabd2c0000 - 0x00007ffabd2ca000 	C:\Windows\SYSTEM32\VERSION.dll
0x00007ffac9100000 - 0x00007ffac916b000 	C:\Windows\System32\WS2_32.dll
0x00007ffac52b0000 - 0x00007ffac52c2000 	C:\Windows\SYSTEM32\kernel.appcore.dll
0x00007ffac2e60000 - 0x00007ffac2e6a000 	C:\Users\artem\.jdks\openjdk-17.0.2\bin\jimage.dll
0x00007ffab2fa0000 - 0x00007ffab3184000 	C:\Windows\SYSTEM32\DBGHELP.DLL
0x00007ffab2eb0000 - 0x00007ffab2edc000 	C:\Windows\SYSTEM32\dbgcore.DLL
0x00007ffac7630000 - 0x00007ffac76b2000 	C:\Windows\System32\bcryptPrimitives.dll
0x00007ffac2e20000 - 0x00007ffac2e2e000 	C:\Users\artem\.jdks\openjdk-17.0.2\bin\instrument.dll
0x00007ffab2c10000 - 0x00007ffab2c35000 	C:\Users\artem\.jdks\openjdk-17.0.2\bin\java.dll
0x00007ffaa9e10000 - 0x00007ffaa9ee6000 	C:\Users\artem\.jdks\openjdk-17.0.2\bin\jsvml.dll
0x00007ffac8450000 - 0x00007ffac8b94000 	C:\Windows\System32\SHELL32.dll
0x00007ffac54b0000 - 0x00007ffac5c44000 	C:\Windows\SYSTEM32\windows.storage.dll
0x00007ffac7e90000 - 0x00007ffac81e4000 	C:\Windows\System32\combase.dll
0x00007ffac6ca0000 - 0x00007ffac6cd0000 	C:\Windows\SYSTEM32\Wldp.dll
0x00007ffac9b60000 - 0x00007ffac9c0d000 	C:\Windows\System32\SHCORE.dll
0x00007ffac7e00000 - 0x00007ffac7e55000 	C:\Windows\System32\shlwapi.dll
0x00007ffac7330000 - 0x00007ffac734f000 	C:\Windows\SYSTEM32\profapi.dll
0x00007ffab5a10000 - 0x00007ffab5a29000 	C:\Users\artem\.jdks\openjdk-17.0.2\bin\net.dll
0x00007ffabd8c0000 - 0x00007ffabd9ca000 	C:\Windows\SYSTEM32\WINHTTP.dll
0x00007ffac6a80000 - 0x00007ffac6aea000 	C:\Windows\system32\mswsock.dll
0x00007ffab55d0000 - 0x00007ffab55e6000 	C:\Users\artem\.jdks\openjdk-17.0.2\bin\nio.dll
0x00007ffab4dc0000 - 0x00007ffab4dd8000 	C:\Users\artem\.jdks\openjdk-17.0.2\bin\zip.dll
0x00007ffab4df0000 - 0x00007ffab4e0a000 	C:\Program Files\JetBrains\IntelliJ IDEA Community Edition 2021.3.2\bin\breakgen64.dll
0x000001d1258e0000 - 0x000001d1258e3000 	C:\Users\artem\.openjfx\cache\19.0.2.1+1\amd64\api-ms-win-core-console-l1-1-0.dll
0x000001d1258f0000 - 0x000001d1258f3000 	C:\Users\artem\.openjfx\cache\19.0.2.1+1\amd64\api-ms-win-core-console-l1-2-0.dll
0x000001d125900000 - 0x000001d125903000 	C:\Users\artem\.openjfx\cache\19.0.2.1+1\amd64\api-ms-win-core-datetime-l1-1-0.dll
0x000001d125910000 - 0x000001d125913000 	C:\Users\artem\.openjfx\cache\19.0.2.1+1\amd64\api-ms-win-core-debug-l1-1-0.dll
0x000001d125920000 - 0x000001d125923000 	C:\Users\artem\.openjfx\cache\19.0.2.1+1\amd64\api-ms-win-core-errorhandling-l1-1-0.dll
0x000001d125930000 - 0x000001d125934000 	C:\Users\artem\.openjfx\cache\19.0.2.1+1\amd64\api-ms-win-core-file-l1-1-0.dll
0x000001d125940000 - 0x000001d125943000 	C:\Users\artem\.openjfx\cache\19.0.2.1+1\amd64\api-ms-win-core-file-l1-2-0.dll
0x000001d125950000 - 0x000001d125953000 	C:\Users\artem\.openjfx\cache\19.0.2.1+1\amd64\api-ms-win-core-file-l2-1-0.dll
0x000001d125960000 - 0x000001d125963000 	C:\Users\artem\.openjfx\cache\19.0.2.1+1\amd64\api-ms-win-core-handle-l1-1-0.dll
0x000001d125970000 - 0x000001d125973000 	C:\Users\artem\.openjfx\cache\19.0.2.1+1\amd64\api-ms-win-core-heap-l1-1-0.dll
0x000001d125980000 - 0x000001d125983000 	C:\Users\artem\.openjfx\cache\19.0.2.1+1\amd64\api-ms-win-core-interlocked-l1-1-0.dll
0x000001d125990000 - 0x000001d125993000 	C:\Users\artem\.openjfx\cache\19.0.2.1+1\amd64\api-ms-win-core-libraryloader-l1-1-0.dll
0x000001d1259a0000 - 0x000001d1259a3000 	C:\Users\artem\.openjfx\cache\19.0.2.1+1\amd64\api-ms-win-core-localization-l1-2-0.dll
0x000001d1259b0000 - 0x000001d1259b3000 	C:\Users\artem\.openjfx\cache\19.0.2.1+1\amd64\api-ms-win-core-memory-l1-1-0.dll
0x000001d125d00000 - 0x000001d125d03000 	C:\Users\artem\.openjfx\cache\19.0.2.1+1\amd64\api-ms-win-core-namedpipe-l1-1-0.dll
0x000001d125d10000 - 0x000001d125d13000 	C:\Users\artem\.openjfx\cache\19.0.2.1+1\amd64\api-ms-win-core-processenvironment-l1-1-0.dll
0x000001d125d20000 - 0x000001d125d23000 	C:\Users\artem\.openjfx\cache\19.0.2.1+1\amd64\api-ms-win-core-processthreads-l1-1-0.dll
0x000001d1259c0000 - 0x000001d1259c3000 	C:\Users\artem\.openjfx\cache\19.0.2.1+1\amd64\api-ms-win-core-processthreads-l1-1-1.dll
0x000001d1259d0000 - 0x000001d1259d3000 	C:\Users\artem\.openjfx\cache\19.0.2.1+1\amd64\api-ms-win-core-profile-l1-1-0.dll
0x000001d1259e0000 - 0x000001d1259e3000 	C:\Users\artem\.openjfx\cache\19.0.2.1+1\amd64\api-ms-win-core-rtlsupport-l1-1-0.dll
0x000001d1259f0000 - 0x000001d1259f3000 	C:\Users\artem\.openjfx\cache\19.0.2.1+1\amd64\api-ms-win-core-string-l1-1-0.dll
0x000001d125a00000 - 0x000001d125a03000 	C:\Users\artem\.openjfx\cache\19.0.2.1+1\amd64\api-ms-win-core-synch-l1-1-0.dll
0x000001d125a10000 - 0x000001d125a13000 	C:\Users\artem\.openjfx\cache\19.0.2.1+1\amd64\api-ms-win-core-synch-l1-2-0.dll
0x000001d125a20000 - 0x000001d125a23000 	C:\Users\artem\.openjfx\cache\19.0.2.1+1\amd64\api-ms-win-core-sysinfo-l1-1-0.dll
0x000001d125a30000 - 0x000001d125a33000 	C:\Users\artem\.openjfx\cache\19.0.2.1+1\amd64\api-ms-win-core-timezone-l1-1-0.dll
0x000001d125a40000 - 0x000001d125a43000 	C:\Users\artem\.openjfx\cache\19.0.2.1+1\amd64\api-ms-win-core-util-l1-1-0.dll
0x000001d125a50000 - 0x000001d125a53000 	C:\Users\artem\.openjfx\cache\19.0.2.1+1\amd64\api-ms-win-crt-conio-l1-1-0.dll
0x000001d125a60000 - 0x000001d125a64000 	C:\Users\artem\.openjfx\cache\19.0.2.1+1\amd64\api-ms-win-crt-convert-l1-1-0.dll
0x000001d125a70000 - 0x000001d125a73000 	C:\Users\artem\.openjfx\cache\19.0.2.1+1\amd64\api-ms-win-crt-environment-l1-1-0.dll
0x000001d125a80000 - 0x000001d125a83000 	C:\Users\artem\.openjfx\cache\19.0.2.1+1\amd64\api-ms-win-crt-filesystem-l1-1-0.dll
0x000001d125a90000 - 0x000001d125a93000 	C:\Users\artem\.openjfx\cache\19.0.2.1+1\amd64\api-ms-win-crt-heap-l1-1-0.dll
0x000001d125bc0000 - 0x000001d125bc3000 	C:\Users\artem\.openjfx\cache\19.0.2.1+1\amd64\api-ms-win-crt-locale-l1-1-0.dll
0x000001d125bd0000 - 0x000001d125bd5000 	C:\Users\artem\.openjfx\cache\19.0.2.1+1\amd64\api-ms-win-crt-math-l1-1-0.dll
0x000001d125be0000 - 0x000001d125be5000 	C:\Users\artem\.openjfx\cache\19.0.2.1+1\amd64\api-ms-win-crt-multibyte-l1-1-0.dll
0x000001d125bf0000 - 0x000001d125c00000 	C:\Users\artem\.openjfx\cache\19.0.2.1+1\amd64\api-ms-win-crt-private-l1-1-0.dll
0x000001d125c00000 - 0x000001d125c03000 	C:\Users\artem\.openjfx\cache\19.0.2.1+1\amd64\api-ms-win-crt-process-l1-1-0.dll
0x000001d125c10000 - 0x000001d125c14000 	C:\Users\artem\.openjfx\cache\19.0.2.1+1\amd64\api-ms-win-crt-runtime-l1-1-0.dll
0x000001d125aa0000 - 0x000001d125aa4000 	C:\Users\artem\.openjfx\cache\19.0.2.1+1\amd64\api-ms-win-crt-stdio-l1-1-0.dll
0x000001d125ab0000 - 0x000001d125ab4000 	C:\Users\artem\.openjfx\cache\19.0.2.1+1\amd64\api-ms-win-crt-string-l1-1-0.dll
0x000001d125ac0000 - 0x000001d125ac3000 	C:\Users\artem\.openjfx\cache\19.0.2.1+1\amd64\api-ms-win-crt-time-l1-1-0.dll
0x000001d125ad0000 - 0x000001d125ad3000 	C:\Users\artem\.openjfx\cache\19.0.2.1+1\amd64\api-ms-win-crt-utility-l1-1-0.dll
0x00007ffaa5a50000 - 0x00007ffaa5b4c000 	C:\Users\artem\.openjfx\cache\19.0.2.1+1\amd64\ucrtbase.dll
0x00007ffab08f0000 - 0x00007ffab090b000 	C:\Users\artem\.openjfx\cache\19.0.2.1+1\amd64\vcruntime140.dll
0x00007ffab0950000 - 0x00007ffab095c000 	C:\Users\artem\.openjfx\cache\19.0.2.1+1\amd64\vcruntime140_1.dll
0x00007ffaad9e0000 - 0x00007ffaada6e000 	C:\Users\artem\.openjfx\cache\19.0.2.1+1\amd64\msvcp140.dll
0x00007ffaafee0000 - 0x00007ffaafee9000 	C:\Users\artem\.openjfx\cache\19.0.2.1+1\amd64\msvcp140_1.dll
0x00007ffaae300000 - 0x00007ffaae330000 	C:\Users\artem\.openjfx\cache\19.0.2.1+1\amd64\msvcp140_2.dll
0x00007ffaae280000 - 0x00007ffaae2ac000 	C:\Users\artem\.openjfx\cache\19.0.2.1+1\amd64\prism_d3d.dll
0x00007ffa7adf0000 - 0x00007ffa7afbf000 	C:\Windows\system32\d3d9.dll
0x00007ffac4fc0000 - 0x00007ffac4fef000 	C:\Windows\SYSTEM32\dwmapi.dll
0x00007ffac4dd0000 - 0x00007ffac4e6e000 	C:\Windows\system32\uxtheme.dll
0x00007ffabd2d0000 - 0x00007ffabd4ab000 	C:\Windows\System32\DriverStore\FileRepository\u0361313.inf_amd64_07132764fbaf152d\B361334\aticfx64.dll
0x00007ffab0910000 - 0x00007ffab0943000 	C:\Windows\System32\DriverStore\FileRepository\u0361313.inf_amd64_07132764fbaf152d\B361334\atiu9p64.dll
0x00007ffa38a50000 - 0x00007ffa396e6000 	C:\Windows\System32\DriverStore\FileRepository\u0361313.inf_amd64_07132764fbaf152d\B361334\atiumd64.dll
0x00007ffac96e0000 - 0x00007ffac980a000 	C:\Windows\System32\ole32.dll
0x0000000076490000 - 0x0000000077309000 	C:\Windows\System32\DriverStore\FileRepository\u0361313.inf_amd64_07132764fbaf152d\B361334\atiumd6a.dll
0x00007ffac7260000 - 0x00007ffac72ab000 	C:\Windows\SYSTEM32\POWRPROF.dll
0x00007ffac7240000 - 0x00007ffac7252000 	C:\Windows\SYSTEM32\UMPDC.dll
0x00007ffabb150000 - 0x00007ffabb17f000 	C:\Windows\SYSTEM32\amdihk64.dll
0x00007ffaab7b0000 - 0x00007ffaab7f2000 	C:\Users\artem\.openjfx\cache\19.0.2.1+1\amd64\glass.dll
0x00007ffac9960000 - 0x00007ffac9a3a000 	C:\Windows\System32\COMDLG32.dll
0x00007ffac7d30000 - 0x00007ffac7dfd000 	C:\Windows\System32\OLEAUT32.dll
0x00007ffac9a40000 - 0x00007ffac9b55000 	C:\Windows\System32\MSCTF.dll
0x00007ffabe620000 - 0x00007ffabe65b000 	C:\Windows\SYSTEM32\dxcore.dll
0x00007ffac76c0000 - 0x00007ffac770e000 	C:\Windows\System32\cfgmgr32.dll
0x00007ffaae650000 - 0x00007ffaae664000 	C:\Users\artem\.openjfx\cache\19.0.2.1+1\amd64\javafx_font.dll
0x00007ffab8430000 - 0x00007ffab86af000 	C:\Windows\SYSTEM32\dwrite.dll
0x00007ffac9170000 - 0x00007ffac9219000 	C:\Windows\System32\clbcatq.dll
0x00007ffac1bf0000 - 0x00007ffac1da4000 	C:\Windows\SYSTEM32\WindowsCodecs.dll
0x00007ffac7500000 - 0x00007ffac7527000 	C:\Windows\System32\bcrypt.dll
0x00007ffaaac80000 - 0x00007ffaaacbe000 	C:\Windows\system32\dataexchange.dll
0x00007ffac4010000 - 0x00007ffac41f4000 	C:\Windows\system32\dcomp.dll
0x00007ffac30e0000 - 0x00007ffac3343000 	C:\Windows\system32\d3d11.dll
0x00007ffac5cb0000 - 0x00007ffac5da3000 	C:\Windows\system32\dxgi.dll
0x00007ffac1e00000 - 0x00007ffac2000000 	C:\Windows\system32\twinapi.appcore.dll
0x00007ffaae560000 - 0x00007ffaae594000 	C:\Program Files\Common Files\Microsoft Shared\Ink\rtscom.dll
0x00007ffaba0f0000 - 0x00007ffaba1e9000 	C:\Windows\SYSTEM32\textinputframework.dll
0x00007ffac4580000 - 0x00007ffac48de000 	C:\Windows\System32\CoreUIComponents.dll
0x00007ffac49c0000 - 0x00007ffac4ab2000 	C:\Windows\System32\CoreMessaging.dll
0x00007ffac60b0000 - 0x00007ffac60e3000 	C:\Windows\SYSTEM32\ntmarta.dll
0x00007ffac3eb0000 - 0x00007ffac4004000 	C:\Windows\SYSTEM32\wintypes.dll

dbghelp: loaded successfully - version: 4.0.5 - missing functions: none
symbol engine: initialized successfully - sym options: 0x614 - pdb path: .;C:\Users\artem\.jdks\openjdk-17.0.2\bin;C:\Windows\SYSTEM32;C:\Windows\WinSxS\amd64_microsoft.windows.common-controls_6595b64144ccf1df_6.0.19041.1110_none_60b5254171f9507e;C:\Users\artem\.jdks\openjdk-17.0.2\bin\server;C:\Program Files\JetBrains\IntelliJ IDEA Community Edition 2021.3.2\bin;C:\Users\artem\.openjfx\cache\19.0.2.1+1\amd64;C:\Windows\System32\DriverStore\FileRepository\u0361313.inf_amd64_07132764fbaf152d\B361334;C:\Program Files\Common Files\Microsoft Shared\Ink

VM Arguments:
jvm_args: -javaagent:C:\Program Files\JetBrains\IntelliJ IDEA Community Edition 2021.3.2\lib\idea_rt.jar=56889:C:\Program Files\JetBrains\IntelliJ IDEA Community Edition 2021.3.2\bin -Dfile.encoding=UTF-8 --module-path=C:\Users\artem\.m2\repository\org\openjfx\javafx-fxml\19.0.2.1\javafx-fxml-19.0.2.1-win.jar;C:\Users\artem\IdeaProjects\LibraryProject\target\classes;C:\Users\artem\.m2\repository\org\openjfx\javafx-graphics\19.0.2.1\javafx-graphics-19.0.2.1-win.jar;C:\Users\artem\.m2\repository\org\openjfx\javafx-base\19.0.2.1\javafx-base-19.0.2.1-win.jar;C:\Users\artem\.m2\repository\org\openjfx\javafx-controls\19.0.2.1\javafx-controls-19.0.2.1-win.jar -Djdk.module.main=com.example.libraryproject 
java_command: com.example.libraryproject/com.example.libraryproject.HelloApplication
java_class_path (initial): C:\Users\artem\.m2\repository\org\openjfx\javafx-controls\19.0.2.1\javafx-controls-19.0.2.1.jar;C:\Users\artem\.m2\repository\org\openjfx\javafx-graphics\19.0.2.1\javafx-graphics-19.0.2.1.jar;C:\Users\artem\.m2\repository\org\openjfx\javafx-base\19.0.2.1\javafx-base-19.0.2.1.jar;C:\Users\artem\.m2\repository\org\openjfx\javafx-fxml\19.0.2.1\javafx-fxml-19.0.2.1.jar
Launcher Type: SUN_STANDARD

[Global flags]
     intx CICompilerCount                          = 4                                         {product} {ergonomic}
     uint ConcGCThreads                            = 2                                         {product} {ergonomic}
     uint G1ConcRefinementThreads                  = 8                                         {product} {ergonomic}
   size_t G1HeapRegionSize                         = 1048576                                   {product} {ergonomic}
    uintx GCDrainStackTargetSize                   = 64                                        {product} {ergonomic}
   size_t InitialHeapSize                          = 100663296                                 {product} {ergonomic}
   size_t MarkStackSize                            = 4194304                                   {product} {ergonomic}
   size_t MaxHeapSize                              = 1598029824                                {product} {ergonomic}
   size_t MaxNewSize                               = 958398464                                 {product} {ergonomic}
   size_t MinHeapDeltaBytes                        = 1048576                                   {product} {ergonomic}
   size_t MinHeapSize                              = 8388608                                   {product} {ergonomic}
    uintx NonNMethodCodeHeapSize                   = 5839372                                {pd product} {ergonomic}
    uintx NonProfiledCodeHeapSize                  = 122909434                              {pd product} {ergonomic}
    uintx ProfiledCodeHeapSize                     = 122909434                              {pd product} {ergonomic}
    uintx ReservedCodeCacheSize                    = 251658240                              {pd product} {ergonomic}
     bool SegmentedCodeCache                       = true                                      {product} {ergonomic}
   size_t SoftMaxHeapSize                          = 1598029824                             {manageable} {ergonomic}
     bool UseCompressedClassPointers               = true                           {product lp64_product} {ergonomic}
     bool UseCompressedOops                        = true                           {product lp64_product} {ergonomic}
     bool UseG1GC                                  = true                                      {product} {ergonomic}
     bool UseLargePagesIndividualAllocation        = false                                  {pd product} {ergonomic}

Logging:
Log output configuration:
 #0: stdout all=off uptime,level,tags
 #1: stderr all=off uptime,level,tags

Environment Variables:
PATH=C:\Windows\system32;C:\Windows;C:\Windows\System32\Wbem;C:\Windows\System32\WindowsPowerShell\v1.0\;C:\Windows\System32\OpenSSH\;C:\Program Files\Git\cmd;C:\Program Files (x86)\dotnet\;C:\Program Files\Docker\Docker\resources\bin;D:\PostgreSQL\15\bin;C:\Program Files\dotnet\;C:\python;C:\python\Scripts;C:\Users\artem\AppData\Local\Programs\Python\Launcher\;C:\Users\artem\AppData\Local\Microsoft\WindowsApps;C:\Program Files\JetBrains\IntelliJ IDEA Community Edition 2021.3.2\bin;;C:\Users\artem\.jdks\openjdk-17.0.2\bin;
USERNAME=artem
OS=Windows_NT
PROCESSOR_IDENTIFIER=AMD64 Family 23 Model 24 Stepping 1, AuthenticAMD



---------------  S Y S T E M  ---------------

OS:
 Windows 10 , 64 bit Build 19041 (10.0.19041.1889)
OS uptime: 0 days 8:20 hours
Hyper-V role detected

CPU: total 8 (initial active 8) (8 cores per cpu, 2 threads per core) family 23 model 24 stepping 1 microcode 0x0, cx8, cmov, fxsr, ht, mmx, 3dnowpref, sse, sse2, sse3, ssse3, sse4a, sse4.1, sse4.2, popcnt, lzcnt, tsc, tscinvbit, avx, avx2, aes, clmul, bmi1, bmi2, adx, sha, fma, vzeroupper, clflush, clflushopt, hv

Memory: 4k page, system-wide physical 6091M (733M free)
TotalPageFile size 13254M (AvailPageFile size 1696M)
current process WorkingSet (physical memory assigned to process): 134M, peak: 156M
current process commit charge ("private bytes"): 244M, peak: 269M

vm_info: OpenJDK 64-Bit Server VM (17.0.2+8-86) for windows-amd64 JRE (17.0.2+8-86), built on Dec  7 2021 21:49:10 by "mach5one" with MS VC++ 16.8 / 16.9 (VS2019)

END.
