#
# A fatal error has been detected by the Java Runtime Environment:
#
#  EXCEPTION_ACCESS_VIOLATION (0xc0000005) at pc=0x00007ffaada16407, pid=13884, tid=14144
#
# JRE version: OpenJDK Runtime Environment (17.0.2+8) (build 17.0.2+8-86)
# Java VM: OpenJDK 64-Bit Server VM (17.0.2+8-86, mixed mode, sharing, tiered, compressed oops, compressed class ptrs, g1 gc, windows-amd64)
# Problematic frame:
# C  [glass.dll+0x26407]
#
# No core dump will be written. Minidumps are not enabled by default on client versions of Windows
#
# If you would like to submit a bug report, please visit:
#   https://bugreport.java.com/bugreport/crash.jsp
#

---------------  S U M M A R Y ------------

Command Line: -javaagent:C:\Program Files\JetBrains\IntelliJ IDEA Community Edition 2021.3.2\lib\idea_rt.jar=56927:C:\Program Files\JetBrains\IntelliJ IDEA Community Edition 2021.3.2\bin -Dfile.encoding=UTF-8 --module-path=C:\Users\artem\.m2\repository\org\openjfx\javafx-fxml\19.0.2.1\javafx-fxml-19.0.2.1-win.jar;C:\Users\artem\IdeaProjects\LibraryProject\target\classes;C:\Users\artem\.m2\repository\org\openjfx\javafx-graphics\19.0.2.1\javafx-graphics-19.0.2.1-win.jar;C:\Users\artem\.m2\repository\org\openjfx\javafx-base\19.0.2.1\javafx-base-19.0.2.1-win.jar;C:\Users\artem\.m2\repository\org\openjfx\javafx-controls\19.0.2.1\javafx-controls-19.0.2.1-win.jar -Djdk.module.main=com.example.libraryproject com.example.libraryproject/com.example.libraryproject.HelloApplication

Host: AMD Ryzen 5 3500U with Radeon Vega Mobile Gfx  , 8 cores, 5G,  Windows 10 , 64 bit Build 19041 (10.0.19041.1889)
Time: Tue Dec 12 01:43:28 2023 RTZ 2 (s 10 , 64 bit Build 19041 (10.0.19041.1889) elapsed time: 12.506071 seconds (0d 0h 0m 12s)

---------------  T H R E A D  ---------------

Current thread (0x000002104a83d610):  VMThread "VM Thread" [stack: 0x00000045dee00000,0x00000045def00000] [id=14144]

Stack: [0x00000045dee00000,0x00000045def00000],  sp=0x00000045deeff060,  free space=1020k
Native frames: (J=compiled Java code, j=interpreted, Vv=VM code, C=native code)
C  [glass.dll+0x26407]


siginfo: EXCEPTION_ACCESS_VIOLATION (0xc0000005), reading address 0x0000000000000000


Register to memory mapping:

RIP=0x00007ffaada16407 glass.dll
RAX=0x0 is NULL
RBX=0x0000021067550cd8 is a global jni handle
RCX=0x000002104a83d610 points into unknown readable memory: 0x00007ffa387fe880 | 80 e8 7f 38 fa 7f 00 00
RDX=0x00000045deeff060 points into unknown readable memory: 0x0000000000000000 | 00 00 00 00 00 00 00 00
RSP=0x00000045deeff060 points into unknown readable memory: 0x0000000000000000 | 00 00 00 00 00 00 00 00
RBP=0x0000021068854e28 points into unknown readable memory: 0x0000a1ba45862a35 | 35 2a 86 45 ba a1 00 00
RSI=0x0000021068854e00 points into unknown readable memory: 0x0b00a1b5bad39e12 | 12 9e d3 ba b5 a1 00 0b
RDI=0x0000a1ba45862a35 is an unknown value
R8 =0x0000000000010002 is an unknown value
R9 =0x0000a1ba45862a35 is an unknown value
R10=0x0000000000008000 is an unknown value
R11=0x00000045deefeff0 points into unknown readable memory: 0x0000021068854e00 | 00 4e 85 68 10 02 00 00
R12=0x00007ffaada13d40 glass.dll
R13=0x00007ffa389a49d0 jvm.dll
R14=0x00000045deeff158 points into unknown readable memory: 0x00000045deeff140 | 40 f1 ef de 45 00 00 00
R15=0x0000021068854e00 points into unknown readable memory: 0x0b00a1b5bad39e12 | 12 9e d3 ba b5 a1 00 0b


Registers:
RAX=0x0000000000000000, RBX=0x0000021067550cd8, RCX=0x000002104a83d610, RDX=0x00000045deeff060
RSP=0x00000045deeff060, RBP=0x0000021068854e28, RSI=0x0000021068854e00, RDI=0x0000a1ba45862a35
R8 =0x0000000000010002, R9 =0x0000a1ba45862a35, R10=0x0000000000008000, R11=0x00000045deefeff0
R12=0x00007ffaada13d40, R13=0x00007ffa389a49d0, R14=0x00000045deeff158, R15=0x0000021068854e00
RIP=0x00007ffaada16407, EFLAGS=0x0000000000010202

Top of Stack: (sp=0x00000045deeff060)
0x00000045deeff060:   0000000000000000 0000021068854e00
0x00000045deeff070:   00007ffa389a49d0 00007ffaada13d40
0x00000045deeff080:   0000021068854e08 00007ffac75442d6
0x00000045deeff090:   0000a1ba45862a35 0000021000000000
0x00000045deeff0a0:   0000021068854e28 0000021068854e00
0x00000045deeff0b0:   fffffffffffffffe 0000000000000000
0x00000045deeff0c0:   0000000000000001 00007ffaad9f0000
0x00000045deeff0d0:   00000045deeff148 00007ffac75441fb
0x00000045deeff0e0:   0000000000000000 00000045deeff158
0x00000045deeff0f0:   00000045deeff420 00007ffac7620e40
0x00000045deeff100:   0000000000000001 00007ffac75441b4
0x00000045deeff110:   0000000000000000 0000000000000001
0x00000045deeff120:   0000000000000000 00000045deeff148
0x00000045deeff130:   0000000000000001 00007ffaada13bcd
0x00000045deeff140:   00007ffaada29f88 00007ffa00000002
0x00000045deeff150:   0000000000000002 00000045deeff140 

Instructions: (pc=0x00007ffaada16407)
0x00007ffaada16307:   8b 4d 58 e8 7d cf ff ff 48 8b 4d 60 e8 74 cf ff
0x00007ffaada16317:   ff 48 8b 95 80 00 00 00 48 8b 8d 18 01 00 00 e8
0x00007ffaada16327:   66 c4 ff ff 33 d2 33 c9 e8 bc e1 ff ff 90 48 89
0x00007ffaada16337:   54 24 10 55 48 83 ec 20 48 8b ea 48 b8 00 00 00
0x00007ffaada16347:   00 00 00 00 00 48 83 c4 20 5d c3 cc 40 55 48 8b
0x00007ffaada16357:   ea 48 8b 01 33 c9 81 38 05 00 00 c0 0f 94 c1 8b
0x00007ffaada16367:   c1 5d c3 cc 40 55 48 83 ec 20 48 8b ea 8a 4d 40
0x00007ffaada16377:   48 83 c4 20 5d e9 63 d3 ff ff cc 40 55 48 83 ec
0x00007ffaada16387:   20 48 8b ea 8a 4d 20 e8 51 d3 ff ff 90 48 83 c4
0x00007ffaada16397:   20 5d c3 cc 40 55 48 83 ec 20 48 8b ea 48 83 c4
0x00007ffaada163a7:   20 5d e9 b2 d1 ff ff cc 40 55 48 83 ec 30 48 8b
0x00007ffaada163b7:   ea 48 8b 01 8b 10 48 89 4c 24 28 89 54 24 20 4c
0x00007ffaada163c7:   8d 0d 53 d6 ff ff 4c 8b 45 70 8b 55 68 48 8b 4d
0x00007ffaada163d7:   60 e8 f3 d0 ff ff 90 48 83 c4 30 5d c3 cc cc cc
0x00007ffaada163e7:   cc cc cc cc cc cc cc cc cc 40 53 48 83 ec 20 48
0x00007ffaada163f7:   8b 1d 8b 35 01 00 48 85 db 74 16 e8 79 8b ff ff
0x00007ffaada16407:   4c 8b 00 48 8b d3 48 8b c8 41 ff 90 b0 00 00 00
0x00007ffaada16417:   90 48 83 c4 20 5b c3 cc cc 40 53 48 83 ec 20 48
0x00007ffaada16427:   8b 1d fb 36 01 00 48 85 db 74 57 b8 ff ff ff ff
0x00007ffaada16437:   f0 0f c1 43 10 83 f8 01 75 3d 48 85 db 74 38 48
0x00007ffaada16447:   8b 0b 48 85 c9 74 0d ff 15 54 0e 00 00 48 c7 03
0x00007ffaada16457:   00 00 00 00 48 8b 4b 08 48 85 c9 74 0d e8 23 ce
0x00007ffaada16467:   ff ff 48 c7 43 08 00 00 00 00 ba 18 00 00 00 48
0x00007ffaada16477:   8b cb e8 0e ce ff ff 48 c7 05 9f 36 01 00 00 00
0x00007ffaada16487:   00 00 48 83 c4 20 5b c3 cc 40 53 48 83 ec 20 48
0x00007ffaada16497:   8b 1d 6b 36 01 00 48 85 db 74 57 b8 ff ff ff ff
0x00007ffaada164a7:   f0 0f c1 43 10 83 f8 01 75 3d 48 85 db 74 38 48
0x00007ffaada164b7:   8b 0b 48 85 c9 74 0d ff 15 e4 0d 00 00 48 c7 03
0x00007ffaada164c7:   00 00 00 00 48 8b 4b 08 48 85 c9 74 0d e8 b3 cd
0x00007ffaada164d7:   ff ff 48 c7 43 08 00 00 00 00 ba 18 00 00 00 48
0x00007ffaada164e7:   8b cb e8 9e cd ff ff 48 c7 05 0f 36 01 00 00 00
0x00007ffaada164f7:   00 00 48 83 c4 20 5b c3 cc 40 53 48 83 ec 20 48 


Stack slot to memory mapping:
stack at sp + 0 slots: 0x0 is NULL
stack at sp + 1 slots: 0x0000021068854e00 points into unknown readable memory: 0x0b00a1b5bad39e12 | 12 9e d3 ba b5 a1 00 0b
stack at sp + 2 slots: 0x00007ffa389a49d0 jvm.dll
stack at sp + 3 slots: 0x00007ffaada13d40 glass.dll
stack at sp + 4 slots: 0x0000021068854e08 points into unknown readable memory: 0x0000a1ba45862a35 | 35 2a 86 45 ba a1 00 00
stack at sp + 5 slots: 0x00007ffac75442d6 ucrtbase.dll
stack at sp + 6 slots: 0x0000a1ba45862a35 is an unknown value
stack at sp + 7 slots: 0x0000021000000000 is an unknown value

VM_Operation (0x00000045e15fef30): Exit, mode: safepoint, requested by thread 0x000002106858f6e0


---------------  P R O C E S S  ---------------

Threads class SMR info:
_java_thread_list=0x000002106864b630, length=21, elements={
0x000002104a75d970, 0x0000021067543ac0, 0x0000021067544930, 0x000002106755a0b0,
0x000002106755db80, 0x000002106755e530, 0x0000021067560ef0, 0x0000021067565360,
0x000002106756dc70, 0x0000021067570e80, 0x000002104a8316b0, 0x0000021068974410,
0x00000210689de640, 0x0000021068e7d2b0, 0x000002106858da00, 0x000002106858ded0,
0x00000210685913c0, 0x0000021068590080, 0x000002106858e3a0, 0x0000021068590a20,
0x000002106858f6e0
}

Java Threads: ( => current thread )
  0x000002104a75d970 JavaThread "main" [_thread_blocked, id=14628, stack(0x00000045de800000,0x00000045de900000)]
  0x0000021067543ac0 JavaThread "Reference Handler" daemon [_thread_blocked, id=4680, stack(0x00000045def00000,0x00000045df000000)]
  0x0000021067544930 JavaThread "Finalizer" daemon [_thread_blocked, id=2728, stack(0x00000045df000000,0x00000045df100000)]
  0x000002106755a0b0 JavaThread "Signal Dispatcher" daemon [_thread_blocked, id=3620, stack(0x00000045df100000,0x00000045df200000)]
  0x000002106755db80 JavaThread "Attach Listener" daemon [_thread_blocked, id=7940, stack(0x00000045df200000,0x00000045df300000)]
  0x000002106755e530 JavaThread "Service Thread" daemon [_thread_blocked, id=14640, stack(0x00000045df300000,0x00000045df400000)]
  0x0000021067560ef0 JavaThread "Monitor Deflation Thread" daemon [_thread_blocked, id=7616, stack(0x00000045df400000,0x00000045df500000)]
  0x0000021067565360 JavaThread "C2 CompilerThread0" daemon [_thread_blocked, id=2000, stack(0x00000045df500000,0x00000045df600000)]
  0x000002106756dc70 JavaThread "C1 CompilerThread0" daemon [_thread_blocked, id=15916, stack(0x00000045df600000,0x00000045df700000)]
  0x0000021067570e80 JavaThread "Sweeper thread" daemon [_thread_blocked, id=3940, stack(0x00000045df700000,0x00000045df800000)]
  0x000002104a8316b0 JavaThread "Common-Cleaner" daemon [_thread_blocked, id=13408, stack(0x00000045df800000,0x00000045df900000)]
  0x0000021068974410 JavaThread "Monitor Ctrl-Break" daemon [_thread_in_native, id=5984, stack(0x00000045dfb00000,0x00000045dfc00000)]
  0x00000210689de640 JavaThread "Notification Thread" daemon [_thread_blocked, id=15748, stack(0x00000045dfc00000,0x00000045dfd00000)]
  0x0000021068e7d2b0 JavaThread "QuantumRenderer-0" daemon [_thread_blocked, id=1768, stack(0x00000045dfe00000,0x00000045dff00000)]
  0x000002106858da00 JavaThread "InvokeLaterDispatcher" daemon [_thread_blocked, id=5344, stack(0x00000045e0100000,0x00000045e0200000)]
  0x000002106858ded0 JavaThread "JavaFX Application Thread" [_thread_in_native, id=14712, stack(0x00000045e0200000,0x00000045e0300000)]
  0x00000210685913c0 JavaThread "Thread-1" daemon [_thread_in_native, id=8300, stack(0x00000045dfa00000,0x00000045dfb00000)]
  0x0000021068590080 JavaThread "JavaFX-Launcher" [_thread_blocked, id=15908, stack(0x00000045e0900000,0x00000045e0a00000)]
  0x000002106858e3a0 JavaThread "Prism Font Disposer" daemon [_thread_blocked, id=14988, stack(0x00000045e1100000,0x00000045e1200000)]
  0x0000021068590a20 JavaThread "Cleaner-0" daemon [_thread_blocked, id=3412, stack(0x00000045e1200000,0x00000045e1300000)]
  0x000002106858f6e0 JavaThread "SIGINT handler" daemon [_thread_blocked, id=13988, stack(0x00000045e1500000,0x00000045e1600000)]

Other Threads:
=>0x000002104a83d610 VMThread "VM Thread" [stack: 0x00000045dee00000,0x00000045def00000] [id=14144]
  0x000002104a792c90 GCTaskThread "GC Thread#0" [stack: 0x00000045de900000,0x00000045dea00000] [id=15236]
  0x0000021068c346b0 GCTaskThread "GC Thread#1" [stack: 0x00000045e0a00000,0x00000045e0b00000] [id=14004]
  0x0000021068c34960 GCTaskThread "GC Thread#2" [stack: 0x00000045e0b00000,0x00000045e0c00000] [id=15172]
  0x00000210690a4840 GCTaskThread "GC Thread#3" [stack: 0x00000045e0c00000,0x00000045e0d00000] [id=13696]
  0x00000210690a4af0 GCTaskThread "GC Thread#4" [stack: 0x00000045e0d00000,0x00000045e0e00000] [id=16104]
  0x00000210690a4da0 GCTaskThread "GC Thread#5" [stack: 0x00000045e0e00000,0x00000045e0f00000] [id=6224]
  0x0000021069581870 GCTaskThread "GC Thread#6" [stack: 0x00000045e1300000,0x00000045e1400000] [id=15112]
  0x0000021070e6c4c0 GCTaskThread "GC Thread#7" [stack: 0x00000045e1400000,0x00000045e1500000] [id=2408]
  0x000002104a7a0a60 ConcurrentGCThread "G1 Main Marker" terminated
  0x000002104a7a1470 ConcurrentGCThread "G1 Conc#0" [stack: 0x00000045deb00000,0x00000045dec00000] [id=15032]
  0x000002104a81b7f0 ConcurrentGCThread "G1 Refine#0" terminated
  0x000002104a81c210 ConcurrentGCThread "G1 Service" terminated

Threads with active compile tasks:

VM state: at safepoint (shutting down)

VM Mutex/Monitor currently owned by a thread:  ([mutex/lock_event])
[0x000002104a758950] Threads_lock - owner thread: 0x000002104a83d610
[0x000002104a7595b0] Heap_lock - owner thread: 0x000002106858f6e0

Heap address: 0x00000000a0c00000, size: 1524 MB, Compressed Oops mode: 32-bit

CDS archive(s) mapped at: [0x0000000800000000-0x0000000800bc0000-0x0000000800bc0000), size 12320768, SharedBaseAddress: 0x0000000800000000, ArchiveRelocationMode: 0.
Compressed class space mapped at: 0x0000000800c00000-0x0000000840c00000, reserved size: 1073741824
Narrow klass base: 0x0000000800000000, Narrow klass shift: 0, Narrow klass range: 0x100000000

GC Precious Log:
 CPUs: 8 total, 8 available
 Memory: 6091M
 Large Page Support: Disabled
 NUMA Support: Disabled
 Compressed Oops: Enabled (32-bit)
 Heap Region Size: 1M
 Heap Min Capacity: 8M
 Heap Initial Capacity: 96M
 Heap Max Capacity: 1524M
 Pre-touch: Disabled
 Parallel Workers: 8
 Concurrent Workers: 2
 Concurrent Refinement Workers: 8
 Periodic GC: Disabled

Heap:
 garbage-first heap   total 98304K, used 21449K [0x00000000a0c00000, 0x0000000100000000)
  region size 1024K, 18 young (18432K), 5 survivors (5120K)
 Metaspace       used 15880K, committed 16128K, reserved 1064960K
  class space    used 2320K, committed 2432K, reserved 1048576K

Heap Regions: E=young(eden), S=young(survivor), O=old, HS=humongous(starts), HC=humongous(continues), CS=collection set, F=free, OA=open archive, CA=closed archive, TAMS=top-at-mark-start (previous, next)
|   0|0x00000000a0c00000, 0x00000000a0d00000, 0x00000000a0d00000|100%| O|  |TAMS 0x00000000a0c00000, 0x00000000a0c00000| Untracked 
|   1|0x00000000a0d00000, 0x00000000a0e00000, 0x00000000a0e00000|100%| O|  |TAMS 0x00000000a0d00000, 0x00000000a0d00000| Untracked 
|   2|0x00000000a0e00000, 0x00000000a0ed9a00, 0x00000000a0f00000| 85%| O|  |TAMS 0x00000000a0e00000, 0x00000000a0e00000| Untracked 
|   3|0x00000000a0f00000, 0x00000000a1000000, 0x00000000a1000000|100%|HS|  |TAMS 0x00000000a0f00000, 0x00000000a0f00000| Complete 
|   4|0x00000000a1000000, 0x00000000a1100000, 0x00000000a1100000|100%|HC|  |TAMS 0x00000000a1000000, 0x00000000a1000000| Complete 
|   5|0x00000000a1100000, 0x00000000a1100000, 0x00000000a1200000|  0%| F|  |TAMS 0x00000000a1100000, 0x00000000a1100000| Untracked 
|   6|0x00000000a1200000, 0x00000000a1200000, 0x00000000a1300000|  0%| F|  |TAMS 0x00000000a1200000, 0x00000000a1200000| Untracked 
|   7|0x00000000a1300000, 0x00000000a1300000, 0x00000000a1400000|  0%| F|  |TAMS 0x00000000a1300000, 0x00000000a1300000| Untracked 
|   8|0x00000000a1400000, 0x00000000a1400000, 0x00000000a1500000|  0%| F|  |TAMS 0x00000000a1400000, 0x00000000a1400000| Untracked 
|   9|0x00000000a1500000, 0x00000000a1500000, 0x00000000a1600000|  0%| F|  |TAMS 0x00000000a1500000, 0x00000000a1500000| Untracked 
|  10|0x00000000a1600000, 0x00000000a1600000, 0x00000000a1700000|  0%| F|  |TAMS 0x00000000a1600000, 0x00000000a1600000| Untracked 
|  11|0x00000000a1700000, 0x00000000a1700000, 0x00000000a1800000|  0%| F|  |TAMS 0x00000000a1700000, 0x00000000a1700000| Untracked 
|  12|0x00000000a1800000, 0x00000000a1800000, 0x00000000a1900000|  0%| F|  |TAMS 0x00000000a1800000, 0x00000000a1800000| Untracked 
|  13|0x00000000a1900000, 0x00000000a1900000, 0x00000000a1a00000|  0%| F|  |TAMS 0x00000000a1900000, 0x00000000a1900000| Untracked 
|  14|0x00000000a1a00000, 0x00000000a1a00000, 0x00000000a1b00000|  0%| F|  |TAMS 0x00000000a1a00000, 0x00000000a1a00000| Untracked 
|  15|0x00000000a1b00000, 0x00000000a1b00000, 0x00000000a1c00000|  0%| F|  |TAMS 0x00000000a1b00000, 0x00000000a1b00000| Untracked 
|  16|0x00000000a1c00000, 0x00000000a1c00000, 0x00000000a1d00000|  0%| F|  |TAMS 0x00000000a1c00000, 0x00000000a1c00000| Untracked 
|  17|0x00000000a1d00000, 0x00000000a1d00000, 0x00000000a1e00000|  0%| F|  |TAMS 0x00000000a1d00000, 0x00000000a1d00000| Untracked 
|  18|0x00000000a1e00000, 0x00000000a1e00000, 0x00000000a1f00000|  0%| F|  |TAMS 0x00000000a1e00000, 0x00000000a1e00000| Untracked 
|  19|0x00000000a1f00000, 0x00000000a1f00000, 0x00000000a2000000|  0%| F|  |TAMS 0x00000000a1f00000, 0x00000000a1f00000| Untracked 
|  20|0x00000000a2000000, 0x00000000a2000000, 0x00000000a2100000|  0%| F|  |TAMS 0x00000000a2000000, 0x00000000a2000000| Untracked 
|  21|0x00000000a2100000, 0x00000000a2100000, 0x00000000a2200000|  0%| F|  |TAMS 0x00000000a2100000, 0x00000000a2100000| Untracked 
|  22|0x00000000a2200000, 0x00000000a2200000, 0x00000000a2300000|  0%| F|  |TAMS 0x00000000a2200000, 0x00000000a2200000| Untracked 
|  23|0x00000000a2300000, 0x00000000a2300000, 0x00000000a2400000|  0%| F|  |TAMS 0x00000000a2300000, 0x00000000a2300000| Untracked 
|  24|0x00000000a2400000, 0x00000000a2400000, 0x00000000a2500000|  0%| F|  |TAMS 0x00000000a2400000, 0x00000000a2400000| Untracked 
|  25|0x00000000a2500000, 0x00000000a2500000, 0x00000000a2600000|  0%| F|  |TAMS 0x00000000a2500000, 0x00000000a2500000| Untracked 
|  26|0x00000000a2600000, 0x00000000a2600000, 0x00000000a2700000|  0%| F|  |TAMS 0x00000000a2600000, 0x00000000a2600000| Untracked 
|  27|0x00000000a2700000, 0x00000000a2700000, 0x00000000a2800000|  0%| F|  |TAMS 0x00000000a2700000, 0x00000000a2700000| Untracked 
|  28|0x00000000a2800000, 0x00000000a2800000, 0x00000000a2900000|  0%| F|  |TAMS 0x00000000a2800000, 0x00000000a2800000| Untracked 
|  29|0x00000000a2900000, 0x00000000a2900000, 0x00000000a2a00000|  0%| F|  |TAMS 0x00000000a2900000, 0x00000000a2900000| Untracked 
|  30|0x00000000a2a00000, 0x00000000a2a00000, 0x00000000a2b00000|  0%| F|  |TAMS 0x00000000a2a00000, 0x00000000a2a00000| Untracked 
|  31|0x00000000a2b00000, 0x00000000a2b00000, 0x00000000a2c00000|  0%| F|  |TAMS 0x00000000a2b00000, 0x00000000a2b00000| Untracked 
|  32|0x00000000a2c00000, 0x00000000a2c00000, 0x00000000a2d00000|  0%| F|  |TAMS 0x00000000a2c00000, 0x00000000a2c00000| Untracked 
|  33|0x00000000a2d00000, 0x00000000a2d00000, 0x00000000a2e00000|  0%| F|  |TAMS 0x00000000a2d00000, 0x00000000a2d00000| Untracked 
|  34|0x00000000a2e00000, 0x00000000a2e00000, 0x00000000a2f00000|  0%| F|  |TAMS 0x00000000a2e00000, 0x00000000a2e00000| Untracked 
|  35|0x00000000a2f00000, 0x00000000a2f00000, 0x00000000a3000000|  0%| F|  |TAMS 0x00000000a2f00000, 0x00000000a2f00000| Untracked 
|  36|0x00000000a3000000, 0x00000000a3000000, 0x00000000a3100000|  0%| F|  |TAMS 0x00000000a3000000, 0x00000000a3000000| Untracked 
|  37|0x00000000a3100000, 0x00000000a3100000, 0x00000000a3200000|  0%| F|  |TAMS 0x00000000a3100000, 0x00000000a3100000| Untracked 
|  38|0x00000000a3200000, 0x00000000a3200000, 0x00000000a3300000|  0%| F|  |TAMS 0x00000000a3200000, 0x00000000a3200000| Untracked 
|  39|0x00000000a3300000, 0x00000000a3300000, 0x00000000a3400000|  0%| F|  |TAMS 0x00000000a3300000, 0x00000000a3300000| Untracked 
|  40|0x00000000a3400000, 0x00000000a3400000, 0x00000000a3500000|  0%| F|  |TAMS 0x00000000a3400000, 0x00000000a3400000| Untracked 
|  41|0x00000000a3500000, 0x00000000a3500000, 0x00000000a3600000|  0%| F|  |TAMS 0x00000000a3500000, 0x00000000a3500000| Untracked 
|  42|0x00000000a3600000, 0x00000000a3600000, 0x00000000a3700000|  0%| F|  |TAMS 0x00000000a3600000, 0x00000000a3600000| Untracked 
|  43|0x00000000a3700000, 0x00000000a3700000, 0x00000000a3800000|  0%| F|  |TAMS 0x00000000a3700000, 0x00000000a3700000| Untracked 
|  44|0x00000000a3800000, 0x00000000a3800000, 0x00000000a3900000|  0%| F|  |TAMS 0x00000000a3800000, 0x00000000a3800000| Untracked 
|  45|0x00000000a3900000, 0x00000000a3900000, 0x00000000a3a00000|  0%| F|  |TAMS 0x00000000a3900000, 0x00000000a3900000| Untracked 
|  46|0x00000000a3a00000, 0x00000000a3a00000, 0x00000000a3b00000|  0%| F|  |TAMS 0x00000000a3a00000, 0x00000000a3a00000| Untracked 
|  47|0x00000000a3b00000, 0x00000000a3b00000, 0x00000000a3c00000|  0%| F|  |TAMS 0x00000000a3b00000, 0x00000000a3b00000| Untracked 
|  48|0x00000000a3c00000, 0x00000000a3c00000, 0x00000000a3d00000|  0%| F|  |TAMS 0x00000000a3c00000, 0x00000000a3c00000| Untracked 
|  49|0x00000000a3d00000, 0x00000000a3d00000, 0x00000000a3e00000|  0%| F|  |TAMS 0x00000000a3d00000, 0x00000000a3d00000| Untracked 
|  50|0x00000000a3e00000, 0x00000000a3e00000, 0x00000000a3f00000|  0%| F|  |TAMS 0x00000000a3e00000, 0x00000000a3e00000| Untracked 
|  51|0x00000000a3f00000, 0x00000000a3f00000, 0x00000000a4000000|  0%| F|  |TAMS 0x00000000a3f00000, 0x00000000a3f00000| Untracked 
|  52|0x00000000a4000000, 0x00000000a4000000, 0x00000000a4100000|  0%| F|  |TAMS 0x00000000a4000000, 0x00000000a4000000| Untracked 
|  53|0x00000000a4100000, 0x00000000a4100000, 0x00000000a4200000|  0%| F|  |TAMS 0x00000000a4100000, 0x00000000a4100000| Untracked 
|  54|0x00000000a4200000, 0x00000000a4200000, 0x00000000a4300000|  0%| F|  |TAMS 0x00000000a4200000, 0x00000000a4200000| Untracked 
|  55|0x00000000a4300000, 0x00000000a4300000, 0x00000000a4400000|  0%| F|  |TAMS 0x00000000a4300000, 0x00000000a4300000| Untracked 
|  56|0x00000000a4400000, 0x00000000a4400000, 0x00000000a4500000|  0%| F|  |TAMS 0x00000000a4400000, 0x00000000a4400000| Untracked 
|  57|0x00000000a4500000, 0x00000000a4518c20, 0x00000000a4600000|  9%| S|CS|TAMS 0x00000000a4500000, 0x00000000a4500000| Complete 
|  58|0x00000000a4600000, 0x00000000a4700000, 0x00000000a4700000|100%| S|CS|TAMS 0x00000000a4600000, 0x00000000a4600000| Complete 
|  59|0x00000000a4700000, 0x00000000a4800000, 0x00000000a4800000|100%| S|CS|TAMS 0x00000000a4700000, 0x00000000a4700000| Complete 
|  60|0x00000000a4800000, 0x00000000a4900000, 0x00000000a4900000|100%| S|CS|TAMS 0x00000000a4800000, 0x00000000a4800000| Complete 
|  61|0x00000000a4900000, 0x00000000a4a00000, 0x00000000a4a00000|100%| S|CS|TAMS 0x00000000a4900000, 0x00000000a4900000| Complete 
|  62|0x00000000a4a00000, 0x00000000a4a00000, 0x00000000a4b00000|  0%| F|  |TAMS 0x00000000a4a00000, 0x00000000a4a00000| Untracked 
|  63|0x00000000a4b00000, 0x00000000a4b00000, 0x00000000a4c00000|  0%| F|  |TAMS 0x00000000a4b00000, 0x00000000a4b00000| Untracked 
|  64|0x00000000a4c00000, 0x00000000a4c00000, 0x00000000a4d00000|  0%| F|  |TAMS 0x00000000a4c00000, 0x00000000a4c00000| Untracked 
|  65|0x00000000a4d00000, 0x00000000a4d00000, 0x00000000a4e00000|  0%| F|  |TAMS 0x00000000a4d00000, 0x00000000a4d00000| Untracked 
|  66|0x00000000a4e00000, 0x00000000a4e00000, 0x00000000a4f00000|  0%| F|  |TAMS 0x00000000a4e00000, 0x00000000a4e00000| Untracked 
|  67|0x00000000a4f00000, 0x00000000a4f00000, 0x00000000a5000000|  0%| F|  |TAMS 0x00000000a4f00000, 0x00000000a4f00000| Untracked 
|  68|0x00000000a5000000, 0x00000000a5000000, 0x00000000a5100000|  0%| F|  |TAMS 0x00000000a5000000, 0x00000000a5000000| Untracked 
|  69|0x00000000a5100000, 0x00000000a5100000, 0x00000000a5200000|  0%| F|  |TAMS 0x00000000a5100000, 0x00000000a5100000| Untracked 
|  70|0x00000000a5200000, 0x00000000a5200000, 0x00000000a5300000|  0%| F|  |TAMS 0x00000000a5200000, 0x00000000a5200000| Untracked 
|  71|0x00000000a5300000, 0x00000000a5300000, 0x00000000a5400000|  0%| F|  |TAMS 0x00000000a5300000, 0x00000000a5300000| Untracked 
|  72|0x00000000a5400000, 0x00000000a5400000, 0x00000000a5500000|  0%| F|  |TAMS 0x00000000a5400000, 0x00000000a5400000| Untracked 
|  73|0x00000000a5500000, 0x00000000a5500000, 0x00000000a5600000|  0%| F|  |TAMS 0x00000000a5500000, 0x00000000a5500000| Untracked 
|  74|0x00000000a5600000, 0x00000000a5600000, 0x00000000a5700000|  0%| F|  |TAMS 0x00000000a5600000, 0x00000000a5600000| Untracked 
|  75|0x00000000a5700000, 0x00000000a5700000, 0x00000000a5800000|  0%| F|  |TAMS 0x00000000a5700000, 0x00000000a5700000| Untracked 
|  76|0x00000000a5800000, 0x00000000a5800000, 0x00000000a5900000|  0%| F|  |TAMS 0x00000000a5800000, 0x00000000a5800000| Untracked 
|  77|0x00000000a5900000, 0x00000000a5900000, 0x00000000a5a00000|  0%| F|  |TAMS 0x00000000a5900000, 0x00000000a5900000| Untracked 
|  78|0x00000000a5a00000, 0x00000000a5a00000, 0x00000000a5b00000|  0%| F|  |TAMS 0x00000000a5a00000, 0x00000000a5a00000| Untracked 
|  79|0x00000000a5b00000, 0x00000000a5b00000, 0x00000000a5c00000|  0%| F|  |TAMS 0x00000000a5b00000, 0x00000000a5b00000| Untracked 
|  80|0x00000000a5c00000, 0x00000000a5c00000, 0x00000000a5d00000|  0%| F|  |TAMS 0x00000000a5c00000, 0x00000000a5c00000| Untracked 
|  81|0x00000000a5d00000, 0x00000000a5d00000, 0x00000000a5e00000|  0%| F|  |TAMS 0x00000000a5d00000, 0x00000000a5d00000| Untracked 
|  82|0x00000000a5e00000, 0x00000000a5e00000, 0x00000000a5f00000|  0%| F|  |TAMS 0x00000000a5e00000, 0x00000000a5e00000| Untracked 
|  83|0x00000000a5f00000, 0x00000000a5f85a48, 0x00000000a6000000| 52%| E|  |TAMS 0x00000000a5f00000, 0x00000000a5f00000| Complete 
|  84|0x00000000a6000000, 0x00000000a6100000, 0x00000000a6100000|100%| E|CS|TAMS 0x00000000a6000000, 0x00000000a6000000| Complete 
|  85|0x00000000a6100000, 0x00000000a6200000, 0x00000000a6200000|100%| E|CS|TAMS 0x00000000a6100000, 0x00000000a6100000| Complete 
|  86|0x00000000a6200000, 0x00000000a6300000, 0x00000000a6300000|100%| E|CS|TAMS 0x00000000a6200000, 0x00000000a6200000| Complete 
|  87|0x00000000a6300000, 0x00000000a6400000, 0x00000000a6400000|100%| E|CS|TAMS 0x00000000a6300000, 0x00000000a6300000| Complete 
|  88|0x00000000a6400000, 0x00000000a6500000, 0x00000000a6500000|100%| E|CS|TAMS 0x00000000a6400000, 0x00000000a6400000| Complete 
|  89|0x00000000a6500000, 0x00000000a6600000, 0x00000000a6600000|100%| E|CS|TAMS 0x00000000a6500000, 0x00000000a6500000| Complete 
|  90|0x00000000a6600000, 0x00000000a6700000, 0x00000000a6700000|100%| E|CS|TAMS 0x00000000a6600000, 0x00000000a6600000| Complete 
|  91|0x00000000a6700000, 0x00000000a6800000, 0x00000000a6800000|100%| E|CS|TAMS 0x00000000a6700000, 0x00000000a6700000| Complete 
|  92|0x00000000a6800000, 0x00000000a6900000, 0x00000000a6900000|100%| E|CS|TAMS 0x00000000a6800000, 0x00000000a6800000| Complete 
|  93|0x00000000a6900000, 0x00000000a6a00000, 0x00000000a6a00000|100%| E|CS|TAMS 0x00000000a6900000, 0x00000000a6900000| Complete 
|  94|0x00000000a6a00000, 0x00000000a6b00000, 0x00000000a6b00000|100%| E|CS|TAMS 0x00000000a6a00000, 0x00000000a6a00000| Complete 
|  95|0x00000000a6b00000, 0x00000000a6c00000, 0x00000000a6c00000|100%| E|CS|TAMS 0x00000000a6b00000, 0x00000000a6b00000| Complete 

Card table byte_map: [0x00000210615f0000,0x00000210618f0000] _byte_map_base: 0x00000210610ea000

Marking Bits (Prev, Next): (CMBitMap*) 0x000002104a7942b0, (CMBitMap*) 0x000002104a7942f0
 Prev Bits: [0x0000021061bf0000, 0x00000210633c0000)
 Next Bits: [0x00000210633c0000, 0x0000021064b90000)

Polling page: 0x00000210486f0000

Metaspace:

Usage:
  Non-class:     13.24 MB used.
      Class:      2.27 MB used.
       Both:     15.51 MB used.

Virtual space:
  Non-class space:       16.00 MB reserved,      13.38 MB ( 84%) committed,  2 nodes.
      Class space:        1.00 GB reserved,       2.38 MB ( <1%) committed,  1 nodes.
             Both:        1.02 GB reserved,      15.75 MB (  2%) committed. 

Chunk freelists:
   Non-Class:  2.66 MB
       Class:  1.60 MB
        Both:  4.26 MB

MaxMetaspaceSize: unlimited
CompressedClassSpaceSize: 1.00 GB
Initial GC threshold: 21.00 MB
Current GC threshold: 21.00 MB
CDS: on
MetaspaceReclaimPolicy: balanced
 - commit_granule_bytes: 65536.
 - commit_granule_words: 8192.
 - virtual_space_node_default_size: 1048576.
 - enlarge_chunks_in_place: 1.
 - new_chunks_are_fully_committed: 0.
 - uncommit_free_chunks: 1.
 - use_allocation_guard: 0.
 - handle_deallocations: 1.


Internal statistics:

num_allocs_failed_limit: 0.
num_arena_births: 210.
num_arena_deaths: 0.
num_vsnodes_births: 3.
num_vsnodes_deaths: 0.
num_space_committed: 252.
num_space_uncommitted: 0.
num_chunks_returned_to_freelist: 0.
num_chunks_taken_from_freelist: 706.
num_chunk_merges: 0.
num_chunk_splits: 483.
num_chunks_enlarged: 377.
num_purges: 0.
num_inconsistent_stats: 0.

CodeHeap 'non-profiled nmethods': size=120000Kb used=1076Kb max_used=1076Kb free=118923Kb
 bounds [0x0000021059a80000, 0x0000021059cf0000, 0x0000021060fb0000]
CodeHeap 'profiled nmethods': size=120000Kb used=5249Kb max_used=5249Kb free=114751Kb
 bounds [0x0000021052550000, 0x0000021052a80000, 0x0000021059a80000]
CodeHeap 'non-nmethods': size=5760Kb used=1426Kb max_used=1465Kb free=4333Kb
 bounds [0x0000021051fb0000, 0x0000021052220000, 0x0000021052550000]
 total_blobs=3571 nmethods=2784 adapters=699
 compilation: enabled
              stopped_count=0, restarted_count=0
 full_count=0

Compilation events (20 events):
Event: 7.074 Thread 0x000002106756dc70 2776       3       com.sun.javafx.event.EventRedirector::redirectEvent (97 bytes)
Event: 7.074 Thread 0x000002106756dc70 nmethod 2776 0x0000021052a6b410 code [0x0000021052a6b660, 0x0000021052a6c178]
Event: 7.075 Thread 0x000002106756dc70 2777       3       java.util.concurrent.CopyOnWriteArrayList::isEmpty (13 bytes)
Event: 7.075 Thread 0x000002106756dc70 nmethod 2777 0x0000021052a6c490 code [0x0000021052a6c640, 0x0000021052a6c838]
Event: 7.075 Thread 0x000002106756dc70 2778       3       com.sun.javafx.event.BasicEventDispatcher::dispatchCapturingEvent (2 bytes)
Event: 7.075 Thread 0x000002106756dc70 nmethod 2778 0x0000021052a6c910 code [0x0000021052a6caa0, 0x0000021052a6cbb8]
Event: 7.121 Thread 0x0000021067565360 2779       4       java.lang.ThreadLocal::get (38 bytes)
Event: 7.124 Thread 0x0000021067565360 nmethod 2779 0x0000021059b8cd10 code [0x0000021059b8cea0, 0x0000021059b8cff8]
Event: 8.521 Thread 0x000002106756dc70 2780       3       com.sun.javafx.geom.Path2D::lineTo (78 bytes)
Event: 8.521 Thread 0x000002106756dc70 nmethod 2780 0x0000021052a6cc90 code [0x0000021052a6ce40, 0x0000021052a6d068]
Event: 8.545 Thread 0x000002106756dc70 2781       3       javafx.scene.Node$$Lambda$375/0x0000000800e33098::dispatchEvent (10 bytes)
Event: 8.545 Thread 0x000002106756dc70 nmethod 2781 0x0000021052a6d210 code [0x0000021052a6d3e0, 0x0000021052a6d858]
Event: 8.545 Thread 0x000002106756dc70 2782       3       javafx.scene.Node::lambda$buildEventDispatchChain$3 (25 bytes)
Event: 8.546 Thread 0x000002106756dc70 nmethod 2782 0x0000021052a6da10 code [0x0000021052a6dbe0, 0x0000021052a6dfd8]
Event: 8.705 Thread 0x000002106756dc70 2783       3       com.sun.javafx.tk.quantum.QuantumToolkit::isSupported (142 bytes)
Event: 8.706 Thread 0x000002106756dc70 nmethod 2783 0x0000021052a6e110 code [0x0000021052a6e420, 0x0000021052a6f598]
Event: 8.761 Thread 0x000002106756dc70 2784       3       com.sun.javafx.scene.input.PickResultChooser::offer (13 bytes)
Event: 8.762 Thread 0x000002106756dc70 nmethod 2784 0x0000021052a6fb10 code [0x0000021052a6fcc0, 0x0000021052a6fe28]
Event: 8.769 Thread 0x000002106756dc70 2785       3       javafx.scene.input.PickResult::<init> (47 bytes)
Event: 8.769 Thread 0x000002106756dc70 nmethod 2785 0x0000021052a6ff10 code [0x0000021052a700c0, 0x0000021052a70358]

GC Heap History (4 events):
Event: 1.002 GC heap before
{Heap before GC invocations=0 (full 0):
 garbage-first heap   total 98304K, used 22528K [0x00000000a0c00000, 0x0000000100000000)
  region size 1024K, 23 young (23552K), 0 survivors (0K)
 Metaspace       used 6461K, committed 6592K, reserved 1056768K
  class space    used 798K, committed 832K, reserved 1048576K
}
Event: 1.008 GC heap after
{Heap after GC invocations=1 (full 0):
 garbage-first heap   total 98304K, used 3136K [0x00000000a0c00000, 0x0000000100000000)
  region size 1024K, 3 young (3072K), 3 survivors (3072K)
 Metaspace       used 6461K, committed 6592K, reserved 1056768K
  class space    used 798K, committed 832K, reserved 1048576K
}
Event: 1.991 GC heap before
{Heap before GC invocations=1 (full 0):
 garbage-first heap   total 98304K, used 34880K [0x00000000a0c00000, 0x0000000100000000)
  region size 1024K, 34 young (34816K), 3 survivors (3072K)
 Metaspace       used 14356K, committed 14592K, reserved 1064960K
  class space    used 2216K, committed 2304K, reserved 1048576K
}
Event: 1.998 GC heap after
{Heap after GC invocations=2 (full 0):
 garbage-first heap   total 98304K, used 7113K [0x00000000a0c00000, 0x0000000100000000)
  region size 1024K, 5 young (5120K), 5 survivors (5120K)
 Metaspace       used 14356K, committed 14592K, reserved 1064960K
  class space    used 2216K, committed 2304K, reserved 1048576K
}

Deoptimization events (20 events):
Event: 3.435 Thread 0x000002106858ded0 Uncommon trap: trap_request=0xffffff45 fr.pc=0x0000021059b09a8c relative=0x000000000000018c
Event: 3.435 Thread 0x000002106858ded0 Uncommon trap: reason=unstable_if action=reinterpret pc=0x0000021059b09a8c method=java.lang.String.equals(Ljava/lang/Object;)Z @ 33 c2
Event: 3.435 Thread 0x000002106858ded0 DEOPT PACKING pc=0x0000021059b09a8c sp=0x00000045e02fbdd0
Event: 3.435 Thread 0x000002106858ded0 DEOPT UNPACKING pc=0x00000210520023a3 sp=0x00000045e02fbd70 mode 2
Event: 3.624 Thread 0x0000021068e7d2b0 DEOPT PACKING pc=0x000002105285301a sp=0x00000045dfefdbf0
Event: 3.624 Thread 0x0000021068e7d2b0 DEOPT UNPACKING pc=0x0000021052002b43 sp=0x00000045dfefd048 mode 0
Event: 3.631 Thread 0x0000021068e7d2b0 DEOPT PACKING pc=0x000002105285301a sp=0x00000045dfefdbf0
Event: 3.631 Thread 0x0000021068e7d2b0 DEOPT UNPACKING pc=0x0000021052002b43 sp=0x00000045dfefd048 mode 0
Event: 3.637 Thread 0x0000021068e7d2b0 DEOPT PACKING pc=0x000002105285301a sp=0x00000045dfefdbf0
Event: 3.637 Thread 0x0000021068e7d2b0 DEOPT UNPACKING pc=0x0000021052002b43 sp=0x00000045dfefd048 mode 0
Event: 3.639 Thread 0x0000021068e7d2b0 DEOPT PACKING pc=0x000002105285301a sp=0x00000045dfefdbf0
Event: 3.639 Thread 0x0000021068e7d2b0 DEOPT UNPACKING pc=0x0000021052002b43 sp=0x00000045dfefd048 mode 0
Event: 3.644 Thread 0x0000021068e7d2b0 DEOPT PACKING pc=0x000002105285301a sp=0x00000045dfefdbf0
Event: 3.644 Thread 0x0000021068e7d2b0 DEOPT UNPACKING pc=0x0000021052002b43 sp=0x00000045dfefd048 mode 0
Event: 5.008 Thread 0x0000021068e7d2b0 DEOPT PACKING pc=0x0000021052893af7 sp=0x00000045dfefdf50
Event: 5.008 Thread 0x0000021068e7d2b0 DEOPT UNPACKING pc=0x0000021052002b43 sp=0x00000045dfefd370 mode 0
Event: 12.164 Thread 0x0000021068e7d2b0 Uncommon trap: trap_request=0xffffff45 fr.pc=0x0000021059ae7760 relative=0x0000000000000200
Event: 12.164 Thread 0x0000021068e7d2b0 Uncommon trap: reason=unstable_if action=reinterpret pc=0x0000021059ae7760 method=java.util.concurrent.ConcurrentHashMap.addCount(JI)V @ 121 c2
Event: 12.164 Thread 0x0000021068e7d2b0 DEOPT PACKING pc=0x0000021059ae7760 sp=0x00000045dfefea60
Event: 12.164 Thread 0x0000021068e7d2b0 DEOPT UNPACKING pc=0x00000210520023a3 sp=0x00000045dfefe9b0 mode 2

Classes unloaded (0 events):
No events

Classes redefined (0 events):
No events

Internal exceptions (20 events):
Event: 1.101 Thread 0x000002106858ded0 Exception <a 'java/lang/ClassNotFoundException'{0x00000000a68a5930}: sun/util/logging/resources/spi/loggingProvider> (0x00000000a68a5930) 
thrown [t:\workspace\open\src\hotspot\share\classfile\systemDictionary.cpp, line 256]
Event: 1.175 Thread 0x000002106858ded0 Exception <a 'java/lang/ClassNotFoundException'{0x00000000a65e1ba8}: com/sun/glass/ui/win/themes> (0x00000000a65e1ba8) 
thrown [t:\workspace\open\src\hotspot\share\prims\jni.cpp, line 535]
Event: 1.176 Thread 0x000002106858ded0 Exception <a 'java/lang/ClassNotFoundException'{0x00000000a65e9e40}: com/sun/glass/ui/win/themes_ru> (0x00000000a65e9e40) 
thrown [t:\workspace\open\src\hotspot\share\prims\jni.cpp, line 535]
Event: 1.177 Thread 0x000002106858ded0 Exception <a 'java/lang/ClassNotFoundException'{0x00000000a65eac08}: com/sun/glass/ui/win/themes_ru_RU> (0x00000000a65eac08) 
thrown [t:\workspace\open\src\hotspot\share\prims\jni.cpp, line 535]
Event: 1.296 Thread 0x000002106858ded0 Exception <a 'java/lang/NoSuchMethodError'{0x00000000a60f1d90}: 'void java.lang.invoke.DirectMethodHandle$Holder.invokeStaticInit(java.lang.Object, java.lang.Object)'> (0x00000000a60f1d90) 
thrown [t:\workspace\open\src\hotspot\share\interpreter\linkResolver.cpp, line 766]
Event: 1.302 Thread 0x000002106858ded0 Exception <a 'java/lang/NoSuchMethodError'{0x00000000a5f283e0}: 'void java.lang.invoke.DirectMethodHandle$Holder.invokeSpecial(java.lang.Object, java.lang.Object, java.lang.Object, java.lang.Object, java.lang.Object)'> (0x00000000a5f283e0) 
thrown [t:\workspace\open\src\hotspot\share\interpreter\linkResolver.cpp, line 766]
Event: 1.447 Thread 0x000002106858ded0 Implicit null exception at 0x0000021059af190a to 0x0000021059af1ec8
Event: 1.626 Thread 0x000002106858ded0 Exception <a 'java/lang/NoSuchMethodError'{0x00000000a57ef2a0}: 'java.lang.Object java.lang.invoke.DirectMethodHandle$Holder.invokeInterface(java.lang.Object, java.lang.Object, java.lang.Object)'> (0x00000000a57ef2a0) 
thrown [t:\workspace\open\src\hotspot\share\interpreter\linkResolver.cpp, line 766]
Event: 1.627 Thread 0x000002106858ded0 Exception <a 'java/lang/IncompatibleClassChangeError'{0x00000000a57f2c28}: Found class java.lang.Object, but interface was expected> (0x00000000a57f2c28) 
thrown [t:\workspace\open\src\hotspot\share\interpreter\linkResolver.cpp, line 833]
Event: 1.695 Thread 0x000002106858ded0 Exception <a 'java/lang/ClassNotFoundException'{0x00000000a55ed9a0}: com/sun/javafx/scene/control/skin/resources/controls> (0x00000000a55ed9a0) 
thrown [t:\workspace\open\src\hotspot\share\prims\jni.cpp, line 535]
Event: 1.696 Thread 0x000002106858ded0 Exception <a 'java/lang/ClassNotFoundException'{0x00000000a55fb940}: com/sun/javafx/scene/control/skin/resources/controls_ru> (0x00000000a55fb940) 
thrown [t:\workspace\open\src\hotspot\share\prims\jni.cpp, line 535]
Event: 1.696 Thread 0x000002106858ded0 Exception <a 'java/lang/ClassNotFoundException'{0x00000000a55fc8d8}: com/sun/javafx/scene/control/skin/resources/controls_ru_RU> (0x00000000a55fc8d8) 
thrown [t:\workspace\open\src\hotspot\share\prims\jni.cpp, line 535]
Event: 1.761 Thread 0x000002106858ded0 Exception <a 'java/lang/NoSuchMethodError'{0x00000000a50b8de8}: 'void java.lang.invoke.DirectMethodHandle$Holder.invokeSpecial(java.lang.Object, java.lang.Object, java.lang.Object, java.lang.Object, java.lang.Object, java.lang.Object)'> (0x00000000a50b8de8) 
thrown [t:\workspace\open\src\hotspot\share\interpreter\linkResolver.cpp, line 766]
Event: 1.888 Thread 0x000002106858ded0 Exception <a 'java/lang/NoSuchMethodError'{0x00000000a4c54830}: 'java.lang.Object java.lang.invoke.DirectMethodHandle$Holder.newInvokeSpecial(java.lang.Object, java.lang.Object, int)'> (0x00000000a4c54830) 
thrown [t:\workspace\open\src\hotspot\share\interpreter\linkResolver.cpp, line 766]
Event: 1.923 Thread 0x0000021068e7d2b0 Exception <a 'java/lang/NoSuchMethodError'{0x00000000a4b1ad48}: 'int java.lang.invoke.DirectMethodHandle$Holder.invokeStaticInit(java.lang.Object, java.lang.Object)'> (0x00000000a4b1ad48) 
thrown [t:\workspace\open\src\hotspot\share\interpreter\linkResolver.cpp, line 766]
Event: 1.934 Thread 0x000002106858ded0 Exception <a 'java/lang/NoSuchMethodError'{0x00000000a4cbcc78}: 'long java.lang.invoke.DirectMethodHandle$Holder.invokeStatic(java.lang.Object, java.lang.Object, java.lang.Object)'> (0x00000000a4cbcc78) 
thrown [t:\workspace\open\src\hotspot\share\interpreter\linkResolver.cpp, line 766]
Event: 1.934 Thread 0x000002106858ded0 Exception <a 'java/lang/NoSuchMethodError'{0x00000000a4cc0420}: 'long java.lang.invoke.DirectMethodHandle$Holder.invokeStaticInit(java.lang.Object, java.lang.Object, java.lang.Object)'> (0x00000000a4cc0420) 
thrown [t:\workspace\open\src\hotspot\share\interpreter\linkResolver.cpp, line 766]
Event: 1.939 Thread 0x000002106858ded0 Exception <a 'java/lang/NoSuchMethodError'{0x00000000a4bc1c88}: 'java.lang.Object java.lang.invoke.DirectMethodHandle$Holder.newInvokeSpecial(java.lang.Object, java.lang.Object, long)'> (0x00000000a4bc1c88) 
thrown [t:\workspace\open\src\hotspot\share\interpreter\linkResolver.cpp, line 766]
Event: 1.940 Thread 0x000002106858ded0 Exception <a 'java/lang/NoSuchMethodError'{0x00000000a4bc57f8}: 'java.lang.Object java.lang.invoke.Invokers$Holder.linkToTargetMethod(java.lang.Object, long, java.lang.Object)'> (0x00000000a4bc57f8) 
thrown [t:\workspace\open\src\hotspot\share\interpreter\linkResolver.cpp, line 766]
Event: 3.416 Thread 0x000002106858ded0 Exception <a 'sun/nio/fs/WindowsException'{0x00000000a68abb90}> (0x00000000a68abb90) 
thrown [t:\workspace\open\src\hotspot\share\prims\jni.cpp, line 516]

VM Operations (20 events):
Event: 1.210 Executing VM operation: HandshakeAllThreads done
Event: 1.645 Executing VM operation: ICBufferFull
Event: 1.645 Executing VM operation: ICBufferFull done
Event: 1.991 Executing VM operation: G1CollectForAllocation
Event: 1.998 Executing VM operation: G1CollectForAllocation done
Event: 2.998 Executing VM operation: Cleanup
Event: 2.998 Executing VM operation: Cleanup done
Event: 3.582 Executing VM operation: ICBufferFull
Event: 3.582 Executing VM operation: ICBufferFull done
Event: 4.582 Executing VM operation: Cleanup
Event: 4.583 Executing VM operation: Cleanup done
Event: 5.583 Executing VM operation: Cleanup
Event: 5.584 Executing VM operation: Cleanup done
Event: 6.584 Executing VM operation: Cleanup
Event: 6.585 Executing VM operation: Cleanup done
Event: 7.585 Executing VM operation: Cleanup
Event: 7.585 Executing VM operation: Cleanup done
Event: 9.586 Executing VM operation: Cleanup
Event: 9.586 Executing VM operation: Cleanup done
Event: 12.165 Executing VM operation: Exit

Events (20 events):
Event: 1.985 loading class jdk/internal/reflect/UnsafeQualifiedStaticFieldAccessorImpl
Event: 1.985 loading class jdk/internal/reflect/UnsafeQualifiedStaticFieldAccessorImpl done
Event: 1.985 loading class jdk/internal/reflect/UnsafeQualifiedStaticObjectFieldAccessorImpl done
Event: 2.091 Thread 0x000002106914a040 Thread exited: 0x000002106914a040
Event: 2.219 Thread 0x000002106810b8c0 Thread exited: 0x000002106810b8c0
Event: 3.298 loading class java/io/UnsupportedEncodingException
Event: 3.298 loading class java/io/UnsupportedEncodingException done
Event: 3.515 loading class java/io/CharArrayReader
Event: 3.515 loading class java/io/CharArrayReader done
Event: 3.567 Thread 0x00000210696316b0 Thread added: 0x00000210696316b0
Event: 3.753 Thread 0x00000210696316b0 Thread exited: 0x00000210696316b0
Event: 6.219 Thread 0x0000021069509b40 Thread added: 0x0000021069509b40
Event: 6.769 Thread 0x0000021069509b40 Thread exited: 0x0000021069509b40
Event: 12.162 loading class jdk/internal/misc/Signal$1
Event: 12.162 loading class jdk/internal/misc/Signal$1 done
Event: 12.162 Thread 0x000002106858f6e0 Thread added: 0x000002106858f6e0
Event: 12.163 Thread 0x000002106858e870 Thread added: 0x000002106858e870
Event: 12.163 Thread 0x0000021068590ef0 Thread added: 0x0000021068590ef0
Event: 12.163 Thread 0x000002106858e870 Thread exited: 0x000002106858e870
Event: 12.165 Thread 0x0000021068590ef0 Thread exited: 0x0000021068590ef0


Dynamic libraries:
0x00007ff766770000 - 0x00007ff76677e000 	C:\Users\artem\.jdks\openjdk-17.0.2\bin\java.exe
0x00007ffac9cd0000 - 0x00007ffac9ec8000 	C:\Windows\SYSTEM32\ntdll.dll
0x00007ffac8ba0000 - 0x00007ffac8c5d000 	C:\Windows\System32\KERNEL32.DLL
0x00007ffac7710000 - 0x00007ffac79de000 	C:\Windows\System32\KERNELBASE.dll
0x00007ffac7530000 - 0x00007ffac7630000 	C:\Windows\System32\ucrtbase.dll
0x00007ffab6d50000 - 0x00007ffab6d6a000 	C:\Users\artem\.jdks\openjdk-17.0.2\bin\VCRUNTIME140.dll
0x00007ffab6d10000 - 0x00007ffab6d28000 	C:\Users\artem\.jdks\openjdk-17.0.2\bin\jli.dll
0x00007ffac94e0000 - 0x00007ffac9680000 	C:\Windows\System32\USER32.dll
0x00007ffab65f0000 - 0x00007ffab688a000 	C:\Windows\WinSxS\amd64_microsoft.windows.common-controls_6595b64144ccf1df_6.0.19041.1110_none_60b5254171f9507e\COMCTL32.dll
0x00007ffac7bb0000 - 0x00007ffac7bd2000 	C:\Windows\System32\win32u.dll
0x00007ffac9230000 - 0x00007ffac92ce000 	C:\Windows\System32\msvcrt.dll
0x00007ffac8c60000 - 0x00007ffac8c8a000 	C:\Windows\System32\GDI32.dll
0x00007ffac73f0000 - 0x00007ffac74fb000 	C:\Windows\System32\gdi32full.dll
0x00007ffac7c90000 - 0x00007ffac7d2d000 	C:\Windows\System32\msvcp_win.dll
0x00007ffac7e60000 - 0x00007ffac7e90000 	C:\Windows\System32\IMM32.DLL
0x00007ffac2ed0000 - 0x00007ffac2edc000 	C:\Users\artem\.jdks\openjdk-17.0.2\bin\vcruntime140_1.dll
0x00007ffaad8d0000 - 0x00007ffaad95d000 	C:\Users\artem\.jdks\openjdk-17.0.2\bin\msvcp140.dll
0x00007ffa37e80000 - 0x00007ffa38a41000 	C:\Users\artem\.jdks\openjdk-17.0.2\bin\server\jvm.dll
0x00007ffac8270000 - 0x00007ffac831e000 	C:\Windows\System32\ADVAPI32.dll
0x00007ffac9820000 - 0x00007ffac98bc000 	C:\Windows\System32\sechost.dll
0x00007ffac8320000 - 0x00007ffac8445000 	C:\Windows\System32\RPCRT4.dll
0x00007ffac9810000 - 0x00007ffac9818000 	C:\Windows\System32\PSAPI.DLL
0x00007ffabd290000 - 0x00007ffabd2b7000 	C:\Windows\SYSTEM32\WINMM.dll
0x00007ffaaf610000 - 0x00007ffaaf619000 	C:\Windows\SYSTEM32\WSOCK32.dll
0x00007ffabd2c0000 - 0x00007ffabd2ca000 	C:\Windows\SYSTEM32\VERSION.dll
0x00007ffac9100000 - 0x00007ffac916b000 	C:\Windows\System32\WS2_32.dll
0x00007ffac52b0000 - 0x00007ffac52c2000 	C:\Windows\SYSTEM32\kernel.appcore.dll
0x00007ffac2e60000 - 0x00007ffac2e6a000 	C:\Users\artem\.jdks\openjdk-17.0.2\bin\jimage.dll
0x00007ffab2fa0000 - 0x00007ffab3184000 	C:\Windows\SYSTEM32\DBGHELP.DLL
0x00007ffab2eb0000 - 0x00007ffab2edc000 	C:\Windows\SYSTEM32\dbgcore.DLL
0x00007ffac7630000 - 0x00007ffac76b2000 	C:\Windows\System32\bcryptPrimitives.dll
0x00007ffac2e90000 - 0x00007ffac2e9e000 	C:\Users\artem\.jdks\openjdk-17.0.2\bin\instrument.dll
0x00007ffab2c10000 - 0x00007ffab2c35000 	C:\Users\artem\.jdks\openjdk-17.0.2\bin\java.dll
0x00007ffaa9e10000 - 0x00007ffaa9ee6000 	C:\Users\artem\.jdks\openjdk-17.0.2\bin\jsvml.dll
0x00007ffac8450000 - 0x00007ffac8b94000 	C:\Windows\System32\SHELL32.dll
0x00007ffac54b0000 - 0x00007ffac5c44000 	C:\Windows\SYSTEM32\windows.storage.dll
0x00007ffac7e90000 - 0x00007ffac81e4000 	C:\Windows\System32\combase.dll
0x00007ffac6ca0000 - 0x00007ffac6cd0000 	C:\Windows\SYSTEM32\Wldp.dll
0x00007ffac9b60000 - 0x00007ffac9c0d000 	C:\Windows\System32\SHCORE.dll
0x00007ffac7e00000 - 0x00007ffac7e55000 	C:\Windows\System32\shlwapi.dll
0x00007ffac7330000 - 0x00007ffac734f000 	C:\Windows\SYSTEM32\profapi.dll
0x00007ffab5a10000 - 0x00007ffab5a29000 	C:\Users\artem\.jdks\openjdk-17.0.2\bin\net.dll
0x00007ffabd8c0000 - 0x00007ffabd9ca000 	C:\Windows\SYSTEM32\WINHTTP.dll
0x00007ffac6a80000 - 0x00007ffac6aea000 	C:\Windows\system32\mswsock.dll
0x00007ffab55d0000 - 0x00007ffab55e6000 	C:\Users\artem\.jdks\openjdk-17.0.2\bin\nio.dll
0x00007ffab4dc0000 - 0x00007ffab4dd8000 	C:\Users\artem\.jdks\openjdk-17.0.2\bin\zip.dll
0x00007ffab4df0000 - 0x00007ffab4e0a000 	C:\Program Files\JetBrains\IntelliJ IDEA Community Edition 2021.3.2\bin\breakgen64.dll
0x000002104a6c0000 - 0x000002104a6c3000 	C:\Users\artem\.openjfx\cache\19.0.2.1+1\amd64\api-ms-win-core-console-l1-1-0.dll
0x000002104a6d0000 - 0x000002104a6d3000 	C:\Users\artem\.openjfx\cache\19.0.2.1+1\amd64\api-ms-win-core-console-l1-2-0.dll
0x000002104a6e0000 - 0x000002104a6e3000 	C:\Users\artem\.openjfx\cache\19.0.2.1+1\amd64\api-ms-win-core-datetime-l1-1-0.dll
0x000002104a6f0000 - 0x000002104a6f3000 	C:\Users\artem\.openjfx\cache\19.0.2.1+1\amd64\api-ms-win-core-debug-l1-1-0.dll
0x000002104a700000 - 0x000002104a703000 	C:\Users\artem\.openjfx\cache\19.0.2.1+1\amd64\api-ms-win-core-errorhandling-l1-1-0.dll
0x000002104a710000 - 0x000002104a714000 	C:\Users\artem\.openjfx\cache\19.0.2.1+1\amd64\api-ms-win-core-file-l1-1-0.dll
0x000002104a720000 - 0x000002104a723000 	C:\Users\artem\.openjfx\cache\19.0.2.1+1\amd64\api-ms-win-core-file-l1-2-0.dll
0x000002104a730000 - 0x000002104a733000 	C:\Users\artem\.openjfx\cache\19.0.2.1+1\amd64\api-ms-win-core-file-l2-1-0.dll
0x0000021067730000 - 0x0000021067733000 	C:\Users\artem\.openjfx\cache\19.0.2.1+1\amd64\api-ms-win-core-handle-l1-1-0.dll
0x0000021067740000 - 0x0000021067743000 	C:\Users\artem\.openjfx\cache\19.0.2.1+1\amd64\api-ms-win-core-heap-l1-1-0.dll
0x0000021067750000 - 0x0000021067753000 	C:\Users\artem\.openjfx\cache\19.0.2.1+1\amd64\api-ms-win-core-interlocked-l1-1-0.dll
0x0000021067760000 - 0x0000021067763000 	C:\Users\artem\.openjfx\cache\19.0.2.1+1\amd64\api-ms-win-core-libraryloader-l1-1-0.dll
0x0000021067770000 - 0x0000021067773000 	C:\Users\artem\.openjfx\cache\19.0.2.1+1\amd64\api-ms-win-core-localization-l1-2-0.dll
0x0000021067780000 - 0x0000021067783000 	C:\Users\artem\.openjfx\cache\19.0.2.1+1\amd64\api-ms-win-core-memory-l1-1-0.dll
0x0000021067790000 - 0x0000021067793000 	C:\Users\artem\.openjfx\cache\19.0.2.1+1\amd64\api-ms-win-core-namedpipe-l1-1-0.dll
0x00000210677a0000 - 0x00000210677a3000 	C:\Users\artem\.openjfx\cache\19.0.2.1+1\amd64\api-ms-win-core-processenvironment-l1-1-0.dll
0x00000210677b0000 - 0x00000210677b3000 	C:\Users\artem\.openjfx\cache\19.0.2.1+1\amd64\api-ms-win-core-processthreads-l1-1-0.dll
0x00000210677c0000 - 0x00000210677c3000 	C:\Users\artem\.openjfx\cache\19.0.2.1+1\amd64\api-ms-win-core-processthreads-l1-1-1.dll
0x00000210677d0000 - 0x00000210677d3000 	C:\Users\artem\.openjfx\cache\19.0.2.1+1\amd64\api-ms-win-core-profile-l1-1-0.dll
0x00000210677e0000 - 0x00000210677e3000 	C:\Users\artem\.openjfx\cache\19.0.2.1+1\amd64\api-ms-win-core-rtlsupport-l1-1-0.dll
0x00000210677f0000 - 0x00000210677f3000 	C:\Users\artem\.openjfx\cache\19.0.2.1+1\amd64\api-ms-win-core-string-l1-1-0.dll
0x0000021069bd0000 - 0x0000021069bd3000 	C:\Users\artem\.openjfx\cache\19.0.2.1+1\amd64\api-ms-win-core-synch-l1-1-0.dll
0x0000021069be0000 - 0x0000021069be3000 	C:\Users\artem\.openjfx\cache\19.0.2.1+1\amd64\api-ms-win-core-synch-l1-2-0.dll
0x0000021069bf0000 - 0x0000021069bf3000 	C:\Users\artem\.openjfx\cache\19.0.2.1+1\amd64\api-ms-win-core-sysinfo-l1-1-0.dll
0x0000021069c00000 - 0x0000021069c03000 	C:\Users\artem\.openjfx\cache\19.0.2.1+1\amd64\api-ms-win-core-timezone-l1-1-0.dll
0x0000021069c10000 - 0x0000021069c13000 	C:\Users\artem\.openjfx\cache\19.0.2.1+1\amd64\api-ms-win-core-util-l1-1-0.dll
0x0000021069c20000 - 0x0000021069c23000 	C:\Users\artem\.openjfx\cache\19.0.2.1+1\amd64\api-ms-win-crt-conio-l1-1-0.dll
0x0000021069c30000 - 0x0000021069c34000 	C:\Users\artem\.openjfx\cache\19.0.2.1+1\amd64\api-ms-win-crt-convert-l1-1-0.dll
0x0000021069c40000 - 0x0000021069c43000 	C:\Users\artem\.openjfx\cache\19.0.2.1+1\amd64\api-ms-win-crt-environment-l1-1-0.dll
0x0000021069c50000 - 0x0000021069c53000 	C:\Users\artem\.openjfx\cache\19.0.2.1+1\amd64\api-ms-win-crt-filesystem-l1-1-0.dll
0x0000021069c60000 - 0x0000021069c63000 	C:\Users\artem\.openjfx\cache\19.0.2.1+1\amd64\api-ms-win-crt-heap-l1-1-0.dll
0x0000021069c70000 - 0x0000021069c73000 	C:\Users\artem\.openjfx\cache\19.0.2.1+1\amd64\api-ms-win-crt-locale-l1-1-0.dll
0x0000021069c80000 - 0x0000021069c85000 	C:\Users\artem\.openjfx\cache\19.0.2.1+1\amd64\api-ms-win-crt-math-l1-1-0.dll
0x0000021069c90000 - 0x0000021069c95000 	C:\Users\artem\.openjfx\cache\19.0.2.1+1\amd64\api-ms-win-crt-multibyte-l1-1-0.dll
0x0000021069dd0000 - 0x0000021069de0000 	C:\Users\artem\.openjfx\cache\19.0.2.1+1\amd64\api-ms-win-crt-private-l1-1-0.dll
0x0000021069de0000 - 0x0000021069de3000 	C:\Users\artem\.openjfx\cache\19.0.2.1+1\amd64\api-ms-win-crt-process-l1-1-0.dll
0x0000021069df0000 - 0x0000021069df4000 	C:\Users\artem\.openjfx\cache\19.0.2.1+1\amd64\api-ms-win-crt-runtime-l1-1-0.dll
0x0000021069e00000 - 0x0000021069e04000 	C:\Users\artem\.openjfx\cache\19.0.2.1+1\amd64\api-ms-win-crt-stdio-l1-1-0.dll
0x0000021069e10000 - 0x0000021069e14000 	C:\Users\artem\.openjfx\cache\19.0.2.1+1\amd64\api-ms-win-crt-string-l1-1-0.dll
0x0000021069e20000 - 0x0000021069e23000 	C:\Users\artem\.openjfx\cache\19.0.2.1+1\amd64\api-ms-win-crt-time-l1-1-0.dll
0x0000021069e30000 - 0x0000021069e33000 	C:\Users\artem\.openjfx\cache\19.0.2.1+1\amd64\api-ms-win-crt-utility-l1-1-0.dll
0x00007ffaa5a50000 - 0x00007ffaa5b4c000 	C:\Users\artem\.openjfx\cache\19.0.2.1+1\amd64\ucrtbase.dll
0x00007ffab08f0000 - 0x00007ffab090b000 	C:\Users\artem\.openjfx\cache\19.0.2.1+1\amd64\vcruntime140.dll
0x00007ffab0950000 - 0x00007ffab095c000 	C:\Users\artem\.openjfx\cache\19.0.2.1+1\amd64\vcruntime140_1.dll
0x00007ffaae260000 - 0x00007ffaae2ee000 	C:\Users\artem\.openjfx\cache\19.0.2.1+1\amd64\msvcp140.dll
0x00007ffab08e0000 - 0x00007ffab08e9000 	C:\Users\artem\.openjfx\cache\19.0.2.1+1\amd64\msvcp140_1.dll
0x00007ffaadc70000 - 0x00007ffaadca0000 	C:\Users\artem\.openjfx\cache\19.0.2.1+1\amd64\msvcp140_2.dll
0x00007ffaada40000 - 0x00007ffaada6c000 	C:\Users\artem\.openjfx\cache\19.0.2.1+1\amd64\prism_d3d.dll
0x00007ffa7adf0000 - 0x00007ffa7afbf000 	C:\Windows\system32\d3d9.dll
0x00007ffac4fc0000 - 0x00007ffac4fef000 	C:\Windows\SYSTEM32\dwmapi.dll
0x00007ffac4dd0000 - 0x00007ffac4e6e000 	C:\Windows\system32\uxtheme.dll
0x00007ffabd2d0000 - 0x00007ffabd4ab000 	C:\Windows\System32\DriverStore\FileRepository\u0361313.inf_amd64_07132764fbaf152d\B361334\aticfx64.dll
0x00007ffab0910000 - 0x00007ffab0943000 	C:\Windows\System32\DriverStore\FileRepository\u0361313.inf_amd64_07132764fbaf152d\B361334\atiu9p64.dll
0x00007ffa38a50000 - 0x00007ffa396e6000 	C:\Windows\System32\DriverStore\FileRepository\u0361313.inf_amd64_07132764fbaf152d\B361334\atiumd64.dll
0x00007ffac96e0000 - 0x00007ffac980a000 	C:\Windows\System32\ole32.dll
0x0000000076490000 - 0x0000000077309000 	C:\Windows\System32\DriverStore\FileRepository\u0361313.inf_amd64_07132764fbaf152d\B361334\atiumd6a.dll
0x00007ffac7260000 - 0x00007ffac72ab000 	C:\Windows\SYSTEM32\POWRPROF.dll
0x00007ffac7240000 - 0x00007ffac7252000 	C:\Windows\SYSTEM32\UMPDC.dll
0x00007ffabb150000 - 0x00007ffabb17f000 	C:\Windows\SYSTEM32\amdihk64.dll
0x00007ffaad9f0000 - 0x00007ffaada32000 	C:\Users\artem\.openjfx\cache\19.0.2.1+1\amd64\glass.dll
0x00007ffac9960000 - 0x00007ffac9a3a000 	C:\Windows\System32\COMDLG32.dll
0x00007ffac7d30000 - 0x00007ffac7dfd000 	C:\Windows\System32\OLEAUT32.dll
0x00007ffac9a40000 - 0x00007ffac9b55000 	C:\Windows\System32\MSCTF.dll
0x00007ffabe620000 - 0x00007ffabe65b000 	C:\Windows\SYSTEM32\dxcore.dll
0x00007ffac76c0000 - 0x00007ffac770e000 	C:\Windows\System32\cfgmgr32.dll
0x00007ffaae650000 - 0x00007ffaae664000 	C:\Users\artem\.openjfx\cache\19.0.2.1+1\amd64\javafx_font.dll
0x00007ffab8430000 - 0x00007ffab86af000 	C:\Windows\SYSTEM32\dwrite.dll
0x00007ffac9170000 - 0x00007ffac9219000 	C:\Windows\System32\clbcatq.dll
0x00007ffac1bf0000 - 0x00007ffac1da4000 	C:\Windows\SYSTEM32\WindowsCodecs.dll
0x00007ffac7500000 - 0x00007ffac7527000 	C:\Windows\System32\bcrypt.dll
0x00007ffaaac80000 - 0x00007ffaaacbe000 	C:\Windows\system32\dataexchange.dll
0x00007ffac30e0000 - 0x00007ffac3343000 	C:\Windows\system32\d3d11.dll
0x00007ffac4010000 - 0x00007ffac41f4000 	C:\Windows\system32\dcomp.dll
0x00007ffac5cb0000 - 0x00007ffac5da3000 	C:\Windows\system32\dxgi.dll
0x00007ffac1e00000 - 0x00007ffac2000000 	C:\Windows\system32\twinapi.appcore.dll
0x00007ffaae560000 - 0x00007ffaae594000 	C:\Program Files\Common Files\Microsoft Shared\Ink\rtscom.dll
0x00007ffaba0f0000 - 0x00007ffaba1e9000 	C:\Windows\SYSTEM32\textinputframework.dll
0x00007ffac49c0000 - 0x00007ffac4ab2000 	C:\Windows\System32\CoreMessaging.dll
0x00007ffac4580000 - 0x00007ffac48de000 	C:\Windows\System32\CoreUIComponents.dll
0x00007ffac60b0000 - 0x00007ffac60e3000 	C:\Windows\SYSTEM32\ntmarta.dll
0x00007ffac3eb0000 - 0x00007ffac4004000 	C:\Windows\SYSTEM32\wintypes.dll

dbghelp: loaded successfully - version: 4.0.5 - missing functions: none
symbol engine: initialized successfully - sym options: 0x614 - pdb path: .;C:\Users\artem\.jdks\openjdk-17.0.2\bin;C:\Windows\SYSTEM32;C:\Windows\WinSxS\amd64_microsoft.windows.common-controls_6595b64144ccf1df_6.0.19041.1110_none_60b5254171f9507e;C:\Users\artem\.jdks\openjdk-17.0.2\bin\server;C:\Program Files\JetBrains\IntelliJ IDEA Community Edition 2021.3.2\bin;C:\Users\artem\.openjfx\cache\19.0.2.1+1\amd64;C:\Windows\System32\DriverStore\FileRepository\u0361313.inf_amd64_07132764fbaf152d\B361334;C:\Program Files\Common Files\Microsoft Shared\Ink

VM Arguments:
jvm_args: -javaagent:C:\Program Files\JetBrains\IntelliJ IDEA Community Edition 2021.3.2\lib\idea_rt.jar=56927:C:\Program Files\JetBrains\IntelliJ IDEA Community Edition 2021.3.2\bin -Dfile.encoding=UTF-8 --module-path=C:\Users\artem\.m2\repository\org\openjfx\javafx-fxml\19.0.2.1\javafx-fxml-19.0.2.1-win.jar;C:\Users\artem\IdeaProjects\LibraryProject\target\classes;C:\Users\artem\.m2\repository\org\openjfx\javafx-graphics\19.0.2.1\javafx-graphics-19.0.2.1-win.jar;C:\Users\artem\.m2\repository\org\openjfx\javafx-base\19.0.2.1\javafx-base-19.0.2.1-win.jar;C:\Users\artem\.m2\repository\org\openjfx\javafx-controls\19.0.2.1\javafx-controls-19.0.2.1-win.jar -Djdk.module.main=com.example.libraryproject 
java_command: com.example.libraryproject/com.example.libraryproject.HelloApplication
java_class_path (initial): C:\Users\artem\.m2\repository\org\openjfx\javafx-controls\19.0.2.1\javafx-controls-19.0.2.1.jar;C:\Users\artem\.m2\repository\org\openjfx\javafx-graphics\19.0.2.1\javafx-graphics-19.0.2.1.jar;C:\Users\artem\.m2\repository\org\openjfx\javafx-base\19.0.2.1\javafx-base-19.0.2.1.jar;C:\Users\artem\.m2\repository\org\openjfx\javafx-fxml\19.0.2.1\javafx-fxml-19.0.2.1.jar
Launcher Type: SUN_STANDARD

[Global flags]
     intx CICompilerCount                          = 4                                         {product} {ergonomic}
     uint ConcGCThreads                            = 2                                         {product} {ergonomic}
     uint G1ConcRefinementThreads                  = 8                                         {product} {ergonomic}
   size_t G1HeapRegionSize                         = 1048576                                   {product} {ergonomic}
    uintx GCDrainStackTargetSize                   = 64                                        {product} {ergonomic}
   size_t InitialHeapSize                          = 100663296                                 {product} {ergonomic}
   size_t MarkStackSize                            = 4194304                                   {product} {ergonomic}
   size_t MaxHeapSize                              = 1598029824                                {product} {ergonomic}
   size_t MaxNewSize                               = 958398464                                 {product} {ergonomic}
   size_t MinHeapDeltaBytes                        = 1048576                                   {product} {ergonomic}
   size_t MinHeapSize                              = 8388608                                   {product} {ergonomic}
    uintx NonNMethodCodeHeapSize                   = 5839372                                {pd product} {ergonomic}
    uintx NonProfiledCodeHeapSize                  = 122909434                              {pd product} {ergonomic}
    uintx ProfiledCodeHeapSize                     = 122909434                              {pd product} {ergonomic}
    uintx ReservedCodeCacheSize                    = 251658240                              {pd product} {ergonomic}
     bool SegmentedCodeCache                       = true                                      {product} {ergonomic}
   size_t SoftMaxHeapSize                          = 1598029824                             {manageable} {ergonomic}
     bool UseCompressedClassPointers               = true                           {product lp64_product} {ergonomic}
     bool UseCompressedOops                        = true                           {product lp64_product} {ergonomic}
     bool UseG1GC                                  = true                                      {product} {ergonomic}
     bool UseLargePagesIndividualAllocation        = false                                  {pd product} {ergonomic}

Logging:
Log output configuration:
 #0: stdout all=off uptime,level,tags
 #1: stderr all=off uptime,level,tags

Environment Variables:
PATH=C:\Windows\system32;C:\Windows;C:\Windows\System32\Wbem;C:\Windows\System32\WindowsPowerShell\v1.0\;C:\Windows\System32\OpenSSH\;C:\Program Files\Git\cmd;C:\Program Files (x86)\dotnet\;C:\Program Files\Docker\Docker\resources\bin;D:\PostgreSQL\15\bin;C:\Program Files\dotnet\;C:\python;C:\python\Scripts;C:\Users\artem\AppData\Local\Programs\Python\Launcher\;C:\Users\artem\AppData\Local\Microsoft\WindowsApps;C:\Program Files\JetBrains\IntelliJ IDEA Community Edition 2021.3.2\bin;;C:\Users\artem\.jdks\openjdk-17.0.2\bin;
USERNAME=artem
OS=Windows_NT
PROCESSOR_IDENTIFIER=AMD64 Family 23 Model 24 Stepping 1, AuthenticAMD



---------------  S Y S T E M  ---------------

OS:
 Windows 10 , 64 bit Build 19041 (10.0.19041.1889)
OS uptime: 0 days 8:23 hours
Hyper-V role detected

CPU: total 8 (initial active 8) (8 cores per cpu, 2 threads per core) family 23 model 24 stepping 1 microcode 0x0, cx8, cmov, fxsr, ht, mmx, 3dnowpref, sse, sse2, sse3, ssse3, sse4a, sse4.1, sse4.2, popcnt, lzcnt, tsc, tscinvbit, avx, avx2, aes, clmul, bmi1, bmi2, adx, sha, fma, vzeroupper, clflush, clflushopt, hv

Memory: 4k page, system-wide physical 6091M (754M free)
TotalPageFile size 13254M (AvailPageFile size 1731M)
current process WorkingSet (physical memory assigned to process): 130M, peak: 148M
current process commit charge ("private bytes"): 240M, peak: 263M

vm_info: OpenJDK 64-Bit Server VM (17.0.2+8-86) for windows-amd64 JRE (17.0.2+8-86), built on Dec  7 2021 21:49:10 by "mach5one" with MS VC++ 16.8 / 16.9 (VS2019)

END.
